2022-11-29 11:36:59,569	Batch Processor	INFO	Config file loaded and logger created.
2022-11-29 11:36:59,574	Batch Processor	INFO	18 scenarios skipped.
2022-11-29 11:36:59,574	Batch Processor	INFO	ScenarioLoader Mode <DEFAULT>
2022-11-29 11:36:59,575	Batch Processor	INFO	Run on all scenarios, except the skipped scenarios
2022-11-29 11:36:59,575	Batch Processor	INFO	Number of scenarios: 500
2022-11-29 11:36:59,590	Batch Processor	INFO	Automaton loaded for vehicle type: BMW_320i
2022-11-29 11:36:59,590	Batch Processor	INFO	Motion planner: astar
2022-11-29 11:36:59,772	Batch Processor	INFO	Number of parallel processes: 6
2022-11-29 12:56:24,907	Batch Processor	INFO	==============================        Search Results        ==============================
2022-11-29 12:56:24,932	Batch Processor	INFO	[ARG_Carcarana-11_1_T-1        ]	<SUCCESS>	 Time [ms]:	  3852	
2022-11-29 12:56:24,938	Batch Processor	INFO	[ARG_Carcarana-13_1_T-1        ]	<SUCCESS>	 Time [ms]:	  1972	
2022-11-29 12:56:24,959	Batch Processor	INFO	[ARG_Carcarana-2_3_T-1         ]	<SUCCESS>	 Time [ms]:	  3545	
2022-11-29 12:56:24,967	Batch Processor	INFO	[ARG_Carcarana-3_3_T-1         ]	<SUCCESS>	 Time [ms]:	  5889	
2022-11-29 12:56:24,972	Batch Processor	INFO	[ARG_Carcarana-5_2_T-1         ]	<SUCCESS>	 Time [ms]:	  2968	
2022-11-29 12:56:24,975	Batch Processor	INFO	[ARG_Carcarana-7_1_T-1         ]	<SUCCESS>	 Time [ms]:	  3597	
2022-11-29 12:56:24,976	Batch Processor	INFO	[ARG_Carcarana-8_4_T-1         ]	<FAILURE>	 Time [ms]:	  2458
2022-11-29 12:56:24,980	Batch Processor	INFO	[ARG_Carcarana-9_2_T-1         ]	<SUCCESS>	 Time [ms]:	  2935	
2022-11-29 12:56:24,983	Batch Processor	INFO	[BEL_Aarschot-11_1_T-1         ]	<SUCCESS>	 Time [ms]:	   861	
2022-11-29 12:56:24,990	Batch Processor	INFO	[BEL_Aarschot-1_2_T-1          ]	<SUCCESS>	 Time [ms]:	  2961	
2022-11-29 12:56:24,994	Batch Processor	INFO	[BEL_Aarschot-3_1_T-1          ]	<SUCCESS>	 Time [ms]:	   948	
2022-11-29 12:56:25,006	Batch Processor	INFO	[BEL_Aarschot-5_1_T-1          ]	<SUCCESS>	 Time [ms]:	  2077	
2022-11-29 12:56:25,007	Batch Processor	INFO	[BEL_Aarschot-6_1_T-1          ]	<FAILURE>	 Time [ms]:	  2145
2022-11-29 12:56:25,009	Batch Processor	INFO	[BEL_Beringen-1_1_T-1          ]	<SUCCESS>	 Time [ms]:	  2876	
2022-11-29 12:56:25,011	Batch Processor	INFO	[BEL_Beringen-8_1_T-1          ]	<SUCCESS>	 Time [ms]:	   884	
2022-11-29 12:56:25,017	Batch Processor	INFO	[BEL_Nivelles-10_1_T-1         ]	<SUCCESS>	 Time [ms]:	  1552	
2022-11-29 12:56:25,020	Batch Processor	INFO	[BEL_Nivelles-16_2_T-1         ]	<SUCCESS>	 Time [ms]:	   927	
2022-11-29 12:56:25,022	Batch Processor	INFO	[BEL_Nivelles-18_2_T-1         ]	<SUCCESS>	 Time [ms]:	  2209	
2022-11-29 12:56:25,024	Batch Processor	INFO	[BEL_Nivelles-19_1_T-1         ]	<SUCCESS>	 Time [ms]:	  1535	
2022-11-29 12:56:25,027	Batch Processor	INFO	[BEL_Nivelles-1_1_T-1          ]	<SUCCESS>	 Time [ms]:	  1211	
2022-11-29 12:56:25,029	Batch Processor	INFO	[BEL_Nivelles-20_1_T-1         ]	<SUCCESS>	 Time [ms]:	  1994	
2022-11-29 12:56:25,031	Batch Processor	INFO	[BEL_Nivelles-3_1_T-1          ]	<SUCCESS>	 Time [ms]:	  4208	
2022-11-29 12:56:25,033	Batch Processor	INFO	[BEL_Nivelles-4_2_T-1          ]	<SUCCESS>	 Time [ms]:	  2630	
2022-11-29 12:56:25,035	Batch Processor	INFO	[BEL_Nivelles-9_2_T-1          ]	<SUCCESS>	 Time [ms]:	  3201	
2022-11-29 12:56:25,038	Batch Processor	INFO	[BEL_Putte-10_2_T-1            ]	<SUCCESS>	 Time [ms]:	   758	
2022-11-29 12:56:25,039	Batch Processor	INFO	[BEL_Putte-11_2_T-1            ]	<SUCCESS>	 Time [ms]:	   861	
2022-11-29 12:56:25,040	Batch Processor	INFO	[BEL_Putte-14_3_T-1            ]	<FAILURE>	 Time [ms]:	   504
2022-11-29 12:56:25,041	Batch Processor	INFO	[BEL_Putte-17_1_T-1            ]	<FAILURE>	 Time [ms]:	   612
2022-11-29 12:56:25,044	Batch Processor	INFO	[BEL_Putte-2_1_T-1             ]	<SUCCESS>	 Time [ms]:	  1433	
2022-11-29 12:56:25,048	Batch Processor	INFO	[BEL_Putte-3_1_T-1             ]	<SUCCESS>	 Time [ms]:	  1243	
2022-11-29 12:56:25,051	Batch Processor	INFO	[BEL_Putte-4_2_T-1             ]	<SUCCESS>	 Time [ms]:	  2355	
2022-11-29 12:56:25,054	Batch Processor	INFO	[BEL_Putte-6_1_T-1             ]	<SUCCESS>	 Time [ms]:	  1423	
2022-11-29 12:56:25,055	Batch Processor	INFO	[BEL_Wervik-1_4_T-1            ]	<SUCCESS>	 Time [ms]:	  1504	
2022-11-29 12:56:25,057	Batch Processor	INFO	[BEL_Wervik-2_2_T-1            ]	<SUCCESS>	 Time [ms]:	  1539	
2022-11-29 12:56:25,060	Batch Processor	INFO	[BEL_Wervik-4_1_T-1            ]	<SUCCESS>	 Time [ms]:	  1303	
2022-11-29 12:56:25,064	Batch Processor	INFO	[BEL_Zaventem-1_2_T-1          ]	<SUCCESS>	 Time [ms]:	  1937	
2022-11-29 12:56:25,068	Batch Processor	INFO	[BEL_Zaventem-3_1_T-1          ]	<SUCCESS>	 Time [ms]:	  1130	
2022-11-29 12:56:25,069	Batch Processor	INFO	[BEL_Zaventem-4_1_T-1          ]	<SUCCESS>	 Time [ms]:	   643	
2022-11-29 12:56:25,070	Batch Processor	INFO	[BEL_Zaventem-5_3_T-1          ]	<SUCCESS>	 Time [ms]:	  1763	
2022-11-29 12:56:25,071	Batch Processor	INFO	[BEL_Zwevegem-2_3_T-1          ]	<SUCCESS>	 Time [ms]:	  2367	
2022-11-29 12:56:25,073	Batch Processor	INFO	[BEL_Zwevegem-3_1_T-1          ]	<SUCCESS>	 Time [ms]:	  1271	
2022-11-29 12:56:25,076	Batch Processor	INFO	[BEL_Zwevegem-5_2_T-1          ]	<SUCCESS>	 Time [ms]:	  2168	
2022-11-29 12:56:25,077	Batch Processor	INFO	[BEL_Zwevegem-7_2_T-1          ]	<SUCCESS>	 Time [ms]:	  1154	
2022-11-29 12:56:25,079	Batch Processor	INFO	[BEL_Zwevegem-8_1_T-1          ]	<SUCCESS>	 Time [ms]:	  1426	
2022-11-29 12:56:25,081	Batch Processor	INFO	[BEL_Zwevegem-8_4_T-1          ]	<SUCCESS>	 Time [ms]:	  1395	
2022-11-29 12:56:25,084	Batch Processor	INFO	[DEU_Backnang-1_2_T-1          ]	<SUCCESS>	 Time [ms]:	  3975	
2022-11-29 12:56:25,086	Batch Processor	INFO	[DEU_Backnang-4_1_T-1          ]	<SUCCESS>	 Time [ms]:	  2001	
2022-11-29 12:56:25,088	Batch Processor	INFO	[DEU_Backnang-5_1_T-1          ]	<SUCCESS>	 Time [ms]:	  2338	
2022-11-29 12:56:25,089	Batch Processor	INFO	[DEU_Backnang-6_1_T-1          ]	<SUCCESS>	 Time [ms]:	  1850	
2022-11-29 12:56:25,090	Batch Processor	INFO	[DEU_Backnang-9_1_T-1          ]	<SUCCESS>	 Time [ms]:	   753	
2022-11-29 12:56:25,091	Batch Processor	INFO	[DEU_BadEssen-3_1_T-1          ]	<SUCCESS>	 Time [ms]:	  2416	
2022-11-29 12:56:25,092	Batch Processor	INFO	[DEU_BadEssen-4_1_T-1          ]	<SUCCESS>	 Time [ms]:	   612	
2022-11-29 12:56:25,097	Batch Processor	INFO	[DEU_BadWaldsee-1_1_T-1        ]	<SUCCESS>	 Time [ms]:	  2390	
2022-11-29 12:56:25,100	Batch Processor	INFO	[DEU_BadWaldsee-4_2_T-1        ]	<SUCCESS>	 Time [ms]:	  1210	
2022-11-29 12:56:25,102	Batch Processor	INFO	[DEU_BadWaldsee-4_5_T-1        ]	<SUCCESS>	 Time [ms]:	  1191	
2022-11-29 12:56:25,104	Batch Processor	INFO	[DEU_Bilderstoeckchen-2_3_T-1  ]	<SUCCESS>	 Time [ms]:	  1144	
2022-11-29 12:56:25,106	Batch Processor	INFO	[DEU_Bilderstoeckchen-4_1_T-1  ]	<SUCCESS>	 Time [ms]:	  1387	
2022-11-29 12:56:25,108	Batch Processor	INFO	[DEU_Flensburg-10_1_T-1        ]	<TIMEOUT>	 Time [ms]:	 30000
2022-11-29 12:56:25,109	Batch Processor	INFO	[DEU_Flensburg-11_1_T-1        ]	<TIMEOUT>	 Time [ms]:	 30000
2022-11-29 12:56:25,110	Batch Processor	INFO	[DEU_Flensburg-12_1_T-1        ]	<TIMEOUT>	 Time [ms]:	 30000
2022-11-29 12:56:25,115	Batch Processor	INFO	[DEU_Flensburg-13_1_T-1        ]	<SUCCESS>	 Time [ms]:	  9792	
2022-11-29 12:56:25,116	Batch Processor	INFO	[DEU_Flensburg-14_1_T-1        ]	<TIMEOUT>	 Time [ms]:	 30000
2022-11-29 12:56:25,117	Batch Processor	INFO	[DEU_Flensburg-15_1_T-1        ]	<TIMEOUT>	 Time [ms]:	 30000
2022-11-29 12:56:25,118	Batch Processor	INFO	[DEU_Flensburg-16_1_T-1        ]	<TIMEOUT>	 Time [ms]:	 30000
2022-11-29 12:56:25,119	Batch Processor	INFO	[DEU_Flensburg-17_1_T-1        ]	<TIMEOUT>	 Time [ms]:	 30000
2022-11-29 12:56:25,120	Batch Processor	INFO	[DEU_Flensburg-18_1_T-1        ]	<TIMEOUT>	 Time [ms]:	 30000
2022-11-29 12:56:25,120	Batch Processor	INFO	[DEU_Flensburg-19_1_T-1        ]	<TIMEOUT>	 Time [ms]:	 30000
2022-11-29 12:56:25,123	Batch Processor	INFO	[DEU_Flensburg-20_1_T-1        ]	<SUCCESS>	 Time [ms]:	  4888	
2022-11-29 12:56:25,124	Batch Processor	INFO	[DEU_Flensburg-21_1_T-1        ]	<TIMEOUT>	 Time [ms]:	 30000
2022-11-29 12:56:25,125	Batch Processor	INFO	[DEU_Flensburg-22_1_T-1        ]	<TIMEOUT>	 Time [ms]:	 30000
2022-11-29 12:56:25,125	Batch Processor	INFO	[DEU_Flensburg-23_1_T-1        ]	<TIMEOUT>	 Time [ms]:	 30000
2022-11-29 12:56:25,126	Batch Processor	INFO	[DEU_Flensburg-24_1_T-1        ]	<TIMEOUT>	 Time [ms]:	 30000
2022-11-29 12:56:25,129	Batch Processor	INFO	[DEU_Flensburg-25_1_T-1        ]	<SUCCESS>	 Time [ms]:	  5593	
2022-11-29 12:56:25,130	Batch Processor	INFO	[DEU_Flensburg-26_1_T-1        ]	<TIMEOUT>	 Time [ms]:	 30000
2022-11-29 12:56:25,131	Batch Processor	INFO	[DEU_Flensburg-27_1_T-1        ]	<TIMEOUT>	 Time [ms]:	 30000
2022-11-29 12:56:25,135	Batch Processor	INFO	[DEU_Flensburg-28_1_T-1        ]	<SUCCESS>	 Time [ms]:	  2735	
2022-11-29 12:56:25,136	Batch Processor	INFO	[DEU_Flensburg-29_1_T-1        ]	<TIMEOUT>	 Time [ms]:	 30000
2022-11-29 12:56:25,137	Batch Processor	INFO	[DEU_Flensburg-2_1_T-1         ]	<TIMEOUT>	 Time [ms]:	 30000
2022-11-29 12:56:25,137	Batch Processor	INFO	[DEU_Flensburg-30_1_T-1        ]	<TIMEOUT>	 Time [ms]:	 30000
2022-11-29 12:56:25,138	Batch Processor	INFO	[DEU_Flensburg-31_1_T-1        ]	<TIMEOUT>	 Time [ms]:	 30000
2022-11-29 12:56:25,138	Batch Processor	INFO	[DEU_Flensburg-32_1_T-1        ]	<TIMEOUT>	 Time [ms]:	 30000
2022-11-29 12:56:25,139	Batch Processor	INFO	[DEU_Flensburg-33_1_T-1        ]	<TIMEOUT>	 Time [ms]:	 30000
2022-11-29 12:56:25,140	Batch Processor	INFO	[DEU_Flensburg-34_1_T-1        ]	<TIMEOUT>	 Time [ms]:	 30000
2022-11-29 12:56:25,140	Batch Processor	INFO	[DEU_Flensburg-35_1_T-1        ]	<TIMEOUT>	 Time [ms]:	 30000
2022-11-29 12:56:25,141	Batch Processor	INFO	[DEU_Flensburg-36_1_T-1        ]	<TIMEOUT>	 Time [ms]:	 30000
2022-11-29 12:56:25,143	Batch Processor	INFO	[DEU_Flensburg-37_1_T-1        ]	<TIMEOUT>	 Time [ms]:	 30000
2022-11-29 12:56:25,144	Batch Processor	INFO	[DEU_Flensburg-38_1_T-1        ]	<TIMEOUT>	 Time [ms]:	 30000
2022-11-29 12:56:25,156	Batch Processor	INFO	[DEU_Flensburg-39_1_T-1        ]	<SUCCESS>	 Time [ms]:	 10256	
2022-11-29 12:56:25,158	Batch Processor	INFO	[DEU_Flensburg-40_1_T-1        ]	<TIMEOUT>	 Time [ms]:	 30000
2022-11-29 12:56:25,159	Batch Processor	INFO	[DEU_Flensburg-41_1_T-1        ]	<TIMEOUT>	 Time [ms]:	 30000
2022-11-29 12:56:25,160	Batch Processor	INFO	[DEU_Flensburg-42_1_T-1        ]	<TIMEOUT>	 Time [ms]:	 30000
2022-11-29 12:56:25,161	Batch Processor	INFO	[DEU_Flensburg-43_1_T-1        ]	<TIMEOUT>	 Time [ms]:	 30000
2022-11-29 12:56:25,162	Batch Processor	INFO	[DEU_Flensburg-44_1_T-1        ]	<TIMEOUT>	 Time [ms]:	 30000
2022-11-29 12:56:25,163	Batch Processor	INFO	[DEU_Flensburg-45_1_T-1        ]	<TIMEOUT>	 Time [ms]:	 30000
2022-11-29 12:56:25,164	Batch Processor	INFO	[DEU_Flensburg-46_1_T-1        ]	<TIMEOUT>	 Time [ms]:	 30000
2022-11-29 12:56:25,164	Batch Processor	INFO	[DEU_Flensburg-47_1_T-1        ]	<TIMEOUT>	 Time [ms]:	 30000
2022-11-29 12:56:25,165	Batch Processor	INFO	[DEU_Flensburg-48_1_T-1        ]	<TIMEOUT>	 Time [ms]:	 30000
2022-11-29 12:56:25,166	Batch Processor	INFO	[DEU_Flensburg-49_1_T-1        ]	<TIMEOUT>	 Time [ms]:	 30000
2022-11-29 12:56:25,166	Batch Processor	INFO	[DEU_Flensburg-50_1_T-1        ]	<TIMEOUT>	 Time [ms]:	 30000
2022-11-29 12:56:25,167	Batch Processor	INFO	[DEU_Flensburg-51_1_T-1        ]	<TIMEOUT>	 Time [ms]:	 30000
2022-11-29 12:56:25,167	Batch Processor	INFO	[DEU_Flensburg-52_1_T-1        ]	<TIMEOUT>	 Time [ms]:	 30000
2022-11-29 12:56:25,172	Batch Processor	INFO	[DEU_Flensburg-53_1_T-1        ]	<SUCCESS>	 Time [ms]:	  5895	
2022-11-29 12:56:25,172	Batch Processor	INFO	[DEU_Flensburg-54_1_T-1        ]	<TIMEOUT>	 Time [ms]:	 30000
2022-11-29 12:56:25,173	Batch Processor	INFO	[DEU_Flensburg-55_1_T-1        ]	<TIMEOUT>	 Time [ms]:	 30000
2022-11-29 12:56:25,173	Batch Processor	INFO	[DEU_Flensburg-56_1_T-1        ]	<TIMEOUT>	 Time [ms]:	 30000
2022-11-29 12:56:25,174	Batch Processor	INFO	[DEU_Flensburg-57_1_T-1        ]	<TIMEOUT>	 Time [ms]:	 30000
2022-11-29 12:56:25,174	Batch Processor	INFO	[DEU_Flensburg-58_1_T-1        ]	<TIMEOUT>	 Time [ms]:	 30000
2022-11-29 12:56:25,175	Batch Processor	INFO	[DEU_Flensburg-59_1_T-1        ]	<TIMEOUT>	 Time [ms]:	 30000
2022-11-29 12:56:25,176	Batch Processor	INFO	[DEU_Flensburg-60_1_T-1        ]	<TIMEOUT>	 Time [ms]:	 30000
2022-11-29 12:56:25,176	Batch Processor	INFO	[DEU_Flensburg-61_1_T-1        ]	<TIMEOUT>	 Time [ms]:	 30000
2022-11-29 12:56:25,176	Batch Processor	INFO	[DEU_Flensburg-62_1_T-1        ]	<TIMEOUT>	 Time [ms]:	 30000
2022-11-29 12:56:25,177	Batch Processor	INFO	[DEU_Flensburg-63_1_T-1        ]	<TIMEOUT>	 Time [ms]:	 30000
2022-11-29 12:56:25,177	Batch Processor	INFO	[DEU_Flensburg-64_1_T-1        ]	<FAILURE>	 Time [ms]:	   716
2022-11-29 12:56:25,178	Batch Processor	INFO	[DEU_Flensburg-65_1_T-1        ]	<TIMEOUT>	 Time [ms]:	 30000
2022-11-29 12:56:25,178	Batch Processor	INFO	[DEU_Flensburg-66_1_T-1        ]	<TIMEOUT>	 Time [ms]:	 30000
2022-11-29 12:56:25,179	Batch Processor	INFO	[DEU_Flensburg-67_1_T-1        ]	<TIMEOUT>	 Time [ms]:	 30000
2022-11-29 12:56:25,184	Batch Processor	INFO	[DEU_Flensburg-68_1_T-1        ]	<SUCCESS>	 Time [ms]:	  6740	
2022-11-29 12:56:25,185	Batch Processor	INFO	[DEU_Flensburg-69_1_T-1        ]	<TIMEOUT>	 Time [ms]:	 30000
2022-11-29 12:56:25,189	Batch Processor	INFO	[DEU_Flensburg-70_1_T-1        ]	<SUCCESS>	 Time [ms]:	  4198	
2022-11-29 12:56:25,195	Batch Processor	INFO	[DEU_Flensburg-71_1_T-1        ]	<SUCCESS>	 Time [ms]:	  2607	
2022-11-29 12:56:25,198	Batch Processor	INFO	[DEU_Flensburg-72_1_T-1        ]	<SUCCESS>	 Time [ms]:	  3252	
2022-11-29 12:56:25,203	Batch Processor	INFO	[DEU_Flensburg-73_1_T-1        ]	<SUCCESS>	 Time [ms]:	 16578	
2022-11-29 12:56:25,205	Batch Processor	INFO	[DEU_Flensburg-74_1_T-1        ]	<TIMEOUT>	 Time [ms]:	 30000
2022-11-29 12:56:25,206	Batch Processor	INFO	[DEU_Flensburg-75_1_T-1        ]	<TIMEOUT>	 Time [ms]:	 30000
2022-11-29 12:56:25,207	Batch Processor	INFO	[DEU_Flensburg-76_1_T-1        ]	<TIMEOUT>	 Time [ms]:	 30000
2022-11-29 12:56:25,208	Batch Processor	INFO	[DEU_Flensburg-77_1_T-1        ]	<TIMEOUT>	 Time [ms]:	 30000
2022-11-29 12:56:25,210	Batch Processor	INFO	[DEU_Flensburg-78_1_T-1        ]	<TIMEOUT>	 Time [ms]:	 30000
2022-11-29 12:56:25,210	Batch Processor	INFO	[DEU_Flensburg-79_1_T-1        ]	<TIMEOUT>	 Time [ms]:	 30000
2022-11-29 12:56:25,211	Batch Processor	INFO	[DEU_Flensburg-80_1_T-1        ]	<TIMEOUT>	 Time [ms]:	 30000
2022-11-29 12:56:25,211	Batch Processor	INFO	[DEU_Flensburg-81_1_T-1        ]	<TIMEOUT>	 Time [ms]:	 30000
2022-11-29 12:56:25,215	Batch Processor	INFO	[DEU_Flensburg-82_1_T-1        ]	<SUCCESS>	 Time [ms]:	  4491	
2022-11-29 12:56:25,216	Batch Processor	INFO	[DEU_Flensburg-83_1_T-1        ]	<TIMEOUT>	 Time [ms]:	 30000
2022-11-29 12:56:25,216	Batch Processor	INFO	[DEU_Flensburg-84_1_T-1        ]	<TIMEOUT>	 Time [ms]:	 30000
2022-11-29 12:56:25,216	Batch Processor	INFO	[DEU_Flensburg-85_1_T-1        ]	<TIMEOUT>	 Time [ms]:	 30000
2022-11-29 12:56:25,217	Batch Processor	INFO	[DEU_Flensburg-86_1_T-1        ]	<TIMEOUT>	 Time [ms]:	 30000
2022-11-29 12:56:25,218	Batch Processor	INFO	[DEU_Flensburg-87_1_T-1        ]	<TIMEOUT>	 Time [ms]:	 30000
2022-11-29 12:56:25,218	Batch Processor	INFO	[DEU_Flensburg-88_1_T-1        ]	<TIMEOUT>	 Time [ms]:	 30000
2022-11-29 12:56:25,219	Batch Processor	INFO	[DEU_Flensburg-89_1_T-1        ]	<TIMEOUT>	 Time [ms]:	 30000
2022-11-29 12:56:25,219	Batch Processor	INFO	[DEU_Flensburg-90_1_T-1        ]	<TIMEOUT>	 Time [ms]:	 30000
2022-11-29 12:56:25,220	Batch Processor	INFO	[DEU_Flensburg-91_1_T-1        ]	<TIMEOUT>	 Time [ms]:	 30000
2022-11-29 12:56:25,220	Batch Processor	INFO	[DEU_Flensburg-92_1_T-1        ]	<TIMEOUT>	 Time [ms]:	 30000
2022-11-29 12:56:25,221	Batch Processor	INFO	[DEU_Flensburg-93_1_T-1        ]	<TIMEOUT>	 Time [ms]:	 30000
2022-11-29 12:56:25,221	Batch Processor	INFO	[DEU_Flensburg-94_1_T-1        ]	<TIMEOUT>	 Time [ms]:	 30000
2022-11-29 12:56:25,221	Batch Processor	INFO	[DEU_Flensburg-95_1_T-1        ]	<TIMEOUT>	 Time [ms]:	 30000
2022-11-29 12:56:25,222	Batch Processor	INFO	[DEU_Flensburg-96_1_T-1        ]	<TIMEOUT>	 Time [ms]:	 30000
2022-11-29 12:56:25,223	Batch Processor	INFO	[DEU_Flensburg-97_1_T-1        ]	<TIMEOUT>	 Time [ms]:	 30000
2022-11-29 12:56:25,223	Batch Processor	INFO	[DEU_Flensburg-98_1_T-1        ]	<TIMEOUT>	 Time [ms]:	 30000
2022-11-29 12:56:25,229	Batch Processor	INFO	[DEU_Flensburg-99_1_T-1        ]	<SUCCESS>	 Time [ms]:	  6842	
2022-11-29 12:56:25,229	Batch Processor	INFO	[DEU_Guetersloh-10_4_T-1       ]	<FAILURE>	 Time [ms]:	  1259
2022-11-29 12:56:25,230	Batch Processor	INFO	[DEU_Guetersloh-10_5_T-1       ]	<SUCCESS>	 Time [ms]:	  1458	
2022-11-29 12:56:25,231	Batch Processor	INFO	[DEU_Guetersloh-11_3_T-1       ]	<SUCCESS>	 Time [ms]:	  1262	
2022-11-29 12:56:25,234	Batch Processor	INFO	[DEU_Guetersloh-12_1_T-1       ]	<SUCCESS>	 Time [ms]:	   742	
2022-11-29 12:56:25,236	Batch Processor	INFO	[DEU_Guetersloh-14_2_T-1       ]	<SUCCESS>	 Time [ms]:	   752	
2022-11-29 12:56:25,239	Batch Processor	INFO	[DEU_Guetersloh-15_2_T-1       ]	<SUCCESS>	 Time [ms]:	  2131	
2022-11-29 12:56:25,240	Batch Processor	INFO	[DEU_Guetersloh-16_2_T-1       ]	<SUCCESS>	 Time [ms]:	  1309	
2022-11-29 12:56:25,241	Batch Processor	INFO	[DEU_Guetersloh-16_5_T-1       ]	<SUCCESS>	 Time [ms]:	  1318	
2022-11-29 12:56:25,243	Batch Processor	INFO	[DEU_Guetersloh-17_2_T-1       ]	<SUCCESS>	 Time [ms]:	  1171	
2022-11-29 12:56:25,246	Batch Processor	INFO	[DEU_Guetersloh-18_1_T-1       ]	<SUCCESS>	 Time [ms]:	  1419	
2022-11-29 12:56:25,248	Batch Processor	INFO	[DEU_Guetersloh-19_1_T-1       ]	<SUCCESS>	 Time [ms]:	  1209	
2022-11-29 12:56:25,250	Batch Processor	INFO	[DEU_Guetersloh-20_1_T-1       ]	<SUCCESS>	 Time [ms]:	   812	
2022-11-29 12:56:25,252	Batch Processor	INFO	[DEU_Guetersloh-20_3_T-1       ]	<SUCCESS>	 Time [ms]:	   629	
2022-11-29 12:56:25,254	Batch Processor	INFO	[DEU_Guetersloh-21_1_T-1       ]	<SUCCESS>	 Time [ms]:	  3570	
2022-11-29 12:56:25,256	Batch Processor	INFO	[DEU_Guetersloh-24_1_T-1       ]	<SUCCESS>	 Time [ms]:	   923	
2022-11-29 12:56:25,258	Batch Processor	INFO	[DEU_Guetersloh-24_2_T-1       ]	<SUCCESS>	 Time [ms]:	  1066	
2022-11-29 12:56:25,260	Batch Processor	INFO	[DEU_Guetersloh-24_3_T-1       ]	<SUCCESS>	 Time [ms]:	  1004	
2022-11-29 12:56:25,261	Batch Processor	INFO	[DEU_Guetersloh-25_2_T-1       ]	<SUCCESS>	 Time [ms]:	  1129	
2022-11-29 12:56:25,263	Batch Processor	INFO	[DEU_Guetersloh-25_4_T-1       ]	<SUCCESS>	 Time [ms]:	  1533	
2022-11-29 12:56:25,264	Batch Processor	INFO	[DEU_Guetersloh-27_1_T-1       ]	<SUCCESS>	 Time [ms]:	   881	
2022-11-29 12:56:25,265	Batch Processor	INFO	[DEU_Guetersloh-30_1_T-1       ]	<SUCCESS>	 Time [ms]:	   992	
2022-11-29 12:56:25,266	Batch Processor	INFO	[DEU_Guetersloh-31_4_T-1       ]	<SUCCESS>	 Time [ms]:	   791	
2022-11-29 12:56:25,267	Batch Processor	INFO	[DEU_Guetersloh-32_3_T-1       ]	<SUCCESS>	 Time [ms]:	  1056	
2022-11-29 12:56:25,268	Batch Processor	INFO	[DEU_Guetersloh-33_1_T-1       ]	<SUCCESS>	 Time [ms]:	  1116	
2022-11-29 12:56:25,269	Batch Processor	INFO	[DEU_Guetersloh-34_2_T-1       ]	<SUCCESS>	 Time [ms]:	   774	
2022-11-29 12:56:25,270	Batch Processor	INFO	[DEU_Guetersloh-36_1_T-1       ]	<SUCCESS>	 Time [ms]:	   894	
2022-11-29 12:56:25,271	Batch Processor	INFO	[DEU_Guetersloh-39_3_T-1       ]	<SUCCESS>	 Time [ms]:	   721	
2022-11-29 12:56:25,272	Batch Processor	INFO	[DEU_Guetersloh-39_5_T-1       ]	<SUCCESS>	 Time [ms]:	   806	
2022-11-29 12:56:25,272	Batch Processor	INFO	[DEU_Guetersloh-40_4_T-1       ]	<SUCCESS>	 Time [ms]:	   778	
2022-11-29 12:56:25,274	Batch Processor	INFO	[DEU_Guetersloh-40_5_T-1       ]	<SUCCESS>	 Time [ms]:	   767	
2022-11-29 12:56:25,275	Batch Processor	INFO	[DEU_Guetersloh-41_1_T-1       ]	<SUCCESS>	 Time [ms]:	  1112	
2022-11-29 12:56:25,276	Batch Processor	INFO	[DEU_Guetersloh-42_1_T-1       ]	<SUCCESS>	 Time [ms]:	  1309	
2022-11-29 12:56:25,277	Batch Processor	INFO	[DEU_Guetersloh-4_5_T-1        ]	<SUCCESS>	 Time [ms]:	  1629	
2022-11-29 12:56:25,278	Batch Processor	INFO	[DEU_Guetersloh-50_1_T-1       ]	<SUCCESS>	 Time [ms]:	   679	
2022-11-29 12:56:25,279	Batch Processor	INFO	[DEU_Guetersloh-54_1_T-1       ]	<SUCCESS>	 Time [ms]:	   753	
2022-11-29 12:56:25,280	Batch Processor	INFO	[DEU_Guetersloh-55_1_T-1       ]	<SUCCESS>	 Time [ms]:	   714	
2022-11-29 12:56:25,280	Batch Processor	INFO	[DEU_Guetersloh-55_3_T-1       ]	<SUCCESS>	 Time [ms]:	   710	
2022-11-29 12:56:25,281	Batch Processor	INFO	[DEU_Guetersloh-65_2_T-1       ]	<SUCCESS>	 Time [ms]:	   483	
2022-11-29 12:56:25,282	Batch Processor	INFO	[DEU_Guetersloh-6_3_T-1        ]	<SUCCESS>	 Time [ms]:	   781	
2022-11-29 12:56:25,283	Batch Processor	INFO	[DEU_Guetersloh-7_2_T-1        ]	<SUCCESS>	 Time [ms]:	  1468	
2022-11-29 12:56:25,284	Batch Processor	INFO	[DEU_Guetersloh-8_1_T-1        ]	<SUCCESS>	 Time [ms]:	   649	
2022-11-29 12:56:25,285	Batch Processor	INFO	[DEU_Hennigsdorf-11_1_T-1      ]	<SUCCESS>	 Time [ms]:	   927	
2022-11-29 12:56:25,286	Batch Processor	INFO	[DEU_Hennigsdorf-12_1_T-1      ]	<SUCCESS>	 Time [ms]:	   658	
2022-11-29 12:56:25,286	Batch Processor	INFO	[DEU_Hennigsdorf-13_2_T-1      ]	<SUCCESS>	 Time [ms]:	   933	
2022-11-29 12:56:25,287	Batch Processor	INFO	[DEU_Hennigsdorf-14_3_T-1      ]	<SUCCESS>	 Time [ms]:	   858	
2022-11-29 12:56:25,288	Batch Processor	INFO	[DEU_Hennigsdorf-15_3_T-1      ]	<SUCCESS>	 Time [ms]:	  2476	
2022-11-29 12:56:25,289	Batch Processor	INFO	[DEU_Hennigsdorf-18_2_T-1      ]	<SUCCESS>	 Time [ms]:	  1028	
2022-11-29 12:56:25,290	Batch Processor	INFO	[DEU_Hennigsdorf-3_2_T-1       ]	<SUCCESS>	 Time [ms]:	  1096	
2022-11-29 12:56:25,290	Batch Processor	INFO	[DEU_Hennigsdorf-3_5_T-1       ]	<SUCCESS>	 Time [ms]:	   730	
2022-11-29 12:56:25,293	Batch Processor	INFO	[DEU_Hennigsdorf-5_1_T-1       ]	<SUCCESS>	 Time [ms]:	   786	
2022-11-29 12:56:25,295	Batch Processor	INFO	[DEU_Hennigsdorf-5_4_T-1       ]	<SUCCESS>	 Time [ms]:	  1608	
2022-11-29 12:56:25,298	Batch Processor	INFO	[DEU_Hennigsdorf-7_3_T-1       ]	<SUCCESS>	 Time [ms]:	  1221	
2022-11-29 12:56:25,300	Batch Processor	INFO	[DEU_Hennigsdorf-9_2_T-1       ]	<SUCCESS>	 Time [ms]:	  4002	
2022-11-29 12:56:25,301	Batch Processor	INFO	[DEU_Ibbenbueren-10_2_T-1      ]	<SUCCESS>	 Time [ms]:	  1255	
2022-11-29 12:56:25,303	Batch Processor	INFO	[DEU_Ibbenbueren-11_2_T-1      ]	<SUCCESS>	 Time [ms]:	  1089	
2022-11-29 12:56:25,306	Batch Processor	INFO	[DEU_Ibbenbueren-12_1_T-1      ]	<SUCCESS>	 Time [ms]:	  2292	
2022-11-29 12:56:25,307	Batch Processor	INFO	[DEU_Ibbenbueren-13_3_T-1      ]	<SUCCESS>	 Time [ms]:	   967	
2022-11-29 12:56:25,309	Batch Processor	INFO	[DEU_Ibbenbueren-14_1_T-1      ]	<SUCCESS>	 Time [ms]:	   613	
2022-11-29 12:56:25,311	Batch Processor	INFO	[DEU_Ibbenbueren-15_4_T-1      ]	<SUCCESS>	 Time [ms]:	  1328	
2022-11-29 12:56:25,312	Batch Processor	INFO	[DEU_Ibbenbueren-16_3_T-1      ]	<SUCCESS>	 Time [ms]:	  1368	
2022-11-29 12:56:25,313	Batch Processor	INFO	[DEU_Ibbenbueren-16_5_T-1      ]	<SUCCESS>	 Time [ms]:	  1149	
2022-11-29 12:56:25,314	Batch Processor	INFO	[DEU_Ibbenbueren-2_2_T-1       ]	<SUCCESS>	 Time [ms]:	   965	
2022-11-29 12:56:25,315	Batch Processor	INFO	[DEU_Ibbenbueren-3_3_T-1       ]	<SUCCESS>	 Time [ms]:	   773	
2022-11-29 12:56:25,316	Batch Processor	INFO	[DEU_Ibbenbueren-4_2_T-1       ]	<SUCCESS>	 Time [ms]:	  1687	
2022-11-29 12:56:25,317	Batch Processor	INFO	[DEU_Ibbenbueren-6_3_T-1       ]	<SUCCESS>	 Time [ms]:	  1112	
2022-11-29 12:56:25,319	Batch Processor	INFO	[DEU_Ibbenbueren-6_4_T-1       ]	<SUCCESS>	 Time [ms]:	   844	
2022-11-29 12:56:25,320	Batch Processor	INFO	[DEU_Ibbenbueren-7_1_T-1       ]	<SUCCESS>	 Time [ms]:	  1322	
2022-11-29 12:56:25,321	Batch Processor	INFO	[DEU_Ibbenbueren-9_1_T-1       ]	<SUCCESS>	 Time [ms]:	   853	
2022-11-29 12:56:25,322	Batch Processor	INFO	[DEU_Lohmar-10_1_T-1           ]	<TIMEOUT>	 Time [ms]:	 30000
2022-11-29 12:56:25,322	Batch Processor	INFO	[DEU_Lohmar-11_1_T-1           ]	<TIMEOUT>	 Time [ms]:	 30000
2022-11-29 12:56:25,323	Batch Processor	INFO	[DEU_Lohmar-12_1_T-1           ]	<TIMEOUT>	 Time [ms]:	 30000
2022-11-29 12:56:25,323	Batch Processor	INFO	[DEU_Lohmar-13_1_T-1           ]	<TIMEOUT>	 Time [ms]:	 30000
2022-11-29 12:56:25,326	Batch Processor	INFO	[DEU_Lohmar-14_1_T-1           ]	<SUCCESS>	 Time [ms]:	  4070	
2022-11-29 12:56:25,327	Batch Processor	INFO	[DEU_Lohmar-15_1_T-1           ]	<TIMEOUT>	 Time [ms]:	 30000
2022-11-29 12:56:25,327	Batch Processor	INFO	[DEU_Lohmar-16_1_T-1           ]	<TIMEOUT>	 Time [ms]:	 30000
2022-11-29 12:56:25,328	Batch Processor	INFO	[DEU_Lohmar-17_1_T-1           ]	<TIMEOUT>	 Time [ms]:	 30000
2022-11-29 12:56:25,328	Batch Processor	INFO	[DEU_Lohmar-18_1_T-1           ]	<TIMEOUT>	 Time [ms]:	 30000
2022-11-29 12:56:25,328	Batch Processor	INFO	[DEU_Lohmar-19_1_T-1           ]	<FAILURE>	 Time [ms]:	  1831
2022-11-29 12:56:25,329	Batch Processor	INFO	[DEU_Lohmar-20_1_T-1           ]	<TIMEOUT>	 Time [ms]:	 30000
2022-11-29 12:56:25,329	Batch Processor	INFO	[DEU_Lohmar-21_1_T-1           ]	<TIMEOUT>	 Time [ms]:	 30000
2022-11-29 12:56:25,329	Batch Processor	INFO	[DEU_Lohmar-22_1_T-1           ]	<TIMEOUT>	 Time [ms]:	 30000
2022-11-29 12:56:25,333	Batch Processor	INFO	[DEU_Lohmar-23_1_T-1           ]	<SUCCESS>	 Time [ms]:	  6508	
2022-11-29 12:56:25,336	Batch Processor	INFO	[DEU_Lohmar-24_1_T-1           ]	<SUCCESS>	 Time [ms]:	 12440	
2022-11-29 12:56:25,336	Batch Processor	INFO	[DEU_Lohmar-25_1_T-1           ]	<TIMEOUT>	 Time [ms]:	 30000
2022-11-29 12:56:25,337	Batch Processor	INFO	[DEU_Lohmar-26_1_T-1           ]	<TIMEOUT>	 Time [ms]:	 30000
2022-11-29 12:56:25,337	Batch Processor	INFO	[DEU_Lohmar-27_1_T-1           ]	<TIMEOUT>	 Time [ms]:	 30000
2022-11-29 12:56:25,338	Batch Processor	INFO	[DEU_Lohmar-28_1_T-1           ]	<FAILURE>	 Time [ms]:	  7073
2022-11-29 12:56:25,339	Batch Processor	INFO	[DEU_Lohmar-29_1_T-1           ]	<TIMEOUT>	 Time [ms]:	 30000
2022-11-29 12:56:25,339	Batch Processor	INFO	[DEU_Lohmar-30_1_T-1           ]	<TIMEOUT>	 Time [ms]:	 30000
2022-11-29 12:56:25,340	Batch Processor	INFO	[DEU_Lohmar-31_1_T-1           ]	<TIMEOUT>	 Time [ms]:	 30000
2022-11-29 12:56:25,340	Batch Processor	INFO	[DEU_Lohmar-32_1_T-1           ]	<TIMEOUT>	 Time [ms]:	 30000
2022-11-29 12:56:25,342	Batch Processor	INFO	[DEU_Lohmar-33_1_T-1           ]	<TIMEOUT>	 Time [ms]:	 30000
2022-11-29 12:56:25,347	Batch Processor	INFO	[DEU_Lohmar-34_1_T-1           ]	<SUCCESS>	 Time [ms]:	 24646	
2022-11-29 12:56:25,348	Batch Processor	INFO	[DEU_Lohmar-35_1_T-1           ]	<TIMEOUT>	 Time [ms]:	 30000
2022-11-29 12:56:25,349	Batch Processor	INFO	[DEU_Lohmar-36_1_T-1           ]	<TIMEOUT>	 Time [ms]:	 30000
2022-11-29 12:56:25,351	Batch Processor	INFO	[DEU_Lohmar-37_1_T-1           ]	<TIMEOUT>	 Time [ms]:	 30000
2022-11-29 12:56:25,352	Batch Processor	INFO	[DEU_Lohmar-38_1_T-1           ]	<TIMEOUT>	 Time [ms]:	 30000
2022-11-29 12:56:25,353	Batch Processor	INFO	[DEU_Lohmar-39_1_T-1           ]	<TIMEOUT>	 Time [ms]:	 30000
2022-11-29 12:56:25,355	Batch Processor	INFO	[DEU_Lohmar-40_1_T-1           ]	<TIMEOUT>	 Time [ms]:	 30000
2022-11-29 12:56:25,356	Batch Processor	INFO	[DEU_Lohmar-41_1_T-1           ]	<TIMEOUT>	 Time [ms]:	 30000
2022-11-29 12:56:25,357	Batch Processor	INFO	[DEU_Lohmar-42_1_T-1           ]	<TIMEOUT>	 Time [ms]:	 30000
2022-11-29 12:56:25,359	Batch Processor	INFO	[DEU_Lohmar-43_1_T-1           ]	<TIMEOUT>	 Time [ms]:	 30000
2022-11-29 12:56:25,360	Batch Processor	INFO	[DEU_Lohmar-44_1_T-1           ]	<TIMEOUT>	 Time [ms]:	 30000
2022-11-29 12:56:25,360	Batch Processor	INFO	[DEU_Lohmar-45_1_T-1           ]	<TIMEOUT>	 Time [ms]:	 30000
2022-11-29 12:56:25,362	Batch Processor	INFO	[DEU_Lohmar-46_1_T-1           ]	<SUCCESS>	 Time [ms]:	 16798	
2022-11-29 12:56:25,363	Batch Processor	INFO	[DEU_Lohmar-47_1_T-1           ]	<TIMEOUT>	 Time [ms]:	 30000
2022-11-29 12:56:25,364	Batch Processor	INFO	[DEU_Lohmar-48_1_T-1           ]	<TIMEOUT>	 Time [ms]:	 30000
2022-11-29 12:56:25,364	Batch Processor	INFO	[DEU_Lohmar-49_1_T-1           ]	<TIMEOUT>	 Time [ms]:	 30000
2022-11-29 12:56:25,366	Batch Processor	INFO	[DEU_Lohmar-50_1_T-1           ]	<SUCCESS>	 Time [ms]:	  2053	
2022-11-29 12:56:25,367	Batch Processor	INFO	[DEU_Lohmar-51_1_T-1           ]	<TIMEOUT>	 Time [ms]:	 30000
2022-11-29 12:56:25,369	Batch Processor	INFO	[DEU_Lohmar-52_1_T-1           ]	<SUCCESS>	 Time [ms]:	 19528	
2022-11-29 12:56:25,370	Batch Processor	INFO	[DEU_Lohmar-53_1_T-1           ]	<TIMEOUT>	 Time [ms]:	 30000
2022-11-29 12:56:25,370	Batch Processor	INFO	[DEU_Lohmar-54_1_T-1           ]	<TIMEOUT>	 Time [ms]:	 30000
2022-11-29 12:56:25,370	Batch Processor	INFO	[DEU_Lohmar-55_1_T-1           ]	<TIMEOUT>	 Time [ms]:	 30000
2022-11-29 12:56:25,371	Batch Processor	INFO	[DEU_Lohmar-56_1_T-1           ]	<TIMEOUT>	 Time [ms]:	 30000
2022-11-29 12:56:25,371	Batch Processor	INFO	[DEU_Lohmar-57_1_T-1           ]	<TIMEOUT>	 Time [ms]:	 30000
2022-11-29 12:56:25,371	Batch Processor	INFO	[DEU_Lohmar-58_1_T-1           ]	<TIMEOUT>	 Time [ms]:	 30000
2022-11-29 12:56:25,372	Batch Processor	INFO	[DEU_Lohmar-59_1_T-1           ]	<TIMEOUT>	 Time [ms]:	 30000
2022-11-29 12:56:25,372	Batch Processor	INFO	[DEU_Lohmar-60_1_T-1           ]	<TIMEOUT>	 Time [ms]:	 30000
2022-11-29 12:56:25,372	Batch Processor	INFO	[DEU_Lohmar-61_1_T-1           ]	<TIMEOUT>	 Time [ms]:	 30000
2022-11-29 12:56:25,373	Batch Processor	INFO	[DEU_Lohmar-62_1_T-1           ]	<TIMEOUT>	 Time [ms]:	 30000
2022-11-29 12:56:25,375	Batch Processor	INFO	[DEU_Lohmar-63_1_T-1           ]	<SUCCESS>	 Time [ms]:	 22897	
2022-11-29 12:56:25,376	Batch Processor	INFO	[DEU_Lohmar-64_1_T-1           ]	<TIMEOUT>	 Time [ms]:	 30000
2022-11-29 12:56:25,377	Batch Processor	INFO	[DEU_Lohmar-65_1_T-1           ]	<TIMEOUT>	 Time [ms]:	 30000
2022-11-29 12:56:25,377	Batch Processor	INFO	[DEU_Lohmar-66_1_T-1           ]	<TIMEOUT>	 Time [ms]:	 30000
2022-11-29 12:56:25,379	Batch Processor	INFO	[DEU_Lohmar-67_1_T-1           ]	<SUCCESS>	 Time [ms]:	  4588	
2022-11-29 12:56:25,380	Batch Processor	INFO	[DEU_Lohmar-68_1_T-1           ]	<TIMEOUT>	 Time [ms]:	 30000
2022-11-29 12:56:25,380	Batch Processor	INFO	[DEU_Lohmar-69_1_T-1           ]	<TIMEOUT>	 Time [ms]:	 30000
2022-11-29 12:56:25,381	Batch Processor	INFO	[DEU_Lohmar-70_1_T-1           ]	<TIMEOUT>	 Time [ms]:	 30000
2022-11-29 12:56:25,381	Batch Processor	INFO	[DEU_Lohmar-8_1_T-1            ]	<TIMEOUT>	 Time [ms]:	 30000
2022-11-29 12:56:25,381	Batch Processor	INFO	[DEU_Lohmar-9_1_T-1            ]	<TIMEOUT>	 Time [ms]:	 30000
2022-11-29 12:56:25,382	Batch Processor	INFO	[DEU_Luckenwalde-1_1_T-1       ]	<TIMEOUT>	 Time [ms]:	 30000
2022-11-29 12:56:25,382	Batch Processor	INFO	[DEU_Meckenheim-1_4_T-1        ]	<SUCCESS>	 Time [ms]:	  1298	
2022-11-29 12:56:25,383	Batch Processor	INFO	[DEU_Meckenheim-3_1_T-1        ]	<SUCCESS>	 Time [ms]:	  1012	
2022-11-29 12:56:25,384	Batch Processor	INFO	[DEU_Meckenheim-5_1_T-1        ]	<SUCCESS>	 Time [ms]:	   776	
2022-11-29 12:56:25,384	Batch Processor	INFO	[DEU_Meckenheim-8_3_T-1        ]	<SUCCESS>	 Time [ms]:	  1500	
2022-11-29 12:56:25,385	Batch Processor	INFO	[DEU_Meckenheim-8_5_T-1        ]	<SUCCESS>	 Time [ms]:	  2028	
2022-11-29 12:56:25,386	Batch Processor	INFO	[DEU_Moabit-1_2_T-1            ]	<SUCCESS>	 Time [ms]:	  1443	
2022-11-29 12:56:25,387	Batch Processor	INFO	[DEU_Moabit-4_1_T-1            ]	<SUCCESS>	 Time [ms]:	   656	
2022-11-29 12:56:25,387	Batch Processor	INFO	[DEU_Moabit-5_2_T-1            ]	<SUCCESS>	 Time [ms]:	  2493	
2022-11-29 12:56:25,388	Batch Processor	INFO	[DEU_Moabit-6_2_T-1            ]	<SUCCESS>	 Time [ms]:	  2377	
2022-11-29 12:56:25,389	Batch Processor	INFO	[DEU_Moelln-10_3_T-1           ]	<SUCCESS>	 Time [ms]:	  1732	
2022-11-29 12:56:25,389	Batch Processor	INFO	[DEU_Moelln-11_1_T-1           ]	<SUCCESS>	 Time [ms]:	  1253	
2022-11-29 12:56:25,390	Batch Processor	INFO	[DEU_Moelln-12_1_T-1           ]	<SUCCESS>	 Time [ms]:	  1057	
2022-11-29 12:56:25,391	Batch Processor	INFO	[DEU_Moelln-2_1_T-1            ]	<SUCCESS>	 Time [ms]:	  4625	
2022-11-29 12:56:25,392	Batch Processor	INFO	[DEU_Moelln-4_3_T-1            ]	<SUCCESS>	 Time [ms]:	  2018	
2022-11-29 12:56:25,394	Batch Processor	INFO	[DEU_Moelln-6_1_T-1            ]	<SUCCESS>	 Time [ms]:	   949	
2022-11-29 12:56:25,396	Batch Processor	INFO	[DEU_Moelln-7_1_T-1            ]	<SUCCESS>	 Time [ms]:	   830	
2022-11-29 12:56:25,399	Batch Processor	INFO	[DEU_Moelln-9_1_T-1            ]	<SUCCESS>	 Time [ms]:	  2335	
2022-11-29 12:56:25,401	Batch Processor	INFO	[DEU_Muehlhausen-11_1_T-1      ]	<SUCCESS>	 Time [ms]:	  1602	
2022-11-29 12:56:25,403	Batch Processor	INFO	[DEU_Muehlhausen-14_3_T-1      ]	<SUCCESS>	 Time [ms]:	  1523	
2022-11-29 12:56:25,405	Batch Processor	INFO	[DEU_Muehlhausen-1_2_T-1       ]	<SUCCESS>	 Time [ms]:	  2589	
2022-11-29 12:56:25,408	Batch Processor	INFO	[DEU_Muehlhausen-1_3_T-1       ]	<SUCCESS>	 Time [ms]:	  1095	
2022-11-29 12:56:25,410	Batch Processor	INFO	[DEU_Muehlhausen-2_1_T-1       ]	<SUCCESS>	 Time [ms]:	  2655	
2022-11-29 12:56:25,411	Batch Processor	INFO	[DEU_Muehlhausen-4_1_T-1       ]	<SUCCESS>	 Time [ms]:	  1459	
2022-11-29 12:56:25,412	Batch Processor	INFO	[DEU_Muehlhausen-5_1_T-1       ]	<SUCCESS>	 Time [ms]:	   887	
2022-11-29 12:56:25,413	Batch Processor	INFO	[DEU_Muehlhausen-6_1_T-1       ]	<SUCCESS>	 Time [ms]:	   845	
2022-11-29 12:56:25,414	Batch Processor	INFO	[DEU_Muehlhausen-7_2_T-1       ]	<SUCCESS>	 Time [ms]:	  1441	
2022-11-29 12:56:25,414	Batch Processor	INFO	[DEU_Reutlingen-1_1_T-1        ]	<TIMEOUT>	 Time [ms]:	 30000
2022-11-29 12:56:25,415	Batch Processor	INFO	[DEU_Reutlingen-2_1_T-1        ]	<TIMEOUT>	 Time [ms]:	 30000
2022-11-29 12:56:25,415	Batch Processor	INFO	[DEU_Reutlingen-3_1_T-1        ]	<TIMEOUT>	 Time [ms]:	 30000
2022-11-29 12:56:25,418	Batch Processor	INFO	[DEU_Reutlingen-4_1_T-1        ]	<SUCCESS>	 Time [ms]:	  2635	
2022-11-29 12:56:25,418	Batch Processor	INFO	[DEU_Reutlingen-5_1_T-1        ]	<TIMEOUT>	 Time [ms]:	 30000
2022-11-29 12:56:25,419	Batch Processor	INFO	[DEU_Reutlingen-6_1_T-1        ]	<TIMEOUT>	 Time [ms]:	 30000
2022-11-29 12:56:25,419	Batch Processor	INFO	[DEU_Rheinbach-1_4_T-1         ]	<SUCCESS>	 Time [ms]:	  2179	
2022-11-29 12:56:25,420	Batch Processor	INFO	[DEU_Rheinbach-5_3_T-1         ]	<SUCCESS>	 Time [ms]:	  2001	
2022-11-29 12:56:25,421	Batch Processor	INFO	[DEU_Speyer-2_1_T-1            ]	<FAILURE>	 Time [ms]:	   908
2022-11-29 12:56:25,422	Batch Processor	INFO	[DEU_Speyer-2_4_T-1            ]	<SUCCESS>	 Time [ms]:	   781	
2022-11-29 12:56:25,423	Batch Processor	INFO	[DEU_Speyer-5_2_T-1            ]	<SUCCESS>	 Time [ms]:	  1136	
2022-11-29 12:56:25,423	Batch Processor	INFO	[ESP_Almansa-1_1_T-1           ]	<SUCCESS>	 Time [ms]:	  1264	
2022-11-29 12:56:25,425	Batch Processor	INFO	[ESP_Almansa-2_1_T-1           ]	<SUCCESS>	 Time [ms]:	  5136	
2022-11-29 12:56:25,426	Batch Processor	INFO	[ESP_Almansa-6_1_T-1           ]	<SUCCESS>	 Time [ms]:	  2595	
2022-11-29 12:56:25,427	Batch Processor	INFO	[ESP_Berga-10_1_T-1            ]	<SUCCESS>	 Time [ms]:	  1293	
2022-11-29 12:56:25,428	Batch Processor	INFO	[ESP_Berga-4_4_T-1             ]	<SUCCESS>	 Time [ms]:	   975	
2022-11-29 12:56:25,429	Batch Processor	INFO	[ESP_Berga-6_1_T-1             ]	<SUCCESS>	 Time [ms]:	  4038	
2022-11-29 12:56:25,430	Batch Processor	INFO	[ESP_Berga-9_1_T-1             ]	<SUCCESS>	 Time [ms]:	  1306	
2022-11-29 12:56:25,431	Batch Processor	INFO	[ESP_Cambre-1_1_T-1            ]	<SUCCESS>	 Time [ms]:	   970	
2022-11-29 12:56:25,431	Batch Processor	INFO	[ESP_Cambre-2_1_T-1            ]	<SUCCESS>	 Time [ms]:	  1512	
2022-11-29 12:56:25,432	Batch Processor	INFO	[ESP_Cambre-3_1_T-1            ]	<SUCCESS>	 Time [ms]:	  1116	
2022-11-29 12:56:25,433	Batch Processor	INFO	[ESP_Ceuta-10_1_T-1            ]	<SUCCESS>	 Time [ms]:	  1814	
2022-11-29 12:56:25,434	Batch Processor	INFO	[ESP_Ceuta-11_1_T-1            ]	<FAILURE>	 Time [ms]:	  1772
2022-11-29 12:56:25,434	Batch Processor	INFO	[ESP_Ceuta-15_2_T-1            ]	<SUCCESS>	 Time [ms]:	  1433	
2022-11-29 12:56:25,435	Batch Processor	INFO	[ESP_Ceuta-1_2_T-1             ]	<SUCCESS>	 Time [ms]:	  1499	
2022-11-29 12:56:25,436	Batch Processor	INFO	[ESP_Ceuta-2_1_T-1             ]	<SUCCESS>	 Time [ms]:	  3100	
2022-11-29 12:56:25,437	Batch Processor	INFO	[ESP_Ceuta-3_2_T-1             ]	<SUCCESS>	 Time [ms]:	  1414	
2022-11-29 12:56:25,437	Batch Processor	INFO	[ESP_Ceuta-4_1_T-1             ]	<SUCCESS>	 Time [ms]:	  2182	
2022-11-29 12:56:25,438	Batch Processor	INFO	[ESP_Ceuta-5_1_T-1             ]	<FAILURE>	 Time [ms]:	  1570
2022-11-29 12:56:25,439	Batch Processor	INFO	[ESP_Ceuta-7_1_T-1             ]	<SUCCESS>	 Time [ms]:	   662	
2022-11-29 12:56:25,439	Batch Processor	INFO	[ESP_Ceuta-8_1_T-1             ]	<SUCCESS>	 Time [ms]:	  2243	
2022-11-29 12:56:25,440	Batch Processor	INFO	[ESP_Inca-3_2_T-1              ]	<FAILURE>	 Time [ms]:	  1291
2022-11-29 12:56:25,440	Batch Processor	INFO	[ESP_Inca-7_1_T-1              ]	<SUCCESS>	 Time [ms]:	  3593	
2022-11-29 12:56:25,442	Batch Processor	INFO	[ESP_Monzon-2_1_T-1            ]	<SUCCESS>	 Time [ms]:	  1662	
2022-11-29 12:56:25,444	Batch Processor	INFO	[ESP_Monzon-3_1_T-1            ]	<SUCCESS>	 Time [ms]:	  1816	
2022-11-29 12:56:25,446	Batch Processor	INFO	[ESP_Monzon-5_1_T-1            ]	<SUCCESS>	 Time [ms]:	  1563	
2022-11-29 12:56:25,448	Batch Processor	INFO	[ESP_Monzon-6_1_T-1            ]	<SUCCESS>	 Time [ms]:	  2699	
2022-11-29 12:56:25,449	Batch Processor	INFO	[ESP_Monzon-7_2_T-1            ]	<SUCCESS>	 Time [ms]:	  1968	
2022-11-29 12:56:25,451	Batch Processor	INFO	[ESP_Monzon-7_3_T-1            ]	<SUCCESS>	 Time [ms]:	  2396	
2022-11-29 12:56:25,453	Batch Processor	INFO	[ESP_Monzon-9_1_T-1            ]	<SUCCESS>	 Time [ms]:	  4646	
2022-11-29 12:56:25,455	Batch Processor	INFO	[ESP_PriegodeCordoba-2_3_T-1   ]	<SUCCESS>	 Time [ms]:	  2039	
2022-11-29 12:56:25,457	Batch Processor	INFO	[ESP_PriegodeCordoba-3_1_T-1   ]	<SUCCESS>	 Time [ms]:	  2301	
2022-11-29 12:56:25,458	Batch Processor	INFO	[ESP_PriegodeCordoba-6_1_T-1   ]	<SUCCESS>	 Time [ms]:	  2718	
2022-11-29 12:56:25,460	Batch Processor	INFO	[ESP_Requena-6_2_T-1           ]	<SUCCESS>	 Time [ms]:	  3263	
2022-11-29 12:56:25,461	Batch Processor	INFO	[ESP_SantBoideLlobregat-14_1_T-1]	<SUCCESS>	 Time [ms]:	  1417	
2022-11-29 12:56:25,463	Batch Processor	INFO	[ESP_SantBoideLlobregat-14_4_T-1]	<SUCCESS>	 Time [ms]:	  1399	
2022-11-29 12:56:25,464	Batch Processor	INFO	[ESP_SantBoideLlobregat-18_2_T-1]	<SUCCESS>	 Time [ms]:	   366	
2022-11-29 12:56:25,466	Batch Processor	INFO	[ESP_SantBoideLlobregat-19_1_T-1]	<SUCCESS>	 Time [ms]:	  4703	
2022-11-29 12:56:25,467	Batch Processor	INFO	[ESP_SantBoideLlobregat-22_3_T-1]	<FAILURE>	 Time [ms]:	   565
2022-11-29 12:56:25,469	Batch Processor	INFO	[ESP_SantBoideLlobregat-23_2_T-1]	<SUCCESS>	 Time [ms]:	  1472	
2022-11-29 12:56:25,471	Batch Processor	INFO	[ESP_SantBoideLlobregat-24_1_T-1]	<SUCCESS>	 Time [ms]:	   866	
2022-11-29 12:56:25,474	Batch Processor	INFO	[ESP_SantBoideLlobregat-3_1_T-1]	<SUCCESS>	 Time [ms]:	   950	
2022-11-29 12:56:25,481	Batch Processor	INFO	[ESP_SantBoideLlobregat-4_1_T-1]	<FAILURE>	 Time [ms]:	   738
2022-11-29 12:56:25,485	Batch Processor	INFO	[ESP_SantBoideLlobregat-6_2_T-1]	<SUCCESS>	 Time [ms]:	  2992	
2022-11-29 12:56:25,487	Batch Processor	INFO	[ESP_SantBoideLlobregat-8_1_T-1]	<SUCCESS>	 Time [ms]:	  1951	
2022-11-29 12:56:25,490	Batch Processor	INFO	[ESP_SantBoideLlobregat-8_5_T-1]	<SUCCESS>	 Time [ms]:	  1847	
2022-11-29 12:56:25,494	Batch Processor	INFO	[ESP_Toledo-10_1_T-1           ]	<SUCCESS>	 Time [ms]:	  2074	
2022-11-29 12:56:25,496	Batch Processor	INFO	[ESP_Toledo-10_2_T-1           ]	<SUCCESS>	 Time [ms]:	  1933	
2022-11-29 12:56:25,498	Batch Processor	INFO	[ESP_Toledo-11_1_T-1           ]	<SUCCESS>	 Time [ms]:	   753	
2022-11-29 12:56:25,501	Batch Processor	INFO	[ESP_Toledo-11_5_T-1           ]	<SUCCESS>	 Time [ms]:	   746	
2022-11-29 12:56:25,504	Batch Processor	INFO	[ESP_Toledo-22_1_T-1           ]	<SUCCESS>	 Time [ms]:	  1600	
2022-11-29 12:56:25,507	Batch Processor	INFO	[ESP_Toledo-23_1_T-1           ]	<SUCCESS>	 Time [ms]:	   479	
2022-11-29 12:56:25,509	Batch Processor	INFO	[ESP_Toledo-5_1_T-1            ]	<SUCCESS>	 Time [ms]:	  1299	
2022-11-29 12:56:25,511	Batch Processor	INFO	[ESP_Toledo-6_2_T-1            ]	<SUCCESS>	 Time [ms]:	  2805	
2022-11-29 12:56:25,512	Batch Processor	INFO	[ESP_Toledo-8_1_T-1            ]	<SUCCESS>	 Time [ms]:	  3548	
2022-11-29 12:56:25,513	Batch Processor	INFO	[ESP_Toledo-9_1_T-1            ]	<SUCCESS>	 Time [ms]:	  1896	
2022-11-29 12:56:25,515	Batch Processor	INFO	[FRA_Anglet-1_2_T-1            ]	<SUCCESS>	 Time [ms]:	  1800	
2022-11-29 12:56:25,516	Batch Processor	INFO	[FRA_Anglet-2_1_T-1            ]	<FAILURE>	 Time [ms]:	  2028
2022-11-29 12:56:25,518	Batch Processor	INFO	[FRA_Anglet-3_2_T-1            ]	<SUCCESS>	 Time [ms]:	  3104	
2022-11-29 12:56:25,520	Batch Processor	INFO	[FRA_Miramas-1_1_T-1           ]	<SUCCESS>	 Time [ms]:	  2063	
2022-11-29 12:56:25,522	Batch Processor	INFO	[FRA_Miramas-2_1_T-1           ]	<SUCCESS>	 Time [ms]:	  2364	
2022-11-29 12:56:25,524	Batch Processor	INFO	[FRA_Miramas-3_1_T-1           ]	<SUCCESS>	 Time [ms]:	  2263	
2022-11-29 12:56:25,526	Batch Processor	INFO	[FRA_Miramas-5_1_T-1           ]	<SUCCESS>	 Time [ms]:	  3225	
2022-11-29 12:56:25,527	Batch Processor	INFO	[FRA_Miramas-9_1_T-1           ]	<SUCCESS>	 Time [ms]:	  1575	
2022-11-29 12:56:25,529	Batch Processor	INFO	[FRA_MoissyCramayel-1_1_T-1    ]	<SUCCESS>	 Time [ms]:	  4531	
2022-11-29 12:56:25,530	Batch Processor	INFO	[FRA_MoissyCramayel-2_1_T-1    ]	<SUCCESS>	 Time [ms]:	  2264	
2022-11-29 12:56:25,531	Batch Processor	INFO	[FRA_MoissyCramayel-4_1_T-1    ]	<SUCCESS>	 Time [ms]:	  2274	
2022-11-29 12:56:25,553	Batch Processor	INFO	[FRA_Sete-1_1_T-1              ]	<SUCCESS>	 Time [ms]:	  2833	
2022-11-29 12:56:25,556	Batch Processor	INFO	[GRC_Perama-1_1_T-1            ]	<FAILURE>	 Time [ms]:	  1815
2022-11-29 12:56:25,558	Batch Processor	INFO	[GRC_Perama-2_1_T-1            ]	<SUCCESS>	 Time [ms]:	   964	
2022-11-29 12:56:25,562	Batch Processor	INFO	[GRC_Perama-3_2_T-1            ]	<SUCCESS>	 Time [ms]:	  1233	
2022-11-29 12:56:25,573	Batch Processor	INFO	[GRC_Perama-4_3_T-1            ]	<SUCCESS>	 Time [ms]:	  2362	
2022-11-29 12:56:25,574	Batch Processor	INFO	[GRC_Perama-7_1_T-1            ]	<SUCCESS>	 Time [ms]:	  1950	
2022-11-29 12:56:25,580	Batch Processor	INFO	[HRV_Pula-10_1_T-1             ]	<SUCCESS>	 Time [ms]:	  2143	
2022-11-29 12:56:25,583	Batch Processor	INFO	[HRV_Pula-12_3_T-1             ]	<SUCCESS>	 Time [ms]:	  1810	
2022-11-29 12:56:25,584	Batch Processor	INFO	[HRV_Pula-13_2_T-1             ]	<SUCCESS>	 Time [ms]:	  1711	
2022-11-29 12:56:25,585	Batch Processor	INFO	[HRV_Pula-15_1_T-1             ]	<SUCCESS>	 Time [ms]:	  1359	
2022-11-29 12:56:25,587	Batch Processor	INFO	[HRV_Pula-18_1_T-1             ]	<SUCCESS>	 Time [ms]:	  2141	
2022-11-29 12:56:25,588	Batch Processor	INFO	[HRV_Pula-19_2_T-1             ]	<SUCCESS>	 Time [ms]:	  1453	
2022-11-29 12:56:25,589	Batch Processor	INFO	[HRV_Pula-21_1_T-1             ]	<SUCCESS>	 Time [ms]:	  2444	
2022-11-29 12:56:25,590	Batch Processor	INFO	[HRV_Pula-22_1_T-1             ]	<SUCCESS>	 Time [ms]:	  3314	
2022-11-29 12:56:25,592	Batch Processor	INFO	[HRV_Pula-23_1_T-1             ]	<SUCCESS>	 Time [ms]:	  1790	
2022-11-29 12:56:25,594	Batch Processor	INFO	[HRV_Pula-24_1_T-1             ]	<SUCCESS>	 Time [ms]:	  1995	
2022-11-29 12:56:25,596	Batch Processor	INFO	[HRV_Pula-25_1_T-1             ]	<SUCCESS>	 Time [ms]:	  2300	
2022-11-29 12:56:25,598	Batch Processor	INFO	[HRV_Pula-27_2_T-1             ]	<SUCCESS>	 Time [ms]:	  2140	
2022-11-29 12:56:25,600	Batch Processor	INFO	[HRV_Pula-29_3_T-1             ]	<SUCCESS>	 Time [ms]:	  1607	
2022-11-29 12:56:25,603	Batch Processor	INFO	[HRV_Pula-31_1_T-1             ]	<SUCCESS>	 Time [ms]:	  1489	
2022-11-29 12:56:25,605	Batch Processor	INFO	[HRV_Pula-32_2_T-1             ]	<SUCCESS>	 Time [ms]:	  2854	
2022-11-29 12:56:25,607	Batch Processor	INFO	[HRV_Pula-33_2_T-1             ]	<SUCCESS>	 Time [ms]:	  1979	
2022-11-29 12:56:25,609	Batch Processor	INFO	[HRV_Pula-5_2_T-1              ]	<SUCCESS>	 Time [ms]:	  4362	
2022-11-29 12:56:25,610	Batch Processor	INFO	[HRV_Pula-5_3_T-1              ]	<SUCCESS>	 Time [ms]:	  3183	
2022-11-29 12:56:25,612	Batch Processor	INFO	[HRV_Pula-6_2_T-1              ]	<SUCCESS>	 Time [ms]:	  1162	
2022-11-29 12:56:25,614	Batch Processor	INFO	[HRV_Pula-7_2_T-1              ]	<SUCCESS>	 Time [ms]:	  2719	
2022-11-29 12:56:25,616	Batch Processor	INFO	[HRV_Pula-8_3_T-1              ]	<SUCCESS>	 Time [ms]:	  2038	
2022-11-29 12:56:25,617	Batch Processor	INFO	[HRV_Pula-9_2_T-1              ]	<SUCCESS>	 Time [ms]:	  1120	
2022-11-29 12:56:25,618	Batch Processor	INFO	[HRV_Pula-9_4_T-1              ]	<SUCCESS>	 Time [ms]:	  1207	
2022-11-29 12:56:25,619	Batch Processor	INFO	[ITA_CarpiCentro-1_3_T-1       ]	<SUCCESS>	 Time [ms]:	  2458	
2022-11-29 12:56:25,621	Batch Processor	INFO	[ITA_CarpiCentro-2_4_T-1       ]	<SUCCESS>	 Time [ms]:	  5584	
2022-11-29 12:56:25,622	Batch Processor	INFO	[ITA_CarpiCentro-3_1_T-1       ]	<SUCCESS>	 Time [ms]:	  4017	
2022-11-29 12:56:25,623	Batch Processor	INFO	[ITA_CarpiCentro-5_1_T-1       ]	<SUCCESS>	 Time [ms]:	  2862	
2022-11-29 12:56:25,624	Batch Processor	INFO	[ITA_CarpiCentro-6_2_T-1       ]	<SUCCESS>	 Time [ms]:	  3299	
2022-11-29 12:56:25,626	Batch Processor	INFO	[ITA_CarpiCentro-7_1_T-1       ]	<SUCCESS>	 Time [ms]:	  3987	
2022-11-29 12:56:25,627	Batch Processor	INFO	[ITA_CarpiCentro-8_3_T-1       ]	<SUCCESS>	 Time [ms]:	  1149	
2022-11-29 12:56:25,629	Batch Processor	INFO	[ITA_Empoli-10_1_T-1           ]	<SUCCESS>	 Time [ms]:	  1883	
2022-11-29 12:56:25,630	Batch Processor	INFO	[ITA_Empoli-18_1_T-1           ]	<SUCCESS>	 Time [ms]:	  1240	
2022-11-29 12:56:25,631	Batch Processor	INFO	[ITA_Empoli-2_4_T-1            ]	<SUCCESS>	 Time [ms]:	  2669	
2022-11-29 12:56:25,632	Batch Processor	INFO	[ITA_Empoli-2_5_T-1            ]	<SUCCESS>	 Time [ms]:	  1214	
2022-11-29 12:56:25,634	Batch Processor	INFO	[ITA_Empoli-3_1_T-1            ]	<SUCCESS>	 Time [ms]:	  1247	
2022-11-29 12:56:25,635	Batch Processor	INFO	[ITA_Empoli-4_2_T-1            ]	<SUCCESS>	 Time [ms]:	  2780	
2022-11-29 12:56:25,636	Batch Processor	INFO	[ITA_Empoli-7_3_T-1            ]	<SUCCESS>	 Time [ms]:	  1667	
2022-11-29 12:56:25,638	Batch Processor	INFO	[ITA_Empoli-8_2_T-1            ]	<SUCCESS>	 Time [ms]:	  2406	
2022-11-29 12:56:25,639	Batch Processor	INFO	[ITA_Foggia-10_1_T-1           ]	<SUCCESS>	 Time [ms]:	  1539	
2022-11-29 12:56:25,640	Batch Processor	INFO	[ITA_Foggia-11_1_T-1           ]	<SUCCESS>	 Time [ms]:	  1400	
2022-11-29 12:56:25,640	Batch Processor	INFO	[ITA_Foggia-12_1_T-1           ]	<FAILURE>	 Time [ms]:	   821
2022-11-29 12:56:25,642	Batch Processor	INFO	[ITA_Foggia-13_1_T-1           ]	<SUCCESS>	 Time [ms]:	  2546	
2022-11-29 12:56:25,643	Batch Processor	INFO	[ITA_Foggia-19_1_T-1           ]	<FAILURE>	 Time [ms]:	   584
2022-11-29 12:56:25,645	Batch Processor	INFO	[ITA_Foggia-1_1_T-1            ]	<SUCCESS>	 Time [ms]:	   833	
2022-11-29 12:56:25,647	Batch Processor	INFO	[ITA_Foggia-3_1_T-1            ]	<SUCCESS>	 Time [ms]:	   755	
2022-11-29 12:56:25,649	Batch Processor	INFO	[ITA_Foggia-4_2_T-1            ]	<SUCCESS>	 Time [ms]:	   909	
2022-11-29 12:56:25,651	Batch Processor	INFO	[ITA_Foggia-5_1_T-1            ]	<SUCCESS>	 Time [ms]:	  2020	
2022-11-29 12:56:25,654	Batch Processor	INFO	[ITA_Foggia-6_1_T-1            ]	<SUCCESS>	 Time [ms]:	  1096	
2022-11-29 12:56:25,656	Batch Processor	INFO	[ITA_Foggia-7_2_T-1            ]	<SUCCESS>	 Time [ms]:	  3785	
2022-11-29 12:56:25,658	Batch Processor	INFO	[ITA_SanGiorgioaCremano-2_1_T-1]	<SUCCESS>	 Time [ms]:	   801	
2022-11-29 12:56:25,660	Batch Processor	INFO	[ITA_SanGiorgioaCremano-3_1_T-1]	<SUCCESS>	 Time [ms]:	  1410	
2022-11-29 12:56:25,672	Batch Processor	INFO	[ITA_Scicli-2_1_T-1            ]	<SUCCESS>	 Time [ms]:	  1907	
2022-11-29 12:56:25,679	Batch Processor	INFO	[ITA_Segrate-1_2_T-1           ]	<SUCCESS>	 Time [ms]:	   582	
2022-11-29 12:56:25,680	Batch Processor	INFO	[ITA_Segrate-2_3_T-1           ]	<SUCCESS>	 Time [ms]:	   558	
2022-11-29 12:56:25,682	Batch Processor	INFO	[ITA_Siderno-10_1_T-1          ]	<SUCCESS>	 Time [ms]:	   891	
2022-11-29 12:56:25,683	Batch Processor	INFO	[ITA_Siderno-2_4_T-1           ]	<SUCCESS>	 Time [ms]:	  1225	
2022-11-29 12:56:25,684	Batch Processor	INFO	[ITA_Siderno-3_2_T-1           ]	<SUCCESS>	 Time [ms]:	   687	
2022-11-29 12:56:25,686	Batch Processor	INFO	[ITA_Siderno-4_3_T-1           ]	<SUCCESS>	 Time [ms]:	  1230	
2022-11-29 12:56:25,687	Batch Processor	INFO	[ITA_Siderno-4_4_T-1           ]	<SUCCESS>	 Time [ms]:	  1480	
2022-11-29 12:56:25,688	Batch Processor	INFO	[ITA_Siderno-5_4_T-1           ]	<SUCCESS>	 Time [ms]:	  2316	
2022-11-29 12:56:25,690	Batch Processor	INFO	[ITA_Siderno-8_4_T-1           ]	<SUCCESS>	 Time [ms]:	  2108	
2022-11-29 12:56:25,692	Batch Processor	INFO	[ITA_Siderno-8_5_T-1           ]	<SUCCESS>	 Time [ms]:	  1975	
2022-11-29 12:56:25,694	Batch Processor	INFO	[PRI_Barceloneta-2_1_T-1       ]	<SUCCESS>	 Time [ms]:	  3001	
2022-11-29 12:56:25,701	Batch Processor	INFO	[PRI_Barceloneta-3_1_T-1       ]	<SUCCESS>	 Time [ms]:	  2527	
2022-11-29 12:56:25,703	Batch Processor	INFO	[PRI_Barceloneta-4_3_T-1       ]	<SUCCESS>	 Time [ms]:	  2290	
2022-11-29 12:56:25,706	Batch Processor	INFO	[PRI_Barceloneta-4_5_T-1       ]	<SUCCESS>	 Time [ms]:	  2240	
2022-11-29 12:56:25,708	Batch Processor	INFO	[RUS_Bicycle-10_1_T-1          ]	<SUCCESS>	 Time [ms]:	  5147	
2022-11-29 12:56:25,710	Batch Processor	INFO	[RUS_Bicycle-11_1_T-1          ]	<SUCCESS>	 Time [ms]:	  3263	
2022-11-29 12:56:25,711	Batch Processor	INFO	[RUS_Bicycle-12_1_T-1          ]	<SUCCESS>	 Time [ms]:	  1310	
2022-11-29 12:56:25,712	Batch Processor	INFO	[RUS_Bicycle-13_1_T-1          ]	<SUCCESS>	 Time [ms]:	  1562	
2022-11-29 12:56:25,713	Batch Processor	INFO	[RUS_Bicycle-14_1_T-1          ]	<SUCCESS>	 Time [ms]:	  6248	
2022-11-29 12:56:25,714	Batch Processor	INFO	[RUS_Bicycle-1_1_T-1           ]	<SUCCESS>	 Time [ms]:	  1205	
2022-11-29 12:56:25,715	Batch Processor	INFO	[RUS_Bicycle-2_1_T-1           ]	<SUCCESS>	 Time [ms]:	  8045	
2022-11-29 12:56:25,716	Batch Processor	INFO	[RUS_Bicycle-3_1_T-1           ]	<SUCCESS>	 Time [ms]:	  7403	
2022-11-29 12:56:25,717	Batch Processor	INFO	[RUS_Bicycle-4_2_T-1           ]	<SUCCESS>	 Time [ms]:	  4544	
2022-11-29 12:56:25,718	Batch Processor	INFO	[RUS_Bicycle-5_1_T-1           ]	<SUCCESS>	 Time [ms]:	  2492	
2022-11-29 12:56:25,721	Batch Processor	INFO	[RUS_Bicycle-6_1_T-1           ]	<SUCCESS>	 Time [ms]:	  3681	
2022-11-29 12:56:25,723	Batch Processor	INFO	[RUS_Bicycle-7_1_T-1           ]	<SUCCESS>	 Time [ms]:	  2905	
2022-11-29 12:56:25,725	Batch Processor	INFO	[RUS_Bicycle-8_1_T-1           ]	<SUCCESS>	 Time [ms]:	  1265	
2022-11-29 12:56:25,727	Batch Processor	INFO	[RUS_Bicycle-9_1_T-1           ]	<SUCCESS>	 Time [ms]:	   713	
2022-11-29 12:56:25,728	Batch Processor	INFO	[USA_Lanker-1_2_T-1            ]	<SUCCESS>	 Time [ms]:	  6207	
2022-11-29 12:56:25,730	Batch Processor	INFO	[USA_Peach-1_1_T-1             ]	<SUCCESS>	 Time [ms]:	   866	
2022-11-29 12:56:25,731	Batch Processor	INFO	[USA_Peach-2_1_T-1             ]	<TIMEOUT>	 Time [ms]:	 30000
2022-11-29 12:56:25,732	Batch Processor	INFO	[USA_Peach-3_1_T-1             ]	<TIMEOUT>	 Time [ms]:	 30000
2022-11-29 12:56:25,733	Batch Processor	INFO	[USA_US101-10_4_T-1            ]	<FAILURE>	 Time [ms]:	 10888
2022-11-29 12:56:25,733	Batch Processor	INFO	[USA_US101-11_4_T-1            ]	<TIMEOUT>	 Time [ms]:	 30000
2022-11-29 12:56:25,734	Batch Processor	INFO	[USA_US101-12_1_T-1            ]	<TIMEOUT>	 Time [ms]:	 30000
2022-11-29 12:56:25,734	Batch Processor	INFO	[USA_US101-13_4_T-1            ]	<TIMEOUT>	 Time [ms]:	 30000
2022-11-29 12:56:25,736	Batch Processor	INFO	[USA_US101-14_1_T-1            ]	<TIMEOUT>	 Time [ms]:	 30000
2022-11-29 12:56:25,738	Batch Processor	INFO	[USA_US101-15_1_T-1            ]	<TIMEOUT>	 Time [ms]:	 30000
2022-11-29 12:56:25,741	Batch Processor	INFO	[USA_US101-16_2_T-1            ]	<SUCCESS>	 Time [ms]:	  8264	
2022-11-29 12:56:25,746	Batch Processor	INFO	[USA_US101-17_1_T-1            ]	<TIMEOUT>	 Time [ms]:	 30000
2022-11-29 12:56:25,751	Batch Processor	INFO	[USA_US101-18_2_T-1            ]	<SUCCESS>	 Time [ms]:	  1278	
2022-11-29 12:56:25,755	Batch Processor	INFO	[USA_US101-20_2_T-1            ]	<SUCCESS>	 Time [ms]:	  5551	
2022-11-29 12:56:25,759	Batch Processor	INFO	[USA_US101-21_2_T-1            ]	<SUCCESS>	 Time [ms]:	  1694	
2022-11-29 12:56:25,761	Batch Processor	INFO	[USA_US101-22_4_T-1            ]	<TIMEOUT>	 Time [ms]:	 30000
2022-11-29 12:56:25,765	Batch Processor	INFO	[USA_US101-23_2_T-1            ]	<SUCCESS>	 Time [ms]:	  1921	
2022-11-29 12:56:25,768	Batch Processor	INFO	[USA_US101-24_2_T-1            ]	<SUCCESS>	 Time [ms]:	  2699	
2022-11-29 12:56:25,770	Batch Processor	INFO	[USA_US101-25_2_T-1            ]	<SUCCESS>	 Time [ms]:	   788	
2022-11-29 12:56:25,771	Batch Processor	INFO	[USA_US101-26_2_T-1            ]	<SUCCESS>	 Time [ms]:	  3658	
2022-11-29 12:56:25,772	Batch Processor	INFO	[USA_US101-27_1_T-1            ]	<TIMEOUT>	 Time [ms]:	 30000
2022-11-29 12:56:25,773	Batch Processor	INFO	[USA_US101-28_1_T-1            ]	<TIMEOUT>	 Time [ms]:	 30000
2022-11-29 12:56:25,774	Batch Processor	INFO	[USA_US101-29_1_T-1            ]	<TIMEOUT>	 Time [ms]:	 30000
2022-11-29 12:56:25,775	Batch Processor	INFO	[USA_US101-3_1_T-1             ]	<TIMEOUT>	 Time [ms]:	 30000
2022-11-29 12:56:25,776	Batch Processor	INFO	[USA_US101-3_2_S-1             ]	<TIMEOUT>	 Time [ms]:	 30000
2022-11-29 12:56:25,777	Batch Processor	INFO	[USA_US101-4_1_T-1             ]	<TIMEOUT>	 Time [ms]:	 30000
2022-11-29 12:56:25,777	Batch Processor	INFO	[USA_US101-5_1_T-1             ]	<TIMEOUT>	 Time [ms]:	 30000
2022-11-29 12:56:25,778	Batch Processor	INFO	[USA_US101-6_1_T-1             ]	<TIMEOUT>	 Time [ms]:	 30000
2022-11-29 12:56:25,779	Batch Processor	INFO	[USA_US101-8_4_T-1             ]	<SUCCESS>	 Time [ms]:	   726	
2022-11-29 12:56:25,780	Batch Processor	INFO	[USA_US101-9_1_T-1             ]	<TIMEOUT>	 Time [ms]:	 30000
2022-11-29 12:56:25,781	Batch Processor	INFO	==============================        Solution found        ==============================
	- ARG_Carcarana-13_1_T-1
	- ARG_Carcarana-5_2_T-1
	- ARG_Carcarana-2_3_T-1
	- BEL_Aarschot-11_1_T-1
	- ARG_Carcarana-7_1_T-1
	- ARG_Carcarana-11_1_T-1
	- BEL_Aarschot-3_1_T-1
	- BEL_Aarschot-5_1_T-1
	- BEL_Aarschot-1_2_T-1
	- BEL_Beringen-8_1_T-1
	- ARG_Carcarana-9_2_T-1
	- BEL_Beringen-1_1_T-1
	- BEL_Nivelles-16_2_T-1
	- ARG_Carcarana-3_3_T-1
	- BEL_Nivelles-18_2_T-1
	- BEL_Nivelles-1_1_T-1
	- BEL_Nivelles-19_1_T-1
	- BEL_Nivelles-20_1_T-1
	- BEL_Putte-11_2_T-1
	- BEL_Nivelles-3_1_T-1
	- BEL_Putte-10_2_T-1
	- BEL_Nivelles-4_2_T-1
	- BEL_Nivelles-9_2_T-1
	- BEL_Putte-3_1_T-1
	- BEL_Putte-6_1_T-1
	- BEL_Putte-2_1_T-1
	- BEL_Wervik-1_4_T-1
	- BEL_Wervik-2_2_T-1
	- BEL_Zaventem-4_1_T-1
	- BEL_Putte-4_2_T-1
	- BEL_Zaventem-3_1_T-1
	- BEL_Wervik-4_1_T-1
	- BEL_Zaventem-1_2_T-1
	- BEL_Zwevegem-3_1_T-1
	- BEL_Zaventem-5_3_T-1
	- BEL_Zwevegem-7_2_T-1
	- BEL_Zwevegem-2_3_T-1
	- BEL_Zwevegem-5_2_T-1
	- BEL_Zwevegem-8_1_T-1
	- BEL_Zwevegem-8_4_T-1
	- DEU_Backnang-4_1_T-1
	- DEU_Backnang-9_1_T-1
	- DEU_Backnang-5_1_T-1
	- DEU_BadEssen-4_1_T-1
	- DEU_Backnang-6_1_T-1
	- DEU_BadWaldsee-4_2_T-1
	- DEU_BadWaldsee-4_5_T-1
	- DEU_BadEssen-3_1_T-1
	- DEU_Bilderstoeckchen-2_3_T-1
	- DEU_BadWaldsee-1_1_T-1
	- DEU_Bilderstoeckchen-4_1_T-1
	- DEU_Backnang-1_2_T-1
	- DEU_Flensburg-13_1_T-1
	- DEU_Flensburg-20_1_T-1
	- DEU_Flensburg-25_1_T-1
	- DEU_Flensburg-28_1_T-1
	- DEU_Flensburg-39_1_T-1
	- DEU_Flensburg-53_1_T-1
	- DEU_Flensburg-68_1_T-1
	- DEU_Flensburg-71_1_T-1
	- DEU_Flensburg-70_1_T-1
	- DEU_Flensburg-72_1_T-1
	- DEU_Flensburg-73_1_T-1
	- DEU_Flensburg-82_1_T-1
	- DEU_Guetersloh-11_3_T-1
	- DEU_Guetersloh-10_5_T-1
	- DEU_Guetersloh-12_1_T-1
	- DEU_Guetersloh-14_2_T-1
	- DEU_Flensburg-99_1_T-1
	- DEU_Guetersloh-16_2_T-1
	- DEU_Guetersloh-17_2_T-1
	- DEU_Guetersloh-16_5_T-1
	- DEU_Guetersloh-18_1_T-1
	- DEU_Guetersloh-15_2_T-1
	- DEU_Guetersloh-19_1_T-1
	- DEU_Guetersloh-20_3_T-1
	- DEU_Guetersloh-20_1_T-1
	- DEU_Guetersloh-24_1_T-1
	- DEU_Guetersloh-24_3_T-1
	- DEU_Guetersloh-24_2_T-1
	- DEU_Guetersloh-21_1_T-1
	- DEU_Guetersloh-25_2_T-1
	- DEU_Guetersloh-27_1_T-1
	- DEU_Guetersloh-31_4_T-1
	- DEU_Guetersloh-30_1_T-1
	- DEU_Guetersloh-25_4_T-1
	- DEU_Guetersloh-32_3_T-1
	- DEU_Guetersloh-34_2_T-1
	- DEU_Guetersloh-33_1_T-1
	- DEU_Guetersloh-39_3_T-1
	- DEU_Guetersloh-36_1_T-1
	- DEU_Guetersloh-39_5_T-1
	- DEU_Guetersloh-40_4_T-1
	- DEU_Guetersloh-40_5_T-1
	- DEU_Guetersloh-50_1_T-1
	- DEU_Guetersloh-41_1_T-1
	- DEU_Guetersloh-55_1_T-1
	- DEU_Guetersloh-42_1_T-1
	- DEU_Guetersloh-55_3_T-1
	- DEU_Guetersloh-65_2_T-1
	- DEU_Guetersloh-4_5_T-1
	- DEU_Guetersloh-54_1_T-1
	- DEU_Guetersloh-8_1_T-1
	- DEU_Guetersloh-6_3_T-1
	- DEU_Hennigsdorf-12_1_T-1
	- DEU_Hennigsdorf-11_1_T-1
	- DEU_Hennigsdorf-13_2_T-1
	- DEU_Guetersloh-7_2_T-1
	- DEU_Hennigsdorf-18_2_T-1
	- DEU_Hennigsdorf-14_3_T-1
	- DEU_Hennigsdorf-3_5_T-1
	- DEU_Hennigsdorf-15_3_T-1
	- DEU_Hennigsdorf-3_2_T-1
	- DEU_Hennigsdorf-5_1_T-1
	- DEU_Hennigsdorf-7_3_T-1
	- DEU_Hennigsdorf-5_4_T-1
	- DEU_Ibbenbueren-11_2_T-1
	- DEU_Ibbenbueren-10_2_T-1
	- DEU_Hennigsdorf-9_2_T-1
	- DEU_Ibbenbueren-14_1_T-1
	- DEU_Ibbenbueren-13_3_T-1
	- DEU_Ibbenbueren-12_1_T-1
	- DEU_Ibbenbueren-16_3_T-1
	- DEU_Ibbenbueren-15_4_T-1
	- DEU_Ibbenbueren-16_5_T-1
	- DEU_Ibbenbueren-3_3_T-1
	- DEU_Ibbenbueren-2_2_T-1
	- DEU_Ibbenbueren-6_4_T-1
	- DEU_Ibbenbueren-9_1_T-1
	- DEU_Ibbenbueren-4_2_T-1
	- DEU_Ibbenbueren-6_3_T-1
	- DEU_Ibbenbueren-7_1_T-1
	- DEU_Lohmar-14_1_T-1
	- DEU_Lohmar-23_1_T-1
	- DEU_Lohmar-24_1_T-1
	- DEU_Lohmar-34_1_T-1
	- DEU_Lohmar-46_1_T-1
	- DEU_Lohmar-50_1_T-1
	- DEU_Lohmar-52_1_T-1
	- DEU_Lohmar-67_1_T-1
	- DEU_Lohmar-63_1_T-1
	- DEU_Meckenheim-1_4_T-1
	- DEU_Meckenheim-3_1_T-1
	- DEU_Meckenheim-5_1_T-1
	- DEU_Meckenheim-8_3_T-1
	- DEU_Moabit-1_2_T-1
	- DEU_Moabit-4_1_T-1
	- DEU_Meckenheim-8_5_T-1
	- DEU_Moelln-10_3_T-1
	- DEU_Moabit-5_2_T-1
	- DEU_Moabit-6_2_T-1
	- DEU_Moelln-12_1_T-1
	- DEU_Moelln-11_1_T-1
	- DEU_Moelln-7_1_T-1
	- DEU_Moelln-6_1_T-1
	- DEU_Muehlhausen-11_1_T-1
	- DEU_Moelln-4_3_T-1
	- DEU_Moelln-2_1_T-1
	- DEU_Moelln-9_1_T-1
	- DEU_Muehlhausen-14_3_T-1
	- DEU_Muehlhausen-1_3_T-1
	- DEU_Muehlhausen-1_2_T-1
	- DEU_Muehlhausen-5_1_T-1
	- DEU_Muehlhausen-6_1_T-1
	- DEU_Muehlhausen-4_1_T-1
	- DEU_Muehlhausen-7_2_T-1
	- DEU_Muehlhausen-2_1_T-1
	- DEU_Reutlingen-4_1_T-1
	- DEU_Rheinbach-1_4_T-1
	- DEU_Rheinbach-5_3_T-1
	- DEU_Speyer-2_4_T-1
	- DEU_Speyer-5_2_T-1
	- ESP_Almansa-1_1_T-1
	- ESP_Berga-4_4_T-1
	- ESP_Berga-10_1_T-1
	- ESP_Berga-9_1_T-1
	- ESP_Cambre-1_1_T-1
	- ESP_Cambre-2_1_T-1
	- ESP_Almansa-6_1_T-1
	- ESP_Berga-6_1_T-1
	- ESP_Cambre-3_1_T-1
	- ESP_Ceuta-15_2_T-1
	- ESP_Ceuta-10_1_T-1
	- ESP_Ceuta-1_2_T-1
	- ESP_Ceuta-7_1_T-1
	- ESP_Ceuta-3_2_T-1
	- ESP_Ceuta-4_1_T-1
	- ESP_Ceuta-8_1_T-1
	- ESP_Inca-7_1_T-1
	- ESP_Monzon-2_1_T-1
	- ESP_Ceuta-2_1_T-1
	- ESP_Monzon-3_1_T-1
	- ESP_Almansa-2_1_T-1
	- ESP_Monzon-5_1_T-1
	- ESP_Monzon-7_2_T-1
	- ESP_Monzon-7_3_T-1
	- ESP_Monzon-6_1_T-1
	- ESP_PriegodeCordoba-2_3_T-1
	- ESP_PriegodeCordoba-3_1_T-1
	- ESP_SantBoideLlobregat-14_1_T-1
	- ESP_SantBoideLlobregat-18_2_T-1
	- ESP_SantBoideLlobregat-14_4_T-1
	- ESP_PriegodeCordoba-6_1_T-1
	- ESP_Requena-6_2_T-1
	- ESP_SantBoideLlobregat-24_1_T-1
	- ESP_SantBoideLlobregat-19_1_T-1
	- ESP_SantBoideLlobregat-3_1_T-1
	- ESP_SantBoideLlobregat-23_2_T-1
	- ESP_Monzon-9_1_T-1
	- ESP_Toledo-11_1_T-1
	- ESP_SantBoideLlobregat-8_1_T-1
	- ESP_Toledo-11_5_T-1
	- ESP_SantBoideLlobregat-8_5_T-1
	- ESP_Toledo-10_2_T-1
	- ESP_Toledo-10_1_T-1
	- ESP_Toledo-23_1_T-1
	- ESP_SantBoideLlobregat-6_2_T-1
	- ESP_Toledo-22_1_T-1
	- ESP_Toledo-5_1_T-1
	- ESP_Toledo-9_1_T-1
	- FRA_Anglet-1_2_T-1
	- ESP_Toledo-6_2_T-1
	- FRA_Miramas-1_1_T-1
	- ESP_Toledo-8_1_T-1
	- FRA_Anglet-3_2_T-1
	- FRA_Miramas-3_1_T-1
	- FRA_Miramas-2_1_T-1
	- FRA_Miramas-5_1_T-1
	- FRA_Miramas-9_1_T-1
	- GRC_Perama-2_1_T-1
	- FRA_MoissyCramayel-2_1_T-1
	- FRA_MoissyCramayel-4_1_T-1
	- FRA_MoissyCramayel-1_1_T-1
	- GRC_Perama-3_2_T-1
	- FRA_Sete-1_1_T-1
	- HRV_Pula-13_2_T-1
	- HRV_Pula-12_3_T-1
	- GRC_Perama-4_3_T-1
	- HRV_Pula-15_1_T-1
	- HRV_Pula-10_1_T-1
	- GRC_Perama-7_1_T-1
	- HRV_Pula-19_2_T-1
	- HRV_Pula-18_1_T-1
	- HRV_Pula-23_1_T-1
	- HRV_Pula-24_1_T-1
	- HRV_Pula-21_1_T-1
	- HRV_Pula-25_1_T-1
	- HRV_Pula-22_1_T-1
	- HRV_Pula-27_2_T-1
	- HRV_Pula-29_3_T-1
	- HRV_Pula-31_1_T-1
	- HRV_Pula-33_2_T-1
	- HRV_Pula-6_2_T-1
	- HRV_Pula-32_2_T-1
	- HRV_Pula-9_2_T-1
	- HRV_Pula-5_2_T-1
	- HRV_Pula-5_3_T-1
	- HRV_Pula-9_4_T-1
	- HRV_Pula-8_3_T-1
	- ITA_CarpiCentro-1_3_T-1
	- HRV_Pula-7_2_T-1
	- ITA_CarpiCentro-5_1_T-1
	- ITA_CarpiCentro-3_1_T-1
	- ITA_CarpiCentro-8_3_T-1
	- ITA_CarpiCentro-6_2_T-1
	- ITA_Empoli-18_1_T-1
	- ITA_Empoli-10_1_T-1
	- ITA_Empoli-2_5_T-1
	- ITA_CarpiCentro-2_4_T-1
	- ITA_Empoli-3_1_T-1
	- ITA_Empoli-2_4_T-1
	- ITA_CarpiCentro-7_1_T-1
	- ITA_Empoli-7_3_T-1
	- ITA_Foggia-11_1_T-1
	- ITA_Empoli-8_2_T-1
	- ITA_Foggia-10_1_T-1
	- ITA_Empoli-4_2_T-1
	- ITA_Foggia-3_1_T-1
	- ITA_Foggia-1_1_T-1
	- ITA_Foggia-4_2_T-1
	- ITA_Foggia-6_1_T-1
	- ITA_SanGiorgioaCremano-2_1_T-1
	- ITA_Foggia-13_1_T-1
	- ITA_SanGiorgioaCremano-3_1_T-1
	- ITA_Foggia-5_1_T-1
	- ITA_Segrate-1_2_T-1
	- ITA_Segrate-2_3_T-1
	- ITA_Siderno-3_2_T-1
	- ITA_Siderno-10_1_T-1
	- ITA_Siderno-2_4_T-1
	- ITA_Siderno-4_3_T-1
	- ITA_Scicli-2_1_T-1
	- ITA_Siderno-4_4_T-1
	- ITA_Siderno-5_4_T-1
	- ITA_Siderno-8_5_T-1
	- ITA_Foggia-7_2_T-1
	- ITA_Siderno-8_4_T-1
	- PRI_Barceloneta-2_1_T-1
	- PRI_Barceloneta-3_1_T-1
	- RUS_Bicycle-11_1_T-1
	- PRI_Barceloneta-4_3_T-1
	- PRI_Barceloneta-4_5_T-1
	- RUS_Bicycle-10_1_T-1
	- RUS_Bicycle-12_1_T-1
	- RUS_Bicycle-1_1_T-1
	- RUS_Bicycle-13_1_T-1
	- RUS_Bicycle-14_1_T-1
	- RUS_Bicycle-5_1_T-1
	- RUS_Bicycle-6_1_T-1
	- RUS_Bicycle-4_2_T-1
	- RUS_Bicycle-8_1_T-1
	- RUS_Bicycle-9_1_T-1
	- RUS_Bicycle-7_1_T-1
	- RUS_Bicycle-2_1_T-1
	- RUS_Bicycle-3_1_T-1
	- USA_Peach-1_1_T-1
	- USA_Lanker-1_2_T-1
	- USA_US101-18_2_T-1
	- USA_US101-16_2_T-1
	- USA_US101-21_2_T-1
	- USA_US101-20_2_T-1
	- USA_US101-23_2_T-1
	- USA_US101-25_2_T-1
	- USA_US101-24_2_T-1
	- USA_US101-26_2_T-1
	- USA_US101-8_4_T-1
2022-11-29 12:56:25,781	Batch Processor	INFO	==============================      Solution not found      ==============================
	- ARG_Carcarana-8_4_T-1
	- BEL_Aarschot-6_1_T-1
	- BEL_Putte-14_3_T-1
	- BEL_Putte-17_1_T-1
	- DEU_Flensburg-64_1_T-1
	- DEU_Guetersloh-10_4_T-1
	- DEU_Lohmar-19_1_T-1
	- DEU_Lohmar-28_1_T-1
	- DEU_Speyer-2_1_T-1
	- ESP_Ceuta-11_1_T-1
	- ESP_Ceuta-5_1_T-1
	- ESP_Inca-3_2_T-1
	- ESP_SantBoideLlobregat-22_3_T-1
	- ESP_SantBoideLlobregat-4_1_T-1
	- FRA_Anglet-2_1_T-1
	- GRC_Perama-1_1_T-1
	- ITA_Foggia-12_1_T-1
	- ITA_Foggia-19_1_T-1
	- USA_US101-10_4_T-1
2022-11-29 12:56:25,782	Batch Processor	INFO	==============================           Time out           ==============================
	- DEU_Flensburg-10_1_T-1
	- DEU_Flensburg-11_1_T-1
	- DEU_Flensburg-12_1_T-1
	- DEU_Flensburg-14_1_T-1
	- DEU_Flensburg-15_1_T-1
	- DEU_Flensburg-16_1_T-1
	- DEU_Flensburg-17_1_T-1
	- DEU_Flensburg-18_1_T-1
	- DEU_Flensburg-19_1_T-1
	- DEU_Flensburg-21_1_T-1
	- DEU_Flensburg-22_1_T-1
	- DEU_Flensburg-23_1_T-1
	- DEU_Flensburg-24_1_T-1
	- DEU_Flensburg-26_1_T-1
	- DEU_Flensburg-27_1_T-1
	- DEU_Flensburg-29_1_T-1
	- DEU_Flensburg-2_1_T-1
	- DEU_Flensburg-30_1_T-1
	- DEU_Flensburg-31_1_T-1
	- DEU_Flensburg-33_1_T-1
	- DEU_Flensburg-32_1_T-1
	- DEU_Flensburg-34_1_T-1
	- DEU_Flensburg-35_1_T-1
	- DEU_Flensburg-36_1_T-1
	- DEU_Flensburg-38_1_T-1
	- DEU_Flensburg-41_1_T-1
	- DEU_Flensburg-40_1_T-1
	- DEU_Flensburg-37_1_T-1
	- DEU_Flensburg-42_1_T-1
	- DEU_Flensburg-43_1_T-1
	- DEU_Flensburg-44_1_T-1
	- DEU_Flensburg-45_1_T-1
	- DEU_Flensburg-46_1_T-1
	- DEU_Flensburg-47_1_T-1
	- DEU_Flensburg-48_1_T-1
	- DEU_Flensburg-49_1_T-1
	- DEU_Flensburg-50_1_T-1
	- DEU_Flensburg-52_1_T-1
	- DEU_Flensburg-51_1_T-1
	- DEU_Flensburg-54_1_T-1
	- DEU_Flensburg-55_1_T-1
	- DEU_Flensburg-56_1_T-1
	- DEU_Flensburg-57_1_T-1
	- DEU_Flensburg-58_1_T-1
	- DEU_Flensburg-59_1_T-1
	- DEU_Flensburg-60_1_T-1
	- DEU_Flensburg-61_1_T-1
	- DEU_Flensburg-62_1_T-1
	- DEU_Flensburg-63_1_T-1
	- DEU_Flensburg-65_1_T-1
	- DEU_Flensburg-66_1_T-1
	- DEU_Flensburg-67_1_T-1
	- DEU_Flensburg-69_1_T-1
	- DEU_Flensburg-74_1_T-1
	- DEU_Flensburg-75_1_T-1
	- DEU_Flensburg-76_1_T-1
	- DEU_Flensburg-77_1_T-1
	- DEU_Flensburg-78_1_T-1
	- DEU_Flensburg-79_1_T-1
	- DEU_Flensburg-80_1_T-1
	- DEU_Flensburg-81_1_T-1
	- DEU_Flensburg-83_1_T-1
	- DEU_Flensburg-85_1_T-1
	- DEU_Flensburg-84_1_T-1
	- DEU_Flensburg-86_1_T-1
	- DEU_Flensburg-87_1_T-1
	- DEU_Flensburg-88_1_T-1
	- DEU_Flensburg-89_1_T-1
	- DEU_Flensburg-90_1_T-1
	- DEU_Flensburg-91_1_T-1
	- DEU_Flensburg-92_1_T-1
	- DEU_Flensburg-93_1_T-1
	- DEU_Flensburg-94_1_T-1
	- DEU_Flensburg-95_1_T-1
	- DEU_Flensburg-96_1_T-1
	- DEU_Flensburg-97_1_T-1
	- DEU_Flensburg-98_1_T-1
	- DEU_Lohmar-10_1_T-1
	- DEU_Lohmar-11_1_T-1
	- DEU_Lohmar-12_1_T-1
	- DEU_Lohmar-13_1_T-1
	- DEU_Lohmar-15_1_T-1
	- DEU_Lohmar-16_1_T-1
	- DEU_Lohmar-17_1_T-1
	- DEU_Lohmar-18_1_T-1
	- DEU_Lohmar-20_1_T-1
	- DEU_Lohmar-21_1_T-1
	- DEU_Lohmar-22_1_T-1
	- DEU_Lohmar-27_1_T-1
	- DEU_Lohmar-26_1_T-1
	- DEU_Lohmar-25_1_T-1
	- DEU_Lohmar-29_1_T-1
	- DEU_Lohmar-30_1_T-1
	- DEU_Lohmar-31_1_T-1
	- DEU_Lohmar-32_1_T-1
	- DEU_Lohmar-33_1_T-1
	- DEU_Lohmar-35_1_T-1
	- DEU_Lohmar-36_1_T-1
	- DEU_Lohmar-37_1_T-1
	- DEU_Lohmar-38_1_T-1
	- DEU_Lohmar-40_1_T-1
	- DEU_Lohmar-39_1_T-1
	- DEU_Lohmar-41_1_T-1
	- DEU_Lohmar-42_1_T-1
	- DEU_Lohmar-43_1_T-1
	- DEU_Lohmar-44_1_T-1
	- DEU_Lohmar-45_1_T-1
	- DEU_Lohmar-47_1_T-1
	- DEU_Lohmar-48_1_T-1
	- DEU_Lohmar-49_1_T-1
	- DEU_Lohmar-51_1_T-1
	- DEU_Lohmar-53_1_T-1
	- DEU_Lohmar-54_1_T-1
	- DEU_Lohmar-55_1_T-1
	- DEU_Lohmar-56_1_T-1
	- DEU_Lohmar-57_1_T-1
	- DEU_Lohmar-58_1_T-1
	- DEU_Lohmar-59_1_T-1
	- DEU_Lohmar-60_1_T-1
	- DEU_Lohmar-61_1_T-1
	- DEU_Lohmar-62_1_T-1
	- DEU_Lohmar-64_1_T-1
	- DEU_Lohmar-66_1_T-1
	- DEU_Lohmar-65_1_T-1
	- DEU_Lohmar-68_1_T-1
	- DEU_Lohmar-69_1_T-1
	- DEU_Lohmar-70_1_T-1
	- DEU_Lohmar-8_1_T-1
	- DEU_Lohmar-9_1_T-1
	- DEU_Luckenwalde-1_1_T-1
	- DEU_Reutlingen-1_1_T-1
	- DEU_Reutlingen-2_1_T-1
	- DEU_Reutlingen-3_1_T-1
	- DEU_Reutlingen-5_1_T-1
	- DEU_Reutlingen-6_1_T-1
	- USA_Peach-3_1_T-1
	- USA_Peach-2_1_T-1
	- USA_US101-11_4_T-1
	- USA_US101-12_1_T-1
	- USA_US101-13_4_T-1
	- USA_US101-14_1_T-1
	- USA_US101-15_1_T-1
	- USA_US101-17_1_T-1
	- USA_US101-22_4_T-1
	- USA_US101-27_1_T-1
	- USA_US101-28_1_T-1
	- USA_US101-29_1_T-1
	- USA_US101-3_1_T-1
	- USA_US101-3_2_S-1
	- USA_US101-4_1_T-1
	- USA_US101-5_1_T-1
	- USA_US101-6_1_T-1
	- USA_US101-9_1_T-1
2022-11-29 12:56:25,782	Batch Processor	INFO	
==============================        Result Summary        ==============================
2022-11-29 12:56:25,782	Batch Processor	INFO	Total number of scenarios:  	       500
2022-11-29 12:56:25,783	Batch Processor	INFO	Solution found:               	       326
2022-11-29 12:56:25,783	Batch Processor	INFO	Solution found but invalid:   	         0
2022-11-29 12:56:25,783	Batch Processor	INFO	Solution not found:           	        19
2022-11-29 12:56:25,784	Batch Processor	INFO	Exception occurred:           	         0
2022-11-29 12:56:25,784	Batch Processor	INFO	Time out:                     	       153
