2022-12-18 12:42:18,245	Batch Processor	INFO	Config file loaded and logger created.
2022-12-18 12:42:18,249	Batch Processor	INFO	18 scenarios skipped.
2022-12-18 12:42:18,249	Batch Processor	INFO	ScenarioLoader Mode <DEFAULT>
2022-12-18 12:42:18,249	Batch Processor	INFO	Run on all scenarios, except the skipped scenarios
2022-12-18 12:42:18,249	Batch Processor	INFO	Number of scenarios: 500
2022-12-18 12:42:18,261	Batch Processor	INFO	Automaton loaded for vehicle type: BMW_320i
2022-12-18 12:42:18,262	Batch Processor	INFO	Motion planner: student
2022-12-18 12:42:18,284	Batch Processor	INFO	Number of parallel processes: 6
2022-12-18 13:23:25,700	Batch Processor	INFO	==============================        Search Results        ==============================
2022-12-18 13:23:25,718	Batch Processor	INFO	[ARG_Carcarana-11_1_T-1        ]	<SUCCESS>	 Time [ms]:	  2878	
2022-12-18 13:23:25,724	Batch Processor	INFO	[ARG_Carcarana-13_1_T-1        ]	<SUCCESS>	 Time [ms]:	  1177	
2022-12-18 13:23:25,727	Batch Processor	INFO	[ARG_Carcarana-2_3_T-1         ]	<SUCCESS>	 Time [ms]:	  2637	
2022-12-18 13:23:25,735	Batch Processor	INFO	[ARG_Carcarana-3_3_T-1         ]	<SUCCESS>	 Time [ms]:	  3583	
2022-12-18 13:23:25,737	Batch Processor	INFO	[ARG_Carcarana-5_2_T-1         ]	<SUCCESS>	 Time [ms]:	  1975	
2022-12-18 13:23:25,741	Batch Processor	INFO	[ARG_Carcarana-7_1_T-1         ]	<SUCCESS>	 Time [ms]:	  2869	
2022-12-18 13:23:25,742	Batch Processor	INFO	[ARG_Carcarana-8_4_T-1         ]	<FAILURE>	 Time [ms]:	  1021
2022-12-18 13:23:25,747	Batch Processor	INFO	[ARG_Carcarana-9_2_T-1         ]	<SUCCESS>	 Time [ms]:	  2477	
2022-12-18 13:23:25,749	Batch Processor	INFO	[BEL_Aarschot-11_1_T-1         ]	<SUCCESS>	 Time [ms]:	   731	
2022-12-18 13:23:25,752	Batch Processor	INFO	[BEL_Aarschot-1_2_T-1          ]	<SUCCESS>	 Time [ms]:	  1286	
2022-12-18 13:23:25,754	Batch Processor	INFO	[BEL_Aarschot-3_1_T-1          ]	<SUCCESS>	 Time [ms]:	   515	
2022-12-18 13:23:25,755	Batch Processor	INFO	[BEL_Aarschot-5_1_T-1          ]	<SUCCESS>	 Time [ms]:	  1160	
2022-12-18 13:23:25,755	Batch Processor	INFO	[BEL_Aarschot-6_1_T-1          ]	<FAILURE>	 Time [ms]:	  1050
2022-12-18 13:23:25,756	Batch Processor	INFO	[BEL_Beringen-1_1_T-1          ]	<SUCCESS>	 Time [ms]:	  1196	
2022-12-18 13:23:25,761	Batch Processor	INFO	[BEL_Beringen-8_1_T-1          ]	<SUCCESS>	 Time [ms]:	  2231	
2022-12-18 13:23:25,763	Batch Processor	INFO	[BEL_Nivelles-10_1_T-1         ]	<SUCCESS>	 Time [ms]:	   511	
2022-12-18 13:23:25,764	Batch Processor	INFO	[BEL_Nivelles-16_2_T-1         ]	<SUCCESS>	 Time [ms]:	   392	
2022-12-18 13:23:25,767	Batch Processor	INFO	[BEL_Nivelles-18_2_T-1         ]	<SUCCESS>	 Time [ms]:	  3091	
2022-12-18 13:23:25,768	Batch Processor	INFO	[BEL_Nivelles-19_1_T-1         ]	<SUCCESS>	 Time [ms]:	  1197	
2022-12-18 13:23:25,769	Batch Processor	INFO	[BEL_Nivelles-1_1_T-1          ]	<SUCCESS>	 Time [ms]:	  1015	
2022-12-18 13:23:25,773	Batch Processor	INFO	[BEL_Nivelles-20_1_T-1         ]	<SUCCESS>	 Time [ms]:	  4693	
2022-12-18 13:23:25,774	Batch Processor	INFO	[BEL_Nivelles-3_1_T-1          ]	<SUCCESS>	 Time [ms]:	  1169	
2022-12-18 13:23:25,775	Batch Processor	INFO	[BEL_Nivelles-4_2_T-1          ]	<SUCCESS>	 Time [ms]:	  2983	
2022-12-18 13:23:25,781	Batch Processor	INFO	[BEL_Nivelles-9_2_T-1          ]	<SUCCESS>	 Time [ms]:	  2775	
2022-12-18 13:23:25,782	Batch Processor	INFO	[BEL_Putte-10_2_T-1            ]	<SUCCESS>	 Time [ms]:	   584	
2022-12-18 13:23:25,783	Batch Processor	INFO	[BEL_Putte-11_2_T-1            ]	<SUCCESS>	 Time [ms]:	   604	
2022-12-18 13:23:25,784	Batch Processor	INFO	[BEL_Putte-14_3_T-1            ]	<FAILURE>	 Time [ms]:	   386
2022-12-18 13:23:25,784	Batch Processor	INFO	[BEL_Putte-17_1_T-1            ]	<FAILURE>	 Time [ms]:	   508
2022-12-18 13:23:25,786	Batch Processor	INFO	[BEL_Putte-2_1_T-1             ]	<SUCCESS>	 Time [ms]:	  1313	
2022-12-18 13:23:25,786	Batch Processor	INFO	[BEL_Putte-3_1_T-1             ]	<SUCCESS>	 Time [ms]:	   690	
2022-12-18 13:23:25,790	Batch Processor	INFO	[BEL_Putte-4_2_T-1             ]	<SUCCESS>	 Time [ms]:	  1223	
2022-12-18 13:23:25,791	Batch Processor	INFO	[BEL_Putte-6_1_T-1             ]	<SUCCESS>	 Time [ms]:	   754	
2022-12-18 13:23:25,793	Batch Processor	INFO	[BEL_Wervik-1_4_T-1            ]	<SUCCESS>	 Time [ms]:	  1075	
2022-12-18 13:23:25,795	Batch Processor	INFO	[BEL_Wervik-2_2_T-1            ]	<SUCCESS>	 Time [ms]:	  1719	
2022-12-18 13:23:25,795	Batch Processor	INFO	[BEL_Wervik-4_1_T-1            ]	<SUCCESS>	 Time [ms]:	  1471	
2022-12-18 13:23:25,797	Batch Processor	INFO	[BEL_Zaventem-1_2_T-1          ]	<SUCCESS>	 Time [ms]:	  1578	
2022-12-18 13:23:25,799	Batch Processor	INFO	[BEL_Zaventem-3_1_T-1          ]	<SUCCESS>	 Time [ms]:	  2303	
2022-12-18 13:23:25,801	Batch Processor	INFO	[BEL_Zaventem-4_1_T-1          ]	<SUCCESS>	 Time [ms]:	   904	
2022-12-18 13:23:25,803	Batch Processor	INFO	[BEL_Zaventem-5_3_T-1          ]	<SUCCESS>	 Time [ms]:	   946	
2022-12-18 13:23:25,806	Batch Processor	INFO	[BEL_Zwevegem-2_3_T-1          ]	<SUCCESS>	 Time [ms]:	  1309	
2022-12-18 13:23:25,806	Batch Processor	INFO	[BEL_Zwevegem-3_1_T-1          ]	<SUCCESS>	 Time [ms]:	  1096	
2022-12-18 13:23:25,807	Batch Processor	INFO	[BEL_Zwevegem-5_2_T-1          ]	<SUCCESS>	 Time [ms]:	  1944	
2022-12-18 13:23:25,808	Batch Processor	INFO	[BEL_Zwevegem-7_2_T-1          ]	<SUCCESS>	 Time [ms]:	  1276	
2022-12-18 13:23:25,809	Batch Processor	INFO	[BEL_Zwevegem-8_1_T-1          ]	<SUCCESS>	 Time [ms]:	  1133	
2022-12-18 13:23:25,810	Batch Processor	INFO	[BEL_Zwevegem-8_4_T-1          ]	<SUCCESS>	 Time [ms]:	   907	
2022-12-18 13:23:25,812	Batch Processor	INFO	[DEU_Backnang-1_2_T-1          ]	<SUCCESS>	 Time [ms]:	  2714	
2022-12-18 13:23:25,813	Batch Processor	INFO	[DEU_Backnang-4_1_T-1          ]	<SUCCESS>	 Time [ms]:	  1262	
2022-12-18 13:23:25,814	Batch Processor	INFO	[DEU_Backnang-5_1_T-1          ]	<SUCCESS>	 Time [ms]:	  1532	
2022-12-18 13:23:25,816	Batch Processor	INFO	[DEU_Backnang-6_1_T-1          ]	<SUCCESS>	 Time [ms]:	  1181	
2022-12-18 13:23:25,818	Batch Processor	INFO	[DEU_Backnang-9_1_T-1          ]	<SUCCESS>	 Time [ms]:	   718	
2022-12-18 13:23:25,819	Batch Processor	INFO	[DEU_BadEssen-3_1_T-1          ]	<SUCCESS>	 Time [ms]:	  2162	
2022-12-18 13:23:25,820	Batch Processor	INFO	[DEU_BadEssen-4_1_T-1          ]	<SUCCESS>	 Time [ms]:	   684	
2022-12-18 13:23:25,821	Batch Processor	INFO	[DEU_BadWaldsee-1_1_T-1        ]	<SUCCESS>	 Time [ms]:	  1442	
2022-12-18 13:23:25,822	Batch Processor	INFO	[DEU_BadWaldsee-4_2_T-1        ]	<SUCCESS>	 Time [ms]:	   697	
2022-12-18 13:23:25,823	Batch Processor	INFO	[DEU_BadWaldsee-4_5_T-1        ]	<SUCCESS>	 Time [ms]:	  1051	
2022-12-18 13:23:25,824	Batch Processor	INFO	[DEU_Bilderstoeckchen-2_3_T-1  ]	<SUCCESS>	 Time [ms]:	   886	
2022-12-18 13:23:25,825	Batch Processor	INFO	[DEU_Bilderstoeckchen-4_1_T-1  ]	<SUCCESS>	 Time [ms]:	   797	
2022-12-18 13:23:25,829	Batch Processor	INFO	[DEU_Flensburg-10_1_T-1        ]	<SUCCESS>	 Time [ms]:	  1002	
2022-12-18 13:23:25,833	Batch Processor	INFO	[DEU_Flensburg-11_1_T-1        ]	<SUCCESS>	 Time [ms]:	  2999	
2022-12-18 13:23:25,836	Batch Processor	INFO	[DEU_Flensburg-12_1_T-1        ]	<SUCCESS>	 Time [ms]:	  1472	
2022-12-18 13:23:25,836	Batch Processor	INFO	[DEU_Flensburg-13_1_T-1        ]	<TIMEOUT>	 Time [ms]:	120000
2022-12-18 13:23:25,839	Batch Processor	INFO	[DEU_Flensburg-14_1_T-1        ]	<SUCCESS>	 Time [ms]:	  1729	
2022-12-18 13:23:25,839	Batch Processor	INFO	[DEU_Flensburg-15_1_T-1        ]	<TIMEOUT>	 Time [ms]:	120000
2022-12-18 13:23:25,840	Batch Processor	INFO	[DEU_Flensburg-16_1_T-1        ]	<TIMEOUT>	 Time [ms]:	120000
2022-12-18 13:23:25,840	Batch Processor	INFO	[DEU_Flensburg-17_1_T-1        ]	<TIMEOUT>	 Time [ms]:	120000
2022-12-18 13:23:25,841	Batch Processor	INFO	[DEU_Flensburg-18_1_T-1        ]	<TIMEOUT>	 Time [ms]:	120000
2022-12-18 13:23:25,842	Batch Processor	INFO	[DEU_Flensburg-19_1_T-1        ]	<TIMEOUT>	 Time [ms]:	120000
2022-12-18 13:23:25,846	Batch Processor	INFO	[DEU_Flensburg-20_1_T-1        ]	<SUCCESS>	 Time [ms]:	  1564	
2022-12-18 13:23:25,849	Batch Processor	INFO	[DEU_Flensburg-21_1_T-1        ]	<SUCCESS>	 Time [ms]:	  1163	
2022-12-18 13:23:25,851	Batch Processor	INFO	[DEU_Flensburg-22_1_T-1        ]	<SUCCESS>	 Time [ms]:	  1820	
2022-12-18 13:23:25,852	Batch Processor	INFO	[DEU_Flensburg-23_1_T-1        ]	<TIMEOUT>	 Time [ms]:	120000
2022-12-18 13:23:25,852	Batch Processor	INFO	[DEU_Flensburg-24_1_T-1        ]	<TIMEOUT>	 Time [ms]:	120000
2022-12-18 13:23:25,855	Batch Processor	INFO	[DEU_Flensburg-25_1_T-1        ]	<SUCCESS>	 Time [ms]:	  1205	
2022-12-18 13:23:25,855	Batch Processor	INFO	[DEU_Flensburg-26_1_T-1        ]	<TIMEOUT>	 Time [ms]:	120000
2022-12-18 13:23:25,858	Batch Processor	INFO	[DEU_Flensburg-27_1_T-1        ]	<SUCCESS>	 Time [ms]:	  1225	
2022-12-18 13:23:25,859	Batch Processor	INFO	[DEU_Flensburg-28_1_T-1        ]	<TIMEOUT>	 Time [ms]:	120000
2022-12-18 13:23:25,859	Batch Processor	INFO	[DEU_Flensburg-29_1_T-1        ]	<TIMEOUT>	 Time [ms]:	120000
2022-12-18 13:23:25,859	Batch Processor	INFO	[DEU_Flensburg-2_1_T-1         ]	<TIMEOUT>	 Time [ms]:	120000
2022-12-18 13:23:25,860	Batch Processor	INFO	[DEU_Flensburg-30_1_T-1        ]	<TIMEOUT>	 Time [ms]:	120000
2022-12-18 13:23:25,860	Batch Processor	INFO	[DEU_Flensburg-31_1_T-1        ]	<TIMEOUT>	 Time [ms]:	120000
2022-12-18 13:23:25,860	Batch Processor	INFO	[DEU_Flensburg-32_1_T-1        ]	<TIMEOUT>	 Time [ms]:	120000
2022-12-18 13:23:25,861	Batch Processor	INFO	[DEU_Flensburg-33_1_T-1        ]	<TIMEOUT>	 Time [ms]:	120000
2022-12-18 13:23:25,861	Batch Processor	INFO	[DEU_Flensburg-34_1_T-1        ]	<TIMEOUT>	 Time [ms]:	120000
2022-12-18 13:23:25,862	Batch Processor	INFO	[DEU_Flensburg-35_1_T-1        ]	<TIMEOUT>	 Time [ms]:	120000
2022-12-18 13:23:25,862	Batch Processor	INFO	[DEU_Flensburg-36_1_T-1        ]	<TIMEOUT>	 Time [ms]:	120000
2022-12-18 13:23:25,862	Batch Processor	INFO	[DEU_Flensburg-37_1_T-1        ]	<TIMEOUT>	 Time [ms]:	120000
2022-12-18 13:23:25,862	Batch Processor	INFO	[DEU_Flensburg-38_1_T-1        ]	<TIMEOUT>	 Time [ms]:	120000
2022-12-18 13:23:25,866	Batch Processor	INFO	[DEU_Flensburg-39_1_T-1        ]	<SUCCESS>	 Time [ms]:	  2114	
2022-12-18 13:23:25,867	Batch Processor	INFO	[DEU_Flensburg-40_1_T-1        ]	<TIMEOUT>	 Time [ms]:	120000
2022-12-18 13:23:25,869	Batch Processor	INFO	[DEU_Flensburg-41_1_T-1        ]	<SUCCESS>	 Time [ms]:	  1726	
2022-12-18 13:23:25,869	Batch Processor	INFO	[DEU_Flensburg-42_1_T-1        ]	<TIMEOUT>	 Time [ms]:	120000
2022-12-18 13:23:25,873	Batch Processor	INFO	[DEU_Flensburg-43_1_T-1        ]	<SUCCESS>	 Time [ms]:	  1574	
2022-12-18 13:23:25,873	Batch Processor	INFO	[DEU_Flensburg-44_1_T-1        ]	<TIMEOUT>	 Time [ms]:	120000
2022-12-18 13:23:25,874	Batch Processor	INFO	[DEU_Flensburg-45_1_T-1        ]	<TIMEOUT>	 Time [ms]:	120000
2022-12-18 13:23:25,878	Batch Processor	INFO	[DEU_Flensburg-46_1_T-1        ]	<SUCCESS>	 Time [ms]:	  2205	
2022-12-18 13:23:25,879	Batch Processor	INFO	[DEU_Flensburg-47_1_T-1        ]	<TIMEOUT>	 Time [ms]:	120000
2022-12-18 13:23:25,880	Batch Processor	INFO	[DEU_Flensburg-48_1_T-1        ]	<SUCCESS>	 Time [ms]:	   678	
2022-12-18 13:23:25,881	Batch Processor	INFO	[DEU_Flensburg-49_1_T-1        ]	<TIMEOUT>	 Time [ms]:	120000
2022-12-18 13:23:25,881	Batch Processor	INFO	[DEU_Flensburg-50_1_T-1        ]	<TIMEOUT>	 Time [ms]:	120000
2022-12-18 13:23:25,886	Batch Processor	INFO	[DEU_Flensburg-51_1_T-1        ]	<SUCCESS>	 Time [ms]:	 22797	
2022-12-18 13:23:25,890	Batch Processor	INFO	[DEU_Flensburg-52_1_T-1        ]	<SUCCESS>	 Time [ms]:	  6508	
2022-12-18 13:23:25,892	Batch Processor	INFO	[DEU_Flensburg-53_1_T-1        ]	<SUCCESS>	 Time [ms]:	  1364	
2022-12-18 13:23:25,896	Batch Processor	INFO	[DEU_Flensburg-54_1_T-1        ]	<SUCCESS>	 Time [ms]:	  1410	
2022-12-18 13:23:25,899	Batch Processor	INFO	[DEU_Flensburg-55_1_T-1        ]	<SUCCESS>	 Time [ms]:	  3026	
2022-12-18 13:23:25,901	Batch Processor	INFO	[DEU_Flensburg-56_1_T-1        ]	<SUCCESS>	 Time [ms]:	  2465	
2022-12-18 13:23:25,903	Batch Processor	INFO	[DEU_Flensburg-57_1_T-1        ]	<SUCCESS>	 Time [ms]:	  1584	
2022-12-18 13:23:25,904	Batch Processor	INFO	[DEU_Flensburg-58_1_T-1        ]	<TIMEOUT>	 Time [ms]:	120000
2022-12-18 13:23:25,907	Batch Processor	INFO	[DEU_Flensburg-59_1_T-1        ]	<SUCCESS>	 Time [ms]:	  1356	
2022-12-18 13:23:25,907	Batch Processor	INFO	[DEU_Flensburg-60_1_T-1        ]	<TIMEOUT>	 Time [ms]:	120000
2022-12-18 13:23:25,911	Batch Processor	INFO	[DEU_Flensburg-61_1_T-1        ]	<SUCCESS>	 Time [ms]:	  1149	
2022-12-18 13:23:25,911	Batch Processor	INFO	[DEU_Flensburg-62_1_T-1        ]	<TIMEOUT>	 Time [ms]:	120000
2022-12-18 13:23:25,912	Batch Processor	INFO	[DEU_Flensburg-63_1_T-1        ]	<TIMEOUT>	 Time [ms]:	120000
2022-12-18 13:23:25,912	Batch Processor	INFO	[DEU_Flensburg-64_1_T-1        ]	<FAILURE>	 Time [ms]:	  1017
2022-12-18 13:23:25,915	Batch Processor	INFO	[DEU_Flensburg-65_1_T-1        ]	<SUCCESS>	 Time [ms]:	  1222	
2022-12-18 13:23:25,916	Batch Processor	INFO	[DEU_Flensburg-66_1_T-1        ]	<TIMEOUT>	 Time [ms]:	120000
2022-12-18 13:23:25,918	Batch Processor	INFO	[DEU_Flensburg-67_1_T-1        ]	<SUCCESS>	 Time [ms]:	  4921	
2022-12-18 13:23:25,919	Batch Processor	INFO	[DEU_Flensburg-68_1_T-1        ]	<TIMEOUT>	 Time [ms]:	120000
2022-12-18 13:23:25,919	Batch Processor	INFO	[DEU_Flensburg-69_1_T-1        ]	<TIMEOUT>	 Time [ms]:	120000
2022-12-18 13:23:25,922	Batch Processor	INFO	[DEU_Flensburg-70_1_T-1        ]	<SUCCESS>	 Time [ms]:	  1321	
2022-12-18 13:23:25,925	Batch Processor	INFO	[DEU_Flensburg-71_1_T-1        ]	<SUCCESS>	 Time [ms]:	  1037	
2022-12-18 13:23:25,926	Batch Processor	INFO	[DEU_Flensburg-72_1_T-1        ]	<TIMEOUT>	 Time [ms]:	120000
2022-12-18 13:23:25,929	Batch Processor	INFO	[DEU_Flensburg-73_1_T-1        ]	<SUCCESS>	 Time [ms]:	   903	
2022-12-18 13:23:25,930	Batch Processor	INFO	[DEU_Flensburg-74_1_T-1        ]	<TIMEOUT>	 Time [ms]:	120000
2022-12-18 13:23:25,930	Batch Processor	INFO	[DEU_Flensburg-75_1_T-1        ]	<TIMEOUT>	 Time [ms]:	120000
2022-12-18 13:23:25,931	Batch Processor	INFO	[DEU_Flensburg-76_1_T-1        ]	<TIMEOUT>	 Time [ms]:	120000
2022-12-18 13:23:25,934	Batch Processor	INFO	[DEU_Flensburg-77_1_T-1        ]	<SUCCESS>	 Time [ms]:	 20814	
2022-12-18 13:23:25,936	Batch Processor	INFO	[DEU_Flensburg-78_1_T-1        ]	<SUCCESS>	 Time [ms]:	  1356	
2022-12-18 13:23:25,936	Batch Processor	INFO	[DEU_Flensburg-79_1_T-1        ]	<TIMEOUT>	 Time [ms]:	120000
2022-12-18 13:23:25,937	Batch Processor	INFO	[DEU_Flensburg-80_1_T-1        ]	<TIMEOUT>	 Time [ms]:	120000
2022-12-18 13:23:25,937	Batch Processor	INFO	[DEU_Flensburg-81_1_T-1        ]	<TIMEOUT>	 Time [ms]:	120000
2022-12-18 13:23:25,940	Batch Processor	INFO	[DEU_Flensburg-82_1_T-1        ]	<SUCCESS>	 Time [ms]:	   942	
2022-12-18 13:23:25,941	Batch Processor	INFO	[DEU_Flensburg-83_1_T-1        ]	<TIMEOUT>	 Time [ms]:	120000
2022-12-18 13:23:25,941	Batch Processor	INFO	[DEU_Flensburg-84_1_T-1        ]	<TIMEOUT>	 Time [ms]:	120000
2022-12-18 13:23:25,942	Batch Processor	INFO	[DEU_Flensburg-85_1_T-1        ]	<TIMEOUT>	 Time [ms]:	120000
2022-12-18 13:23:25,942	Batch Processor	INFO	[DEU_Flensburg-86_1_T-1        ]	<TIMEOUT>	 Time [ms]:	120000
2022-12-18 13:23:25,944	Batch Processor	INFO	[DEU_Flensburg-87_1_T-1        ]	<SUCCESS>	 Time [ms]:	  1243	
2022-12-18 13:23:25,948	Batch Processor	INFO	[DEU_Flensburg-88_1_T-1        ]	<SUCCESS>	 Time [ms]:	  1246	
2022-12-18 13:23:25,949	Batch Processor	INFO	[DEU_Flensburg-89_1_T-1        ]	<TIMEOUT>	 Time [ms]:	120000
2022-12-18 13:23:25,949	Batch Processor	INFO	[DEU_Flensburg-90_1_T-1        ]	<TIMEOUT>	 Time [ms]:	120000
2022-12-18 13:23:25,950	Batch Processor	INFO	[DEU_Flensburg-91_1_T-1        ]	<TIMEOUT>	 Time [ms]:	120000
2022-12-18 13:23:25,950	Batch Processor	INFO	[DEU_Flensburg-92_1_T-1        ]	<TIMEOUT>	 Time [ms]:	120000
2022-12-18 13:23:25,955	Batch Processor	INFO	[DEU_Flensburg-93_1_T-1        ]	<SUCCESS>	 Time [ms]:	  1565	
2022-12-18 13:23:25,955	Batch Processor	INFO	[DEU_Flensburg-94_1_T-1        ]	<TIMEOUT>	 Time [ms]:	120000
2022-12-18 13:23:25,959	Batch Processor	INFO	[DEU_Flensburg-95_1_T-1        ]	<SUCCESS>	 Time [ms]:	  1442	
2022-12-18 13:23:25,959	Batch Processor	INFO	[DEU_Flensburg-96_1_T-1        ]	<TIMEOUT>	 Time [ms]:	120000
2022-12-18 13:23:25,960	Batch Processor	INFO	[DEU_Flensburg-97_1_T-1        ]	<TIMEOUT>	 Time [ms]:	120000
2022-12-18 13:23:25,963	Batch Processor	INFO	[DEU_Flensburg-98_1_T-1        ]	<SUCCESS>	 Time [ms]:	  1062	
2022-12-18 13:23:25,963	Batch Processor	INFO	[DEU_Flensburg-99_1_T-1        ]	<TIMEOUT>	 Time [ms]:	120000
2022-12-18 13:23:25,963	Batch Processor	INFO	[DEU_Guetersloh-10_4_T-1       ]	<FAILURE>	 Time [ms]:	  1128
2022-12-18 13:23:25,964	Batch Processor	INFO	[DEU_Guetersloh-10_5_T-1       ]	<SUCCESS>	 Time [ms]:	  2551	
2022-12-18 13:23:25,965	Batch Processor	INFO	[DEU_Guetersloh-11_3_T-1       ]	<SUCCESS>	 Time [ms]:	   960	
2022-12-18 13:23:25,966	Batch Processor	INFO	[DEU_Guetersloh-12_1_T-1       ]	<SUCCESS>	 Time [ms]:	   634	
2022-12-18 13:23:25,967	Batch Processor	INFO	[DEU_Guetersloh-14_2_T-1       ]	<SUCCESS>	 Time [ms]:	   740	
2022-12-18 13:23:25,968	Batch Processor	INFO	[DEU_Guetersloh-15_2_T-1       ]	<SUCCESS>	 Time [ms]:	  1561	
2022-12-18 13:23:25,968	Batch Processor	INFO	[DEU_Guetersloh-16_2_T-1       ]	<SUCCESS>	 Time [ms]:	   825	
2022-12-18 13:23:25,969	Batch Processor	INFO	[DEU_Guetersloh-16_5_T-1       ]	<SUCCESS>	 Time [ms]:	   884	
2022-12-18 13:23:25,971	Batch Processor	INFO	[DEU_Guetersloh-17_2_T-1       ]	<SUCCESS>	 Time [ms]:	  3101	
2022-12-18 13:23:25,973	Batch Processor	INFO	[DEU_Guetersloh-18_1_T-1       ]	<SUCCESS>	 Time [ms]:	  2587	
2022-12-18 13:23:25,973	Batch Processor	INFO	[DEU_Guetersloh-19_1_T-1       ]	<SUCCESS>	 Time [ms]:	   992	
2022-12-18 13:23:25,974	Batch Processor	INFO	[DEU_Guetersloh-20_1_T-1       ]	<SUCCESS>	 Time [ms]:	   603	
2022-12-18 13:23:25,975	Batch Processor	INFO	[DEU_Guetersloh-20_3_T-1       ]	<SUCCESS>	 Time [ms]:	   592	
2022-12-18 13:23:25,978	Batch Processor	INFO	[DEU_Guetersloh-21_1_T-1       ]	<SUCCESS>	 Time [ms]:	  1251	
2022-12-18 13:23:25,979	Batch Processor	INFO	[DEU_Guetersloh-24_1_T-1       ]	<SUCCESS>	 Time [ms]:	  1000	
2022-12-18 13:23:25,980	Batch Processor	INFO	[DEU_Guetersloh-24_2_T-1       ]	<SUCCESS>	 Time [ms]:	   907	
2022-12-18 13:23:25,981	Batch Processor	INFO	[DEU_Guetersloh-24_3_T-1       ]	<SUCCESS>	 Time [ms]:	   747	
2022-12-18 13:23:25,982	Batch Processor	INFO	[DEU_Guetersloh-25_2_T-1       ]	<SUCCESS>	 Time [ms]:	  1065	
2022-12-18 13:23:25,983	Batch Processor	INFO	[DEU_Guetersloh-25_4_T-1       ]	<SUCCESS>	 Time [ms]:	  1142	
2022-12-18 13:23:25,984	Batch Processor	INFO	[DEU_Guetersloh-27_1_T-1       ]	<SUCCESS>	 Time [ms]:	   638	
2022-12-18 13:23:25,986	Batch Processor	INFO	[DEU_Guetersloh-30_1_T-1       ]	<SUCCESS>	 Time [ms]:	  1245	
2022-12-18 13:23:25,987	Batch Processor	INFO	[DEU_Guetersloh-31_4_T-1       ]	<SUCCESS>	 Time [ms]:	   789	
2022-12-18 13:23:25,988	Batch Processor	INFO	[DEU_Guetersloh-32_3_T-1       ]	<SUCCESS>	 Time [ms]:	  1335	
2022-12-18 13:23:25,989	Batch Processor	INFO	[DEU_Guetersloh-33_1_T-1       ]	<SUCCESS>	 Time [ms]:	  1001	
2022-12-18 13:23:25,990	Batch Processor	INFO	[DEU_Guetersloh-34_2_T-1       ]	<SUCCESS>	 Time [ms]:	   622	
2022-12-18 13:23:25,992	Batch Processor	INFO	[DEU_Guetersloh-36_1_T-1       ]	<SUCCESS>	 Time [ms]:	   827	
2022-12-18 13:23:25,993	Batch Processor	INFO	[DEU_Guetersloh-39_3_T-1       ]	<SUCCESS>	 Time [ms]:	   704	
2022-12-18 13:23:25,994	Batch Processor	INFO	[DEU_Guetersloh-39_5_T-1       ]	<SUCCESS>	 Time [ms]:	  1185	
2022-12-18 13:23:25,995	Batch Processor	INFO	[DEU_Guetersloh-40_4_T-1       ]	<SUCCESS>	 Time [ms]:	   667	
2022-12-18 13:23:25,995	Batch Processor	INFO	[DEU_Guetersloh-40_5_T-1       ]	<SUCCESS>	 Time [ms]:	   915	
2022-12-18 13:23:25,996	Batch Processor	INFO	[DEU_Guetersloh-41_1_T-1       ]	<SUCCESS>	 Time [ms]:	  2514	
2022-12-18 13:23:25,997	Batch Processor	INFO	[DEU_Guetersloh-42_1_T-1       ]	<SUCCESS>	 Time [ms]:	  1240	
2022-12-18 13:23:25,998	Batch Processor	INFO	[DEU_Guetersloh-4_5_T-1        ]	<SUCCESS>	 Time [ms]:	  1420	
2022-12-18 13:23:25,999	Batch Processor	INFO	[DEU_Guetersloh-50_1_T-1       ]	<SUCCESS>	 Time [ms]:	   676	
2022-12-18 13:23:26,000	Batch Processor	INFO	[DEU_Guetersloh-54_1_T-1       ]	<SUCCESS>	 Time [ms]:	   590	
2022-12-18 13:23:26,001	Batch Processor	INFO	[DEU_Guetersloh-55_1_T-1       ]	<SUCCESS>	 Time [ms]:	   732	
2022-12-18 13:23:26,002	Batch Processor	INFO	[DEU_Guetersloh-55_3_T-1       ]	<SUCCESS>	 Time [ms]:	   771	
2022-12-18 13:23:26,003	Batch Processor	INFO	[DEU_Guetersloh-65_2_T-1       ]	<SUCCESS>	 Time [ms]:	   568	
2022-12-18 13:23:26,004	Batch Processor	INFO	[DEU_Guetersloh-6_3_T-1        ]	<SUCCESS>	 Time [ms]:	   676	
2022-12-18 13:23:26,005	Batch Processor	INFO	[DEU_Guetersloh-7_2_T-1        ]	<SUCCESS>	 Time [ms]:	  1212	
2022-12-18 13:23:26,006	Batch Processor	INFO	[DEU_Guetersloh-8_1_T-1        ]	<SUCCESS>	 Time [ms]:	   514	
2022-12-18 13:23:26,006	Batch Processor	INFO	[DEU_Hennigsdorf-11_1_T-1      ]	<SUCCESS>	 Time [ms]:	   832	
2022-12-18 13:23:26,008	Batch Processor	INFO	[DEU_Hennigsdorf-12_1_T-1      ]	<SUCCESS>	 Time [ms]:	   754	
2022-12-18 13:23:26,009	Batch Processor	INFO	[DEU_Hennigsdorf-13_2_T-1      ]	<SUCCESS>	 Time [ms]:	   898	
2022-12-18 13:23:26,010	Batch Processor	INFO	[DEU_Hennigsdorf-14_3_T-1      ]	<SUCCESS>	 Time [ms]:	   836	
2022-12-18 13:23:26,011	Batch Processor	INFO	[DEU_Hennigsdorf-15_3_T-1      ]	<SUCCESS>	 Time [ms]:	   735	
2022-12-18 13:23:26,012	Batch Processor	INFO	[DEU_Hennigsdorf-18_2_T-1      ]	<SUCCESS>	 Time [ms]:	   791	
2022-12-18 13:23:26,013	Batch Processor	INFO	[DEU_Hennigsdorf-3_2_T-1       ]	<SUCCESS>	 Time [ms]:	  1130	
2022-12-18 13:23:26,013	Batch Processor	INFO	[DEU_Hennigsdorf-3_5_T-1       ]	<SUCCESS>	 Time [ms]:	   830	
2022-12-18 13:23:26,014	Batch Processor	INFO	[DEU_Hennigsdorf-5_1_T-1       ]	<SUCCESS>	 Time [ms]:	   361	
2022-12-18 13:23:26,015	Batch Processor	INFO	[DEU_Hennigsdorf-5_4_T-1       ]	<SUCCESS>	 Time [ms]:	  7698	
2022-12-18 13:23:26,016	Batch Processor	INFO	[DEU_Hennigsdorf-7_3_T-1       ]	<SUCCESS>	 Time [ms]:	  1233	
2022-12-18 13:23:26,017	Batch Processor	INFO	[DEU_Hennigsdorf-9_2_T-1       ]	<SUCCESS>	 Time [ms]:	   579	
2022-12-18 13:23:26,017	Batch Processor	INFO	[DEU_Ibbenbueren-10_2_T-1      ]	<SUCCESS>	 Time [ms]:	   837	
2022-12-18 13:23:26,018	Batch Processor	INFO	[DEU_Ibbenbueren-11_2_T-1      ]	<SUCCESS>	 Time [ms]:	   589	
2022-12-18 13:23:26,019	Batch Processor	INFO	[DEU_Ibbenbueren-12_1_T-1      ]	<SUCCESS>	 Time [ms]:	  1004	
2022-12-18 13:23:26,019	Batch Processor	INFO	[DEU_Ibbenbueren-13_3_T-1      ]	<SUCCESS>	 Time [ms]:	   797	
2022-12-18 13:23:26,020	Batch Processor	INFO	[DEU_Ibbenbueren-14_1_T-1      ]	<SUCCESS>	 Time [ms]:	  3135	
2022-12-18 13:23:26,021	Batch Processor	INFO	[DEU_Ibbenbueren-15_4_T-1      ]	<SUCCESS>	 Time [ms]:	   974	
2022-12-18 13:23:26,021	Batch Processor	INFO	[DEU_Ibbenbueren-16_3_T-1      ]	<SUCCESS>	 Time [ms]:	   890	
2022-12-18 13:23:26,022	Batch Processor	INFO	[DEU_Ibbenbueren-16_5_T-1      ]	<SUCCESS>	 Time [ms]:	   770	
2022-12-18 13:23:26,023	Batch Processor	INFO	[DEU_Ibbenbueren-2_2_T-1       ]	<SUCCESS>	 Time [ms]:	   906	
2022-12-18 13:23:26,024	Batch Processor	INFO	[DEU_Ibbenbueren-3_3_T-1       ]	<SUCCESS>	 Time [ms]:	   799	
2022-12-18 13:23:26,024	Batch Processor	INFO	[DEU_Ibbenbueren-4_2_T-1       ]	<SUCCESS>	 Time [ms]:	  2216	
2022-12-18 13:23:26,025	Batch Processor	INFO	[DEU_Ibbenbueren-6_3_T-1       ]	<SUCCESS>	 Time [ms]:	  1225	
2022-12-18 13:23:26,026	Batch Processor	INFO	[DEU_Ibbenbueren-6_4_T-1       ]	<SUCCESS>	 Time [ms]:	   913	
2022-12-18 13:23:26,026	Batch Processor	INFO	[DEU_Ibbenbueren-7_1_T-1       ]	<SUCCESS>	 Time [ms]:	   951	
2022-12-18 13:23:26,027	Batch Processor	INFO	[DEU_Ibbenbueren-9_1_T-1       ]	<SUCCESS>	 Time [ms]:	   850	
2022-12-18 13:23:26,028	Batch Processor	INFO	[DEU_Lohmar-10_1_T-1           ]	<TIMEOUT>	 Time [ms]:	120000
2022-12-18 13:23:26,031	Batch Processor	INFO	[DEU_Lohmar-11_1_T-1           ]	<SUCCESS>	 Time [ms]:	  1864	
2022-12-18 13:23:26,033	Batch Processor	INFO	[DEU_Lohmar-12_1_T-1           ]	<SUCCESS>	 Time [ms]:	  6240	
2022-12-18 13:23:26,033	Batch Processor	INFO	[DEU_Lohmar-13_1_T-1           ]	<TIMEOUT>	 Time [ms]:	120000
2022-12-18 13:23:26,035	Batch Processor	INFO	[DEU_Lohmar-14_1_T-1           ]	<SUCCESS>	 Time [ms]:	  1973	
2022-12-18 13:23:26,035	Batch Processor	INFO	[DEU_Lohmar-15_1_T-1           ]	<TIMEOUT>	 Time [ms]:	120000
2022-12-18 13:23:26,036	Batch Processor	INFO	[DEU_Lohmar-16_1_T-1           ]	<TIMEOUT>	 Time [ms]:	120000
2022-12-18 13:23:26,036	Batch Processor	INFO	[DEU_Lohmar-17_1_T-1           ]	<TIMEOUT>	 Time [ms]:	120000
2022-12-18 13:23:26,037	Batch Processor	INFO	[DEU_Lohmar-18_1_T-1           ]	<TIMEOUT>	 Time [ms]:	120000
2022-12-18 13:23:26,037	Batch Processor	INFO	[DEU_Lohmar-19_1_T-1           ]	<FAILURE>	 Time [ms]:	  1563
2022-12-18 13:23:26,039	Batch Processor	INFO	[DEU_Lohmar-20_1_T-1           ]	<SUCCESS>	 Time [ms]:	  1258	
2022-12-18 13:23:26,040	Batch Processor	INFO	[DEU_Lohmar-21_1_T-1           ]	<TIMEOUT>	 Time [ms]:	120000
2022-12-18 13:23:26,040	Batch Processor	INFO	[DEU_Lohmar-22_1_T-1           ]	<TIMEOUT>	 Time [ms]:	120000
2022-12-18 13:23:26,041	Batch Processor	INFO	[DEU_Lohmar-23_1_T-1           ]	<TIMEOUT>	 Time [ms]:	120000
2022-12-18 13:23:26,041	Batch Processor	INFO	[DEU_Lohmar-24_1_T-1           ]	<TIMEOUT>	 Time [ms]:	120000
2022-12-18 13:23:26,041	Batch Processor	INFO	[DEU_Lohmar-25_1_T-1           ]	<TIMEOUT>	 Time [ms]:	120000
2022-12-18 13:23:26,041	Batch Processor	INFO	[DEU_Lohmar-26_1_T-1           ]	<TIMEOUT>	 Time [ms]:	120000
2022-12-18 13:23:26,043	Batch Processor	INFO	[DEU_Lohmar-27_1_T-1           ]	<SUCCESS>	 Time [ms]:	  3014	
2022-12-18 13:23:26,043	Batch Processor	INFO	[DEU_Lohmar-28_1_T-1           ]	<FAILURE>	 Time [ms]:	  4961
2022-12-18 13:23:26,044	Batch Processor	INFO	[DEU_Lohmar-29_1_T-1           ]	<TIMEOUT>	 Time [ms]:	120000
2022-12-18 13:23:26,044	Batch Processor	INFO	[DEU_Lohmar-30_1_T-1           ]	<TIMEOUT>	 Time [ms]:	120000
2022-12-18 13:23:26,044	Batch Processor	INFO	[DEU_Lohmar-31_1_T-1           ]	<TIMEOUT>	 Time [ms]:	120000
2022-12-18 13:23:26,046	Batch Processor	INFO	[DEU_Lohmar-32_1_T-1           ]	<SUCCESS>	 Time [ms]:	   838	
2022-12-18 13:23:26,048	Batch Processor	INFO	[DEU_Lohmar-33_1_T-1           ]	<SUCCESS>	 Time [ms]:	  1316	
2022-12-18 13:23:26,049	Batch Processor	INFO	[DEU_Lohmar-34_1_T-1           ]	<TIMEOUT>	 Time [ms]:	120000
2022-12-18 13:23:26,052	Batch Processor	INFO	[DEU_Lohmar-35_1_T-1           ]	<SUCCESS>	 Time [ms]:	  1334	
2022-12-18 13:23:26,052	Batch Processor	INFO	[DEU_Lohmar-36_1_T-1           ]	<TIMEOUT>	 Time [ms]:	120000
2022-12-18 13:23:26,054	Batch Processor	INFO	[DEU_Lohmar-37_1_T-1           ]	<SUCCESS>	 Time [ms]:	  3135	
2022-12-18 13:23:26,054	Batch Processor	INFO	[DEU_Lohmar-38_1_T-1           ]	<TIMEOUT>	 Time [ms]:	120000
2022-12-18 13:23:26,057	Batch Processor	INFO	[DEU_Lohmar-39_1_T-1           ]	<SUCCESS>	 Time [ms]:	 64552	
2022-12-18 13:23:26,060	Batch Processor	INFO	[DEU_Lohmar-40_1_T-1           ]	<SUCCESS>	 Time [ms]:	   827	
2022-12-18 13:23:26,060	Batch Processor	INFO	[DEU_Lohmar-41_1_T-1           ]	<TIMEOUT>	 Time [ms]:	120000
2022-12-18 13:23:26,061	Batch Processor	INFO	[DEU_Lohmar-42_1_T-1           ]	<TIMEOUT>	 Time [ms]:	120000
2022-12-18 13:23:26,061	Batch Processor	INFO	[DEU_Lohmar-43_1_T-1           ]	<TIMEOUT>	 Time [ms]:	120000
2022-12-18 13:23:26,062	Batch Processor	INFO	[DEU_Lohmar-44_1_T-1           ]	<SUCCESS>	 Time [ms]:	  2551	
2022-12-18 13:23:26,064	Batch Processor	INFO	[DEU_Lohmar-45_1_T-1           ]	<SUCCESS>	 Time [ms]:	  1333	
2022-12-18 13:23:26,065	Batch Processor	INFO	[DEU_Lohmar-46_1_T-1           ]	<TIMEOUT>	 Time [ms]:	120000
2022-12-18 13:23:26,066	Batch Processor	INFO	[DEU_Lohmar-47_1_T-1           ]	<SUCCESS>	 Time [ms]:	  1006	
2022-12-18 13:23:26,067	Batch Processor	INFO	[DEU_Lohmar-48_1_T-1           ]	<TIMEOUT>	 Time [ms]:	120000
2022-12-18 13:23:26,067	Batch Processor	INFO	[DEU_Lohmar-49_1_T-1           ]	<TIMEOUT>	 Time [ms]:	120000
2022-12-18 13:23:26,069	Batch Processor	INFO	[DEU_Lohmar-50_1_T-1           ]	<SUCCESS>	 Time [ms]:	  1477	
2022-12-18 13:23:26,070	Batch Processor	INFO	[DEU_Lohmar-51_1_T-1           ]	<TIMEOUT>	 Time [ms]:	120000
2022-12-18 13:23:26,071	Batch Processor	INFO	[DEU_Lohmar-52_1_T-1           ]	<SUCCESS>	 Time [ms]:	 25727	
2022-12-18 13:23:26,072	Batch Processor	INFO	[DEU_Lohmar-53_1_T-1           ]	<TIMEOUT>	 Time [ms]:	120000
2022-12-18 13:23:26,072	Batch Processor	INFO	[DEU_Lohmar-54_1_T-1           ]	<TIMEOUT>	 Time [ms]:	120000
2022-12-18 13:23:26,072	Batch Processor	INFO	[DEU_Lohmar-55_1_T-1           ]	<TIMEOUT>	 Time [ms]:	120000
2022-12-18 13:23:26,072	Batch Processor	INFO	[DEU_Lohmar-56_1_T-1           ]	<TIMEOUT>	 Time [ms]:	120000
2022-12-18 13:23:26,074	Batch Processor	INFO	[DEU_Lohmar-57_1_T-1           ]	<SUCCESS>	 Time [ms]:	  1078	
2022-12-18 13:23:26,074	Batch Processor	INFO	[DEU_Lohmar-58_1_T-1           ]	<TIMEOUT>	 Time [ms]:	120000
2022-12-18 13:23:26,075	Batch Processor	INFO	[DEU_Lohmar-59_1_T-1           ]	<TIMEOUT>	 Time [ms]:	120000
2022-12-18 13:23:26,075	Batch Processor	INFO	[DEU_Lohmar-60_1_T-1           ]	<TIMEOUT>	 Time [ms]:	120000
2022-12-18 13:23:26,075	Batch Processor	INFO	[DEU_Lohmar-61_1_T-1           ]	<TIMEOUT>	 Time [ms]:	120000
2022-12-18 13:23:26,076	Batch Processor	INFO	[DEU_Lohmar-62_1_T-1           ]	<TIMEOUT>	 Time [ms]:	120000
2022-12-18 13:23:26,077	Batch Processor	INFO	[DEU_Lohmar-63_1_T-1           ]	<SUCCESS>	 Time [ms]:	  1130	
2022-12-18 13:23:26,077	Batch Processor	INFO	[DEU_Lohmar-64_1_T-1           ]	<TIMEOUT>	 Time [ms]:	120000
2022-12-18 13:23:26,078	Batch Processor	INFO	[DEU_Lohmar-65_1_T-1           ]	<TIMEOUT>	 Time [ms]:	120000
2022-12-18 13:23:26,078	Batch Processor	INFO	[DEU_Lohmar-66_1_T-1           ]	<TIMEOUT>	 Time [ms]:	120000
2022-12-18 13:23:26,080	Batch Processor	INFO	[DEU_Lohmar-67_1_T-1           ]	<SUCCESS>	 Time [ms]:	  1249	
2022-12-18 13:23:26,081	Batch Processor	INFO	[DEU_Lohmar-68_1_T-1           ]	<SUCCESS>	 Time [ms]:	  1863	
2022-12-18 13:23:26,082	Batch Processor	INFO	[DEU_Lohmar-69_1_T-1           ]	<TIMEOUT>	 Time [ms]:	120000
2022-12-18 13:23:26,082	Batch Processor	INFO	[DEU_Lohmar-70_1_T-1           ]	<TIMEOUT>	 Time [ms]:	120000
2022-12-18 13:23:26,082	Batch Processor	INFO	[DEU_Lohmar-8_1_T-1            ]	<TIMEOUT>	 Time [ms]:	120000
2022-12-18 13:23:26,084	Batch Processor	INFO	[DEU_Lohmar-9_1_T-1            ]	<SUCCESS>	 Time [ms]:	  1169	
2022-12-18 13:23:26,084	Batch Processor	INFO	[DEU_Luckenwalde-1_1_T-1       ]	<TIMEOUT>	 Time [ms]:	120000
2022-12-18 13:23:26,085	Batch Processor	INFO	[DEU_Meckenheim-1_4_T-1        ]	<SUCCESS>	 Time [ms]:	   797	
2022-12-18 13:23:26,085	Batch Processor	INFO	[DEU_Meckenheim-3_1_T-1        ]	<SUCCESS>	 Time [ms]:	   828	
2022-12-18 13:23:26,086	Batch Processor	INFO	[DEU_Meckenheim-5_1_T-1        ]	<SUCCESS>	 Time [ms]:	   776	
2022-12-18 13:23:26,087	Batch Processor	INFO	[DEU_Meckenheim-8_3_T-1        ]	<SUCCESS>	 Time [ms]:	  1542	
2022-12-18 13:23:26,087	Batch Processor	INFO	[DEU_Meckenheim-8_5_T-1        ]	<SUCCESS>	 Time [ms]:	  1872	
2022-12-18 13:23:26,088	Batch Processor	INFO	[DEU_Moabit-1_2_T-1            ]	<SUCCESS>	 Time [ms]:	  2613	
2022-12-18 13:23:26,089	Batch Processor	INFO	[DEU_Moabit-4_1_T-1            ]	<SUCCESS>	 Time [ms]:	   945	
2022-12-18 13:23:26,089	Batch Processor	INFO	[DEU_Moabit-5_2_T-1            ]	<SUCCESS>	 Time [ms]:	  2351	
2022-12-18 13:23:26,090	Batch Processor	INFO	[DEU_Moabit-6_2_T-1            ]	<SUCCESS>	 Time [ms]:	   761	
2022-12-18 13:23:26,091	Batch Processor	INFO	[DEU_Moelln-10_3_T-1           ]	<SUCCESS>	 Time [ms]:	   687	
2022-12-18 13:23:26,091	Batch Processor	INFO	[DEU_Moelln-11_1_T-1           ]	<SUCCESS>	 Time [ms]:	  1001	
2022-12-18 13:23:26,092	Batch Processor	INFO	[DEU_Moelln-12_1_T-1           ]	<SUCCESS>	 Time [ms]:	   761	
2022-12-18 13:23:26,093	Batch Processor	INFO	[DEU_Moelln-2_1_T-1            ]	<SUCCESS>	 Time [ms]:	   567	
2022-12-18 13:23:26,094	Batch Processor	INFO	[DEU_Moelln-4_3_T-1            ]	<SUCCESS>	 Time [ms]:	  1987	
2022-12-18 13:23:26,094	Batch Processor	INFO	[DEU_Moelln-6_1_T-1            ]	<SUCCESS>	 Time [ms]:	   551	
2022-12-18 13:23:26,095	Batch Processor	INFO	[DEU_Moelln-7_1_T-1            ]	<SUCCESS>	 Time [ms]:	   464	
2022-12-18 13:23:26,096	Batch Processor	INFO	[DEU_Moelln-9_1_T-1            ]	<SUCCESS>	 Time [ms]:	 14872	
2022-12-18 13:23:26,097	Batch Processor	INFO	[DEU_Muehlhausen-11_1_T-1      ]	<SUCCESS>	 Time [ms]:	  1240	
2022-12-18 13:23:26,097	Batch Processor	INFO	[DEU_Muehlhausen-14_3_T-1      ]	<SUCCESS>	 Time [ms]:	  1090	
2022-12-18 13:23:26,098	Batch Processor	INFO	[DEU_Muehlhausen-1_2_T-1       ]	<SUCCESS>	 Time [ms]:	  1137	
2022-12-18 13:23:26,099	Batch Processor	INFO	[DEU_Muehlhausen-1_3_T-1       ]	<SUCCESS>	 Time [ms]:	   742	
2022-12-18 13:23:26,099	Batch Processor	INFO	[DEU_Muehlhausen-2_1_T-1       ]	<SUCCESS>	 Time [ms]:	  5998	
2022-12-18 13:23:26,100	Batch Processor	INFO	[DEU_Muehlhausen-4_1_T-1       ]	<SUCCESS>	 Time [ms]:	  1784	
2022-12-18 13:23:26,101	Batch Processor	INFO	[DEU_Muehlhausen-5_1_T-1       ]	<SUCCESS>	 Time [ms]:	  1198	
2022-12-18 13:23:26,101	Batch Processor	INFO	[DEU_Muehlhausen-6_1_T-1       ]	<SUCCESS>	 Time [ms]:	   813	
2022-12-18 13:23:26,102	Batch Processor	INFO	[DEU_Muehlhausen-7_2_T-1       ]	<SUCCESS>	 Time [ms]:	   918	
2022-12-18 13:23:26,102	Batch Processor	INFO	[DEU_Reutlingen-1_1_T-1        ]	<TIMEOUT>	 Time [ms]:	120000
2022-12-18 13:23:26,103	Batch Processor	INFO	[DEU_Reutlingen-2_1_T-1        ]	<TIMEOUT>	 Time [ms]:	120000
2022-12-18 13:23:26,103	Batch Processor	INFO	[DEU_Reutlingen-3_1_T-1        ]	<TIMEOUT>	 Time [ms]:	120000
2022-12-18 13:23:26,104	Batch Processor	INFO	[DEU_Reutlingen-4_1_T-1        ]	<SUCCESS>	 Time [ms]:	  1241	
2022-12-18 13:23:26,106	Batch Processor	INFO	[DEU_Reutlingen-5_1_T-1        ]	<SUCCESS>	 Time [ms]:	  1987	
2022-12-18 13:23:26,107	Batch Processor	INFO	[DEU_Reutlingen-6_1_T-1        ]	<TIMEOUT>	 Time [ms]:	120000
2022-12-18 13:23:26,108	Batch Processor	INFO	[DEU_Rheinbach-1_4_T-1         ]	<SUCCESS>	 Time [ms]:	  1065	
2022-12-18 13:23:26,108	Batch Processor	INFO	[DEU_Rheinbach-5_3_T-1         ]	<SUCCESS>	 Time [ms]:	  1513	
2022-12-18 13:23:26,109	Batch Processor	INFO	[DEU_Speyer-2_1_T-1            ]	<FAILURE>	 Time [ms]:	   661
2022-12-18 13:23:26,110	Batch Processor	INFO	[DEU_Speyer-2_4_T-1            ]	<SUCCESS>	 Time [ms]:	   661	
2022-12-18 13:23:26,111	Batch Processor	INFO	[DEU_Speyer-5_2_T-1            ]	<SUCCESS>	 Time [ms]:	  1839	
2022-12-18 13:23:26,112	Batch Processor	INFO	[ESP_Almansa-1_1_T-1           ]	<SUCCESS>	 Time [ms]:	   974	
2022-12-18 13:23:26,112	Batch Processor	INFO	[ESP_Almansa-2_1_T-1           ]	<SUCCESS>	 Time [ms]:	  4143	
2022-12-18 13:23:26,113	Batch Processor	INFO	[ESP_Almansa-6_1_T-1           ]	<SUCCESS>	 Time [ms]:	  2084	
2022-12-18 13:23:26,114	Batch Processor	INFO	[ESP_Berga-10_1_T-1            ]	<SUCCESS>	 Time [ms]:	  1031	
2022-12-18 13:23:26,115	Batch Processor	INFO	[ESP_Berga-4_4_T-1             ]	<SUCCESS>	 Time [ms]:	   846	
2022-12-18 13:23:26,115	Batch Processor	INFO	[ESP_Berga-6_1_T-1             ]	<SUCCESS>	 Time [ms]:	  3818	
2022-12-18 13:23:26,116	Batch Processor	INFO	[ESP_Berga-9_1_T-1             ]	<SUCCESS>	 Time [ms]:	  1166	
2022-12-18 13:23:26,116	Batch Processor	INFO	[ESP_Cambre-1_1_T-1            ]	<SUCCESS>	 Time [ms]:	   772	
2022-12-18 13:23:26,117	Batch Processor	INFO	[ESP_Cambre-2_1_T-1            ]	<SUCCESS>	 Time [ms]:	  1179	
2022-12-18 13:23:26,118	Batch Processor	INFO	[ESP_Cambre-3_1_T-1            ]	<SUCCESS>	 Time [ms]:	   788	
2022-12-18 13:23:26,118	Batch Processor	INFO	[ESP_Ceuta-10_1_T-1            ]	<SUCCESS>	 Time [ms]:	  1306	
2022-12-18 13:23:26,119	Batch Processor	INFO	[ESP_Ceuta-11_1_T-1            ]	<FAILURE>	 Time [ms]:	  1456
2022-12-18 13:23:26,120	Batch Processor	INFO	[ESP_Ceuta-15_2_T-1            ]	<SUCCESS>	 Time [ms]:	  1081	
2022-12-18 13:23:26,120	Batch Processor	INFO	[ESP_Ceuta-1_2_T-1             ]	<SUCCESS>	 Time [ms]:	  6060	
2022-12-18 13:23:26,122	Batch Processor	INFO	[ESP_Ceuta-2_1_T-1             ]	<SUCCESS>	 Time [ms]:	  6276	
2022-12-18 13:23:26,122	Batch Processor	INFO	[ESP_Ceuta-3_2_T-1             ]	<SUCCESS>	 Time [ms]:	  1481	
2022-12-18 13:23:26,123	Batch Processor	INFO	[ESP_Ceuta-4_1_T-1             ]	<SUCCESS>	 Time [ms]:	  1532	
2022-12-18 13:23:26,123	Batch Processor	INFO	[ESP_Ceuta-5_1_T-1             ]	<FAILURE>	 Time [ms]:	  1145
2022-12-18 13:23:26,124	Batch Processor	INFO	[ESP_Ceuta-7_1_T-1             ]	<SUCCESS>	 Time [ms]:	   512	
2022-12-18 13:23:26,125	Batch Processor	INFO	[ESP_Ceuta-8_1_T-1             ]	<SUCCESS>	 Time [ms]:	  1577	
2022-12-18 13:23:26,125	Batch Processor	INFO	[ESP_Inca-3_2_T-1              ]	<FAILURE>	 Time [ms]:	   906
2022-12-18 13:23:26,126	Batch Processor	INFO	[ESP_Inca-7_1_T-1              ]	<SUCCESS>	 Time [ms]:	  1077	
2022-12-18 13:23:26,126	Batch Processor	INFO	[ESP_Monzon-2_1_T-1            ]	<SUCCESS>	 Time [ms]:	  1057	
2022-12-18 13:23:26,127	Batch Processor	INFO	[ESP_Monzon-3_1_T-1            ]	<SUCCESS>	 Time [ms]:	 11997	
2022-12-18 13:23:26,128	Batch Processor	INFO	[ESP_Monzon-5_1_T-1            ]	<SUCCESS>	 Time [ms]:	   933	
2022-12-18 13:23:26,128	Batch Processor	INFO	[ESP_Monzon-6_1_T-1            ]	<SUCCESS>	 Time [ms]:	  2156	
2022-12-18 13:23:26,129	Batch Processor	INFO	[ESP_Monzon-7_2_T-1            ]	<SUCCESS>	 Time [ms]:	  1406	
2022-12-18 13:23:26,130	Batch Processor	INFO	[ESP_Monzon-7_3_T-1            ]	<SUCCESS>	 Time [ms]:	  1326	
2022-12-18 13:23:26,130	Batch Processor	INFO	[ESP_Monzon-9_1_T-1            ]	<SUCCESS>	 Time [ms]:	  3930	
2022-12-18 13:23:26,131	Batch Processor	INFO	[ESP_PriegodeCordoba-2_3_T-1   ]	<SUCCESS>	 Time [ms]:	  1651	
2022-12-18 13:23:26,132	Batch Processor	INFO	[ESP_PriegodeCordoba-3_1_T-1   ]	<SUCCESS>	 Time [ms]:	  1588	
2022-12-18 13:23:26,132	Batch Processor	INFO	[ESP_PriegodeCordoba-6_1_T-1   ]	<SUCCESS>	 Time [ms]:	  1988	
2022-12-18 13:23:26,133	Batch Processor	INFO	[ESP_Requena-6_2_T-1           ]	<SUCCESS>	 Time [ms]:	  1621	
2022-12-18 13:23:26,134	Batch Processor	INFO	[ESP_SantBoideLlobregat-14_1_T-1]	<SUCCESS>	 Time [ms]:	   823	
2022-12-18 13:23:26,134	Batch Processor	INFO	[ESP_SantBoideLlobregat-14_4_T-1]	<SUCCESS>	 Time [ms]:	   768	
2022-12-18 13:23:26,135	Batch Processor	INFO	[ESP_SantBoideLlobregat-18_2_T-1]	<SUCCESS>	 Time [ms]:	   271	
2022-12-18 13:23:26,135	Batch Processor	INFO	[ESP_SantBoideLlobregat-19_1_T-1]	<SUCCESS>	 Time [ms]:	   942	
2022-12-18 13:23:26,136	Batch Processor	INFO	[ESP_SantBoideLlobregat-22_3_T-1]	<FAILURE>	 Time [ms]:	   333
2022-12-18 13:23:26,136	Batch Processor	INFO	[ESP_SantBoideLlobregat-23_2_T-1]	<SUCCESS>	 Time [ms]:	  1212	
2022-12-18 13:23:26,137	Batch Processor	INFO	[ESP_SantBoideLlobregat-24_1_T-1]	<SUCCESS>	 Time [ms]:	   627	
2022-12-18 13:23:26,138	Batch Processor	INFO	[ESP_SantBoideLlobregat-3_1_T-1]	<SUCCESS>	 Time [ms]:	   806	
2022-12-18 13:23:26,138	Batch Processor	INFO	[ESP_SantBoideLlobregat-4_1_T-1]	<FAILURE>	 Time [ms]:	   550
2022-12-18 13:23:26,139	Batch Processor	INFO	[ESP_SantBoideLlobregat-6_2_T-1]	<SUCCESS>	 Time [ms]:	  1951	
2022-12-18 13:23:26,140	Batch Processor	INFO	[ESP_SantBoideLlobregat-8_1_T-1]	<SUCCESS>	 Time [ms]:	  4850	
2022-12-18 13:23:26,140	Batch Processor	INFO	[ESP_SantBoideLlobregat-8_5_T-1]	<SUCCESS>	 Time [ms]:	  1320	
2022-12-18 13:23:26,141	Batch Processor	INFO	[ESP_Toledo-10_1_T-1           ]	<SUCCESS>	 Time [ms]:	  1447	
2022-12-18 13:23:26,141	Batch Processor	INFO	[ESP_Toledo-10_2_T-1           ]	<SUCCESS>	 Time [ms]:	  1342	
2022-12-18 13:23:26,142	Batch Processor	INFO	[ESP_Toledo-11_1_T-1           ]	<SUCCESS>	 Time [ms]:	   730	
2022-12-18 13:23:26,143	Batch Processor	INFO	[ESP_Toledo-11_5_T-1           ]	<SUCCESS>	 Time [ms]:	   650	
2022-12-18 13:23:26,144	Batch Processor	INFO	[ESP_Toledo-22_1_T-1           ]	<SUCCESS>	 Time [ms]:	  1162	
2022-12-18 13:23:26,144	Batch Processor	INFO	[ESP_Toledo-23_1_T-1           ]	<SUCCESS>	 Time [ms]:	   671	
2022-12-18 13:23:26,145	Batch Processor	INFO	[ESP_Toledo-5_1_T-1            ]	<SUCCESS>	 Time [ms]:	   701	
2022-12-18 13:23:26,145	Batch Processor	INFO	[ESP_Toledo-6_2_T-1            ]	<SUCCESS>	 Time [ms]:	  2243	
2022-12-18 13:23:26,146	Batch Processor	INFO	[ESP_Toledo-8_1_T-1            ]	<SUCCESS>	 Time [ms]:	  2256	
2022-12-18 13:23:26,147	Batch Processor	INFO	[ESP_Toledo-9_1_T-1            ]	<SUCCESS>	 Time [ms]:	  1166	
2022-12-18 13:23:26,148	Batch Processor	INFO	[FRA_Anglet-1_2_T-1            ]	<SUCCESS>	 Time [ms]:	   846	
2022-12-18 13:23:26,148	Batch Processor	INFO	[FRA_Anglet-2_1_T-1            ]	<FAILURE>	 Time [ms]:	  1269
2022-12-18 13:23:26,149	Batch Processor	INFO	[FRA_Anglet-3_2_T-1            ]	<SUCCESS>	 Time [ms]:	  2069	
2022-12-18 13:23:26,149	Batch Processor	INFO	[FRA_Miramas-1_1_T-1           ]	<SUCCESS>	 Time [ms]:	   902	
2022-12-18 13:23:26,150	Batch Processor	INFO	[FRA_Miramas-2_1_T-1           ]	<SUCCESS>	 Time [ms]:	  1390	
2022-12-18 13:23:26,151	Batch Processor	INFO	[FRA_Miramas-3_1_T-1           ]	<SUCCESS>	 Time [ms]:	  1424	
2022-12-18 13:23:26,151	Batch Processor	INFO	[FRA_Miramas-5_1_T-1           ]	<SUCCESS>	 Time [ms]:	  1218	
2022-12-18 13:23:26,152	Batch Processor	INFO	[FRA_Miramas-9_1_T-1           ]	<SUCCESS>	 Time [ms]:	   906	
2022-12-18 13:23:26,152	Batch Processor	INFO	[FRA_MoissyCramayel-1_1_T-1    ]	<SUCCESS>	 Time [ms]:	  1653	
2022-12-18 13:23:26,153	Batch Processor	INFO	[FRA_MoissyCramayel-2_1_T-1    ]	<SUCCESS>	 Time [ms]:	  1337	
2022-12-18 13:23:26,154	Batch Processor	INFO	[FRA_MoissyCramayel-4_1_T-1    ]	<SUCCESS>	 Time [ms]:	  3885	
2022-12-18 13:23:26,154	Batch Processor	INFO	[FRA_Sete-1_1_T-1              ]	<SUCCESS>	 Time [ms]:	  1720	
2022-12-18 13:23:26,155	Batch Processor	INFO	[GRC_Perama-1_1_T-1            ]	<FAILURE>	 Time [ms]:	  1263
2022-12-18 13:23:26,155	Batch Processor	INFO	[GRC_Perama-2_1_T-1            ]	<SUCCESS>	 Time [ms]:	   676	
2022-12-18 13:23:26,156	Batch Processor	INFO	[GRC_Perama-3_2_T-1            ]	<SUCCESS>	 Time [ms]:	  1413	
2022-12-18 13:23:26,157	Batch Processor	INFO	[GRC_Perama-4_3_T-1            ]	<SUCCESS>	 Time [ms]:	  2467	
2022-12-18 13:23:26,158	Batch Processor	INFO	[GRC_Perama-7_1_T-1            ]	<SUCCESS>	 Time [ms]:	 38524	
2022-12-18 13:23:26,158	Batch Processor	INFO	[HRV_Pula-10_1_T-1             ]	<SUCCESS>	 Time [ms]:	  1631	
2022-12-18 13:23:26,159	Batch Processor	INFO	[HRV_Pula-12_3_T-1             ]	<SUCCESS>	 Time [ms]:	   878	
2022-12-18 13:23:26,160	Batch Processor	INFO	[HRV_Pula-13_2_T-1             ]	<SUCCESS>	 Time [ms]:	   807	
2022-12-18 13:23:26,160	Batch Processor	INFO	[HRV_Pula-15_1_T-1             ]	<SUCCESS>	 Time [ms]:	   933	
2022-12-18 13:23:26,161	Batch Processor	INFO	[HRV_Pula-18_1_T-1             ]	<SUCCESS>	 Time [ms]:	  1606	
2022-12-18 13:23:26,162	Batch Processor	INFO	[HRV_Pula-19_2_T-1             ]	<SUCCESS>	 Time [ms]:	   973	
2022-12-18 13:23:26,163	Batch Processor	INFO	[HRV_Pula-21_1_T-1             ]	<SUCCESS>	 Time [ms]:	  1466	
2022-12-18 13:23:26,163	Batch Processor	INFO	[HRV_Pula-22_1_T-1             ]	<SUCCESS>	 Time [ms]:	  1980	
2022-12-18 13:23:26,164	Batch Processor	INFO	[HRV_Pula-23_1_T-1             ]	<SUCCESS>	 Time [ms]:	   934	
2022-12-18 13:23:26,165	Batch Processor	INFO	[HRV_Pula-24_1_T-1             ]	<SUCCESS>	 Time [ms]:	  1388	
2022-12-18 13:23:26,165	Batch Processor	INFO	[HRV_Pula-25_1_T-1             ]	<SUCCESS>	 Time [ms]:	  1088	
2022-12-18 13:23:26,166	Batch Processor	INFO	[HRV_Pula-27_2_T-1             ]	<SUCCESS>	 Time [ms]:	  1629	
2022-12-18 13:23:26,166	Batch Processor	INFO	[HRV_Pula-29_3_T-1             ]	<SUCCESS>	 Time [ms]:	  1480	
2022-12-18 13:23:26,167	Batch Processor	INFO	[HRV_Pula-31_1_T-1             ]	<SUCCESS>	 Time [ms]:	  1140	
2022-12-18 13:23:26,168	Batch Processor	INFO	[HRV_Pula-32_2_T-1             ]	<SUCCESS>	 Time [ms]:	  2291	
2022-12-18 13:23:26,168	Batch Processor	INFO	[HRV_Pula-33_2_T-1             ]	<SUCCESS>	 Time [ms]:	  2505	
2022-12-18 13:23:26,169	Batch Processor	INFO	[HRV_Pula-5_2_T-1              ]	<SUCCESS>	 Time [ms]:	  2460	
2022-12-18 13:23:26,170	Batch Processor	INFO	[HRV_Pula-5_3_T-1              ]	<SUCCESS>	 Time [ms]:	  2090	
2022-12-18 13:23:26,170	Batch Processor	INFO	[HRV_Pula-6_2_T-1              ]	<SUCCESS>	 Time [ms]:	   997	
2022-12-18 13:23:26,171	Batch Processor	INFO	[HRV_Pula-7_2_T-1              ]	<SUCCESS>	 Time [ms]:	  2628	
2022-12-18 13:23:26,171	Batch Processor	INFO	[HRV_Pula-8_3_T-1              ]	<SUCCESS>	 Time [ms]:	  1452	
2022-12-18 13:23:26,172	Batch Processor	INFO	[HRV_Pula-9_2_T-1              ]	<SUCCESS>	 Time [ms]:	   701	
2022-12-18 13:23:26,173	Batch Processor	INFO	[HRV_Pula-9_4_T-1              ]	<SUCCESS>	 Time [ms]:	   675	
2022-12-18 13:23:26,173	Batch Processor	INFO	[ITA_CarpiCentro-1_3_T-1       ]	<SUCCESS>	 Time [ms]:	  1161	
2022-12-18 13:23:26,174	Batch Processor	INFO	[ITA_CarpiCentro-2_4_T-1       ]	<SUCCESS>	 Time [ms]:	  2385	
2022-12-18 13:23:26,175	Batch Processor	INFO	[ITA_CarpiCentro-3_1_T-1       ]	<SUCCESS>	 Time [ms]:	  1783	
2022-12-18 13:23:26,175	Batch Processor	INFO	[ITA_CarpiCentro-5_1_T-1       ]	<SUCCESS>	 Time [ms]:	  1470	
2022-12-18 13:23:26,176	Batch Processor	INFO	[ITA_CarpiCentro-6_2_T-1       ]	<SUCCESS>	 Time [ms]:	  1460	
2022-12-18 13:23:26,177	Batch Processor	INFO	[ITA_CarpiCentro-7_1_T-1       ]	<SUCCESS>	 Time [ms]:	  2228	
2022-12-18 13:23:26,177	Batch Processor	INFO	[ITA_CarpiCentro-8_3_T-1       ]	<SUCCESS>	 Time [ms]:	   613	
2022-12-18 13:23:26,178	Batch Processor	INFO	[ITA_Empoli-10_1_T-1           ]	<SUCCESS>	 Time [ms]:	   901	
2022-12-18 13:23:26,179	Batch Processor	INFO	[ITA_Empoli-18_1_T-1           ]	<SUCCESS>	 Time [ms]:	   877	
2022-12-18 13:23:26,179	Batch Processor	INFO	[ITA_Empoli-2_4_T-1            ]	<SUCCESS>	 Time [ms]:	  2082	
2022-12-18 13:23:26,180	Batch Processor	INFO	[ITA_Empoli-2_5_T-1            ]	<SUCCESS>	 Time [ms]:	  1390	
2022-12-18 13:23:26,181	Batch Processor	INFO	[ITA_Empoli-3_1_T-1            ]	<SUCCESS>	 Time [ms]:	  2123	
2022-12-18 13:23:26,181	Batch Processor	INFO	[ITA_Empoli-4_2_T-1            ]	<SUCCESS>	 Time [ms]:	  1608	
2022-12-18 13:23:26,182	Batch Processor	INFO	[ITA_Empoli-7_3_T-1            ]	<SUCCESS>	 Time [ms]:	  1174	
2022-12-18 13:23:26,183	Batch Processor	INFO	[ITA_Empoli-8_2_T-1            ]	<SUCCESS>	 Time [ms]:	   933	
2022-12-18 13:23:26,183	Batch Processor	INFO	[ITA_Foggia-10_1_T-1           ]	<SUCCESS>	 Time [ms]:	   944	
2022-12-18 13:23:26,184	Batch Processor	INFO	[ITA_Foggia-11_1_T-1           ]	<SUCCESS>	 Time [ms]:	  1032	
2022-12-18 13:23:26,184	Batch Processor	INFO	[ITA_Foggia-12_1_T-1           ]	<FAILURE>	 Time [ms]:	   583
2022-12-18 13:23:26,185	Batch Processor	INFO	[ITA_Foggia-13_1_T-1           ]	<SUCCESS>	 Time [ms]:	  2239	
2022-12-18 13:23:26,185	Batch Processor	INFO	[ITA_Foggia-19_1_T-1           ]	<FAILURE>	 Time [ms]:	   664
2022-12-18 13:23:26,186	Batch Processor	INFO	[ITA_Foggia-1_1_T-1            ]	<SUCCESS>	 Time [ms]:	   916	
2022-12-18 13:23:26,187	Batch Processor	INFO	[ITA_Foggia-3_1_T-1            ]	<SUCCESS>	 Time [ms]:	   834	
2022-12-18 13:23:26,187	Batch Processor	INFO	[ITA_Foggia-4_2_T-1            ]	<SUCCESS>	 Time [ms]:	   898	
2022-12-18 13:23:26,188	Batch Processor	INFO	[ITA_Foggia-5_1_T-1            ]	<SUCCESS>	 Time [ms]:	  2541	
2022-12-18 13:23:26,189	Batch Processor	INFO	[ITA_Foggia-6_1_T-1            ]	<SUCCESS>	 Time [ms]:	  1055	
2022-12-18 13:23:26,190	Batch Processor	INFO	[ITA_Foggia-7_2_T-1            ]	<SUCCESS>	 Time [ms]:	  5255	
2022-12-18 13:23:26,190	Batch Processor	INFO	[ITA_SanGiorgioaCremano-2_1_T-1]	<SUCCESS>	 Time [ms]:	   854	
2022-12-18 13:23:26,191	Batch Processor	INFO	[ITA_SanGiorgioaCremano-3_1_T-1]	<SUCCESS>	 Time [ms]:	  1144	
2022-12-18 13:23:26,192	Batch Processor	INFO	[ITA_Scicli-2_1_T-1            ]	<SUCCESS>	 Time [ms]:	  2087	
2022-12-18 13:23:26,192	Batch Processor	INFO	[ITA_Segrate-1_2_T-1           ]	<SUCCESS>	 Time [ms]:	   726	
2022-12-18 13:23:26,193	Batch Processor	INFO	[ITA_Segrate-2_3_T-1           ]	<SUCCESS>	 Time [ms]:	   584	
2022-12-18 13:23:26,194	Batch Processor	INFO	[ITA_Siderno-10_1_T-1          ]	<SUCCESS>	 Time [ms]:	   694	
2022-12-18 13:23:26,194	Batch Processor	INFO	[ITA_Siderno-2_4_T-1           ]	<SUCCESS>	 Time [ms]:	  1083	
2022-12-18 13:23:26,195	Batch Processor	INFO	[ITA_Siderno-3_2_T-1           ]	<SUCCESS>	 Time [ms]:	   634	
2022-12-18 13:23:26,196	Batch Processor	INFO	[ITA_Siderno-4_3_T-1           ]	<SUCCESS>	 Time [ms]:	   877	
2022-12-18 13:23:26,196	Batch Processor	INFO	[ITA_Siderno-4_4_T-1           ]	<SUCCESS>	 Time [ms]:	   888	
2022-12-18 13:23:26,197	Batch Processor	INFO	[ITA_Siderno-5_4_T-1           ]	<SUCCESS>	 Time [ms]:	  1257	
2022-12-18 13:23:26,198	Batch Processor	INFO	[ITA_Siderno-8_4_T-1           ]	<SUCCESS>	 Time [ms]:	  1668	
2022-12-18 13:23:26,198	Batch Processor	INFO	[ITA_Siderno-8_5_T-1           ]	<SUCCESS>	 Time [ms]:	  1436	
2022-12-18 13:23:26,199	Batch Processor	INFO	[PRI_Barceloneta-2_1_T-1       ]	<SUCCESS>	 Time [ms]:	  2080	
2022-12-18 13:23:26,200	Batch Processor	INFO	[PRI_Barceloneta-3_1_T-1       ]	<SUCCESS>	 Time [ms]:	  1647	
2022-12-18 13:23:26,201	Batch Processor	INFO	[PRI_Barceloneta-4_3_T-1       ]	<SUCCESS>	 Time [ms]:	  1139	
2022-12-18 13:23:26,201	Batch Processor	INFO	[PRI_Barceloneta-4_5_T-1       ]	<SUCCESS>	 Time [ms]:	  1200	
2022-12-18 13:23:26,202	Batch Processor	INFO	[RUS_Bicycle-10_1_T-1          ]	<EXCEPTION>	
2022-12-18 13:23:26,202	Batch Processor	INFO	[RUS_Bicycle-11_1_T-1          ]	<EXCEPTION>	
2022-12-18 13:23:26,203	Batch Processor	INFO	[RUS_Bicycle-12_1_T-1          ]	<SUCCESS>	 Time [ms]:	  2225	
2022-12-18 13:23:26,203	Batch Processor	INFO	[RUS_Bicycle-13_1_T-1          ]	<EXCEPTION>	
2022-12-18 13:23:26,203	Batch Processor	INFO	[RUS_Bicycle-14_1_T-1          ]	<EXCEPTION>	
2022-12-18 13:23:26,204	Batch Processor	INFO	[RUS_Bicycle-1_1_T-1           ]	<EXCEPTION>	
2022-12-18 13:23:26,204	Batch Processor	INFO	[RUS_Bicycle-2_1_T-1           ]	<EXCEPTION>	
2022-12-18 13:23:26,204	Batch Processor	INFO	[RUS_Bicycle-3_1_T-1           ]	<EXCEPTION>	
2022-12-18 13:23:26,205	Batch Processor	INFO	[RUS_Bicycle-4_2_T-1           ]	<EXCEPTION>	
2022-12-18 13:23:26,205	Batch Processor	INFO	[RUS_Bicycle-5_1_T-1           ]	<EXCEPTION>	
2022-12-18 13:23:26,205	Batch Processor	INFO	[RUS_Bicycle-6_1_T-1           ]	<EXCEPTION>	
2022-12-18 13:23:26,205	Batch Processor	INFO	[RUS_Bicycle-7_1_T-1           ]	<EXCEPTION>	
2022-12-18 13:23:26,206	Batch Processor	INFO	[RUS_Bicycle-8_1_T-1           ]	<EXCEPTION>	
2022-12-18 13:23:26,206	Batch Processor	INFO	[RUS_Bicycle-9_1_T-1           ]	<EXCEPTION>	
2022-12-18 13:23:26,206	Batch Processor	INFO	[USA_Lanker-1_2_T-1            ]	<EXCEPTION>	
2022-12-18 13:23:26,207	Batch Processor	INFO	[USA_Peach-1_1_T-1             ]	<EXCEPTION>	
2022-12-18 13:23:26,207	Batch Processor	INFO	[USA_Peach-2_1_T-1             ]	<EXCEPTION>	
2022-12-18 13:23:26,207	Batch Processor	INFO	[USA_Peach-3_1_T-1             ]	<EXCEPTION>	
2022-12-18 13:23:26,208	Batch Processor	INFO	[USA_US101-10_4_T-1            ]	<EXCEPTION>	
2022-12-18 13:23:26,208	Batch Processor	INFO	[USA_US101-11_4_T-1            ]	<EXCEPTION>	
2022-12-18 13:23:26,209	Batch Processor	INFO	[USA_US101-12_1_T-1            ]	<EXCEPTION>	
2022-12-18 13:23:26,210	Batch Processor	INFO	[USA_US101-13_4_T-1            ]	<SUCCESS>	 Time [ms]:	 46714	
2022-12-18 13:23:26,211	Batch Processor	INFO	[USA_US101-14_1_T-1            ]	<EXCEPTION>	
2022-12-18 13:23:26,211	Batch Processor	INFO	[USA_US101-15_1_T-1            ]	<EXCEPTION>	
2022-12-18 13:23:26,213	Batch Processor	INFO	[USA_US101-16_2_T-1            ]	<SUCCESS>	 Time [ms]:	  2632	
2022-12-18 13:23:26,213	Batch Processor	INFO	[USA_US101-17_1_T-1            ]	<EXCEPTION>	
2022-12-18 13:23:26,214	Batch Processor	INFO	[USA_US101-18_2_T-1            ]	<SUCCESS>	 Time [ms]:	  5997	
2022-12-18 13:23:26,216	Batch Processor	INFO	[USA_US101-20_2_T-1            ]	<SUCCESS>	 Time [ms]:	  9839	
2022-12-18 13:23:26,217	Batch Processor	INFO	[USA_US101-21_2_T-1            ]	<SUCCESS>	 Time [ms]:	   833	
2022-12-18 13:23:26,217	Batch Processor	INFO	[USA_US101-22_4_T-1            ]	<TIMEOUT>	 Time [ms]:	120000
2022-12-18 13:23:26,219	Batch Processor	INFO	[USA_US101-23_2_T-1            ]	<SUCCESS>	 Time [ms]:	  1346	
2022-12-18 13:23:26,221	Batch Processor	INFO	[USA_US101-24_2_T-1            ]	<SUCCESS>	 Time [ms]:	 30654	
2022-12-18 13:23:26,223	Batch Processor	INFO	[USA_US101-25_2_T-1            ]	<SUCCESS>	 Time [ms]:	   594	
2022-12-18 13:23:26,224	Batch Processor	INFO	[USA_US101-26_2_T-1            ]	<SUCCESS>	 Time [ms]:	  1368	
2022-12-18 13:23:26,225	Batch Processor	INFO	[USA_US101-27_1_T-1            ]	<EXCEPTION>	
2022-12-18 13:23:26,225	Batch Processor	INFO	[USA_US101-28_1_T-1            ]	<EXCEPTION>	
2022-12-18 13:23:26,225	Batch Processor	INFO	[USA_US101-29_1_T-1            ]	<EXCEPTION>	
2022-12-18 13:23:26,226	Batch Processor	INFO	[USA_US101-3_1_T-1             ]	<EXCEPTION>	
2022-12-18 13:23:26,226	Batch Processor	INFO	[USA_US101-3_2_S-1             ]	<EXCEPTION>	
2022-12-18 13:23:26,226	Batch Processor	INFO	[USA_US101-4_1_T-1             ]	<EXCEPTION>	
2022-12-18 13:23:26,227	Batch Processor	INFO	[USA_US101-5_1_T-1             ]	<EXCEPTION>	
2022-12-18 13:23:26,227	Batch Processor	INFO	[USA_US101-6_1_T-1             ]	<EXCEPTION>	
2022-12-18 13:23:26,228	Batch Processor	INFO	[USA_US101-8_4_T-1             ]	<SUCCESS>	 Time [ms]:	   815	
2022-12-18 13:23:26,229	Batch Processor	INFO	[USA_US101-9_1_T-1             ]	<EXCEPTION>	
2022-12-18 13:23:26,229	Batch Processor	INFO	==============================        Solution found        ==============================
	- ARG_Carcarana-13_1_T-1
	- ARG_Carcarana-5_2_T-1
	- BEL_Aarschot-11_1_T-1
	- ARG_Carcarana-2_3_T-1
	- ARG_Carcarana-7_1_T-1
	- ARG_Carcarana-11_1_T-1
	- BEL_Aarschot-3_1_T-1
	- BEL_Aarschot-5_1_T-1
	- BEL_Aarschot-1_2_T-1
	- ARG_Carcarana-9_2_T-1
	- BEL_Beringen-1_1_T-1
	- BEL_Nivelles-10_1_T-1
	- BEL_Nivelles-16_2_T-1
	- ARG_Carcarana-3_3_T-1
	- BEL_Beringen-8_1_T-1
	- BEL_Nivelles-18_2_T-1
	- BEL_Nivelles-1_1_T-1
	- BEL_Nivelles-19_1_T-1
	- BEL_Nivelles-3_1_T-1
	- BEL_Nivelles-4_2_T-1
	- BEL_Putte-11_2_T-1
	- BEL_Putte-10_2_T-1
	- BEL_Nivelles-20_1_T-1
	- BEL_Nivelles-9_2_T-1
	- BEL_Putte-3_1_T-1
	- BEL_Putte-2_1_T-1
	- BEL_Putte-6_1_T-1
	- BEL_Putte-4_2_T-1
	- BEL_Wervik-1_4_T-1
	- BEL_Wervik-2_2_T-1
	- BEL_Zaventem-4_1_T-1
	- BEL_Wervik-4_1_T-1
	- BEL_Zaventem-3_1_T-1
	- BEL_Zaventem-1_2_T-1
	- BEL_Zaventem-5_3_T-1
	- BEL_Zwevegem-3_1_T-1
	- BEL_Zwevegem-7_2_T-1
	- BEL_Zwevegem-2_3_T-1
	- BEL_Zwevegem-8_1_T-1
	- BEL_Zwevegem-8_4_T-1
	- BEL_Zwevegem-5_2_T-1
	- DEU_Backnang-9_1_T-1
	- DEU_Backnang-4_1_T-1
	- DEU_Backnang-5_1_T-1
	- DEU_BadEssen-4_1_T-1
	- DEU_Backnang-6_1_T-1
	- DEU_BadWaldsee-4_2_T-1
	- DEU_BadEssen-3_1_T-1
	- DEU_BadWaldsee-4_5_T-1
	- DEU_BadWaldsee-1_1_T-1
	- DEU_Bilderstoeckchen-2_3_T-1
	- DEU_Backnang-1_2_T-1
	- DEU_Bilderstoeckchen-4_1_T-1
	- DEU_Flensburg-10_1_T-1
	- DEU_Flensburg-14_1_T-1
	- DEU_Flensburg-11_1_T-1
	- DEU_Flensburg-12_1_T-1
	- DEU_Flensburg-21_1_T-1
	- DEU_Flensburg-20_1_T-1
	- DEU_Flensburg-22_1_T-1
	- DEU_Flensburg-25_1_T-1
	- DEU_Flensburg-27_1_T-1
	- DEU_Flensburg-41_1_T-1
	- DEU_Flensburg-39_1_T-1
	- DEU_Flensburg-43_1_T-1
	- DEU_Flensburg-48_1_T-1
	- DEU_Flensburg-46_1_T-1
	- DEU_Flensburg-52_1_T-1
	- DEU_Flensburg-51_1_T-1
	- DEU_Flensburg-53_1_T-1
	- DEU_Flensburg-54_1_T-1
	- DEU_Flensburg-55_1_T-1
	- DEU_Flensburg-56_1_T-1
	- DEU_Flensburg-57_1_T-1
	- DEU_Flensburg-59_1_T-1
	- DEU_Flensburg-61_1_T-1
	- DEU_Flensburg-65_1_T-1
	- DEU_Flensburg-67_1_T-1
	- DEU_Flensburg-70_1_T-1
	- DEU_Flensburg-71_1_T-1
	- DEU_Flensburg-73_1_T-1
	- DEU_Flensburg-77_1_T-1
	- DEU_Flensburg-78_1_T-1
	- DEU_Flensburg-82_1_T-1
	- DEU_Flensburg-87_1_T-1
	- DEU_Flensburg-88_1_T-1
	- DEU_Flensburg-93_1_T-1
	- DEU_Flensburg-95_1_T-1
	- DEU_Flensburg-98_1_T-1
	- DEU_Guetersloh-11_3_T-1
	- DEU_Guetersloh-10_5_T-1
	- DEU_Guetersloh-12_1_T-1
	- DEU_Guetersloh-14_2_T-1
	- DEU_Guetersloh-16_2_T-1
	- DEU_Guetersloh-15_2_T-1
	- DEU_Guetersloh-16_5_T-1
	- DEU_Guetersloh-19_1_T-1
	- DEU_Guetersloh-18_1_T-1
	- DEU_Guetersloh-17_2_T-1
	- DEU_Guetersloh-20_1_T-1
	- DEU_Guetersloh-20_3_T-1
	- DEU_Guetersloh-21_1_T-1
	- DEU_Guetersloh-24_1_T-1
	- DEU_Guetersloh-24_2_T-1
	- DEU_Guetersloh-24_3_T-1
	- DEU_Guetersloh-25_2_T-1
	- DEU_Guetersloh-25_4_T-1
	- DEU_Guetersloh-27_1_T-1
	- DEU_Guetersloh-31_4_T-1
	- DEU_Guetersloh-32_3_T-1
	- DEU_Guetersloh-34_2_T-1
	- DEU_Guetersloh-33_1_T-1
	- DEU_Guetersloh-36_1_T-1
	- DEU_Guetersloh-39_3_T-1
	- DEU_Guetersloh-39_5_T-1
	- DEU_Guetersloh-40_4_T-1
	- DEU_Guetersloh-40_5_T-1
	- DEU_Guetersloh-42_1_T-1
	- DEU_Guetersloh-41_1_T-1
	- DEU_Guetersloh-4_5_T-1
	- DEU_Guetersloh-50_1_T-1
	- DEU_Guetersloh-54_1_T-1
	- DEU_Guetersloh-55_1_T-1
	- DEU_Guetersloh-65_2_T-1
	- DEU_Guetersloh-55_3_T-1
	- DEU_Guetersloh-6_3_T-1
	- DEU_Guetersloh-8_1_T-1
	- DEU_Guetersloh-7_2_T-1
	- DEU_Hennigsdorf-12_1_T-1
	- DEU_Hennigsdorf-11_1_T-1
	- DEU_Hennigsdorf-13_2_T-1
	- DEU_Hennigsdorf-18_2_T-1
	- DEU_Hennigsdorf-14_3_T-1
	- DEU_Hennigsdorf-15_3_T-1
	- DEU_Hennigsdorf-5_1_T-1
	- DEU_Hennigsdorf-3_2_T-1
	- DEU_Hennigsdorf-3_5_T-1
	- DEU_Hennigsdorf-9_2_T-1
	- DEU_Ibbenbueren-10_2_T-1
	- DEU_Hennigsdorf-7_3_T-1
	- DEU_Ibbenbueren-11_2_T-1
	- DEU_Ibbenbueren-13_3_T-1
	- DEU_Ibbenbueren-12_1_T-1
	- DEU_Ibbenbueren-15_4_T-1
	- DEU_Ibbenbueren-14_1_T-1
	- DEU_Hennigsdorf-5_4_T-1
	- DEU_Ibbenbueren-16_3_T-1
	- DEU_Ibbenbueren-16_5_T-1
	- DEU_Ibbenbueren-2_2_T-1
	- DEU_Ibbenbueren-3_3_T-1
	- DEU_Ibbenbueren-6_4_T-1
	- DEU_Ibbenbueren-6_3_T-1
	- DEU_Ibbenbueren-7_1_T-1
	- DEU_Ibbenbueren-9_1_T-1
	- DEU_Ibbenbueren-4_2_T-1
	- DEU_Lohmar-11_1_T-1
	- DEU_Lohmar-14_1_T-1
	- DEU_Lohmar-12_1_T-1
	- DEU_Lohmar-20_1_T-1
	- DEU_Lohmar-27_1_T-1
	- DEU_Lohmar-32_1_T-1
	- DEU_Lohmar-33_1_T-1
	- DEU_Lohmar-35_1_T-1
	- DEU_Lohmar-37_1_T-1
	- DEU_Lohmar-40_1_T-1
	- DEU_Lohmar-44_1_T-1
	- DEU_Lohmar-45_1_T-1
	- DEU_Lohmar-47_1_T-1
	- DEU_Lohmar-39_1_T-1
	- DEU_Lohmar-50_1_T-1
	- DEU_Lohmar-52_1_T-1
	- DEU_Lohmar-57_1_T-1
	- DEU_Lohmar-63_1_T-1
	- DEU_Lohmar-67_1_T-1
	- DEU_Lohmar-68_1_T-1
	- DEU_Lohmar-9_1_T-1
	- DEU_Meckenheim-1_4_T-1
	- DEU_Meckenheim-3_1_T-1
	- DEU_Meckenheim-5_1_T-1
	- DEU_Meckenheim-8_3_T-1
	- DEU_Meckenheim-8_5_T-1
	- DEU_Moabit-1_2_T-1
	- DEU_Moabit-4_1_T-1
	- DEU_Moabit-5_2_T-1
	- DEU_Moabit-6_2_T-1
	- DEU_Moelln-10_3_T-1
	- DEU_Moelln-11_1_T-1
	- DEU_Moelln-12_1_T-1
	- DEU_Moelln-2_1_T-1
	- DEU_Moelln-6_1_T-1
	- DEU_Moelln-4_3_T-1
	- DEU_Moelln-7_1_T-1
	- DEU_Muehlhausen-11_1_T-1
	- DEU_Muehlhausen-14_3_T-1
	- DEU_Muehlhausen-1_2_T-1
	- DEU_Muehlhausen-1_3_T-1
	- DEU_Muehlhausen-5_1_T-1
	- DEU_Moelln-9_1_T-1
	- DEU_Muehlhausen-4_1_T-1
	- DEU_Muehlhausen-6_1_T-1
	- DEU_Muehlhausen-2_1_T-1
	- DEU_Muehlhausen-7_2_T-1
	- DEU_Reutlingen-4_1_T-1
	- DEU_Reutlingen-5_1_T-1
	- DEU_Rheinbach-1_4_T-1
	- DEU_Rheinbach-5_3_T-1
	- DEU_Speyer-2_4_T-1
	- DEU_Speyer-5_2_T-1
	- ESP_Almansa-1_1_T-1
	- ESP_Almansa-6_1_T-1
	- ESP_Berga-10_1_T-1
	- ESP_Berga-4_4_T-1
	- ESP_Almansa-2_1_T-1
	- ESP_Berga-9_1_T-1
	- ESP_Berga-6_1_T-1
	- ESP_Cambre-1_1_T-1
	- ESP_Cambre-2_1_T-1
	- ESP_Cambre-3_1_T-1
	- ESP_Ceuta-10_1_T-1
	- ESP_Ceuta-15_2_T-1
	- ESP_Ceuta-1_2_T-1
	- ESP_Ceuta-3_2_T-1
	- ESP_Ceuta-2_1_T-1
	- ESP_Ceuta-7_1_T-1
	- ESP_Ceuta-4_1_T-1
	- ESP_Ceuta-8_1_T-1
	- ESP_Inca-7_1_T-1
	- ESP_Monzon-2_1_T-1
	- ESP_Monzon-5_1_T-1
	- ESP_Monzon-3_1_T-1
	- ESP_Monzon-6_1_T-1
	- ESP_Monzon-7_2_T-1
	- ESP_Monzon-7_3_T-1
	- ESP_PriegodeCordoba-2_3_T-1
	- ESP_Monzon-9_1_T-1
	- ESP_PriegodeCordoba-3_1_T-1
	- ESP_PriegodeCordoba-6_1_T-1
	- ESP_Requena-6_2_T-1
	- ESP_SantBoideLlobregat-14_1_T-1
	- ESP_SantBoideLlobregat-14_4_T-1
	- ESP_SantBoideLlobregat-18_2_T-1
	- ESP_SantBoideLlobregat-19_1_T-1
	- ESP_SantBoideLlobregat-24_1_T-1
	- ESP_SantBoideLlobregat-23_2_T-1
	- ESP_SantBoideLlobregat-3_1_T-1
	- ESP_SantBoideLlobregat-8_5_T-1
	- ESP_Toledo-10_1_T-1
	- ESP_SantBoideLlobregat-6_2_T-1
	- ESP_Toledo-10_2_T-1
	- ESP_Toledo-11_5_T-1
	- ESP_Toledo-11_1_T-1
	- ESP_SantBoideLlobregat-8_1_T-1
	- ESP_Toledo-23_1_T-1
	- ESP_Toledo-5_1_T-1
	- ESP_Toledo-22_1_T-1
	- ESP_Toledo-9_1_T-1
	- FRA_Anglet-1_2_T-1
	- ESP_Toledo-6_2_T-1
	- ESP_Toledo-8_1_T-1
	- FRA_Miramas-1_1_T-1
	- FRA_Miramas-3_1_T-1
	- FRA_Miramas-2_1_T-1
	- FRA_Anglet-3_2_T-1
	- FRA_Miramas-9_1_T-1
	- FRA_Miramas-5_1_T-1
	- FRA_MoissyCramayel-2_1_T-1
	- FRA_MoissyCramayel-1_1_T-1
	- GRC_Perama-2_1_T-1
	- FRA_Sete-1_1_T-1
	- GRC_Perama-3_2_T-1
	- FRA_MoissyCramayel-4_1_T-1
	- GRC_Perama-4_3_T-1
	- HRV_Pula-12_3_T-1
	- HRV_Pula-10_1_T-1
	- HRV_Pula-13_2_T-1
	- HRV_Pula-15_1_T-1
	- HRV_Pula-19_2_T-1
	- HRV_Pula-18_1_T-1
	- HRV_Pula-23_1_T-1
	- HRV_Pula-21_1_T-1
	- HRV_Pula-25_1_T-1
	- HRV_Pula-22_1_T-1
	- HRV_Pula-24_1_T-1
	- HRV_Pula-27_2_T-1
	- HRV_Pula-29_3_T-1
	- HRV_Pula-31_1_T-1
	- HRV_Pula-33_2_T-1
	- HRV_Pula-32_2_T-1
	- HRV_Pula-6_2_T-1
	- HRV_Pula-5_2_T-1
	- HRV_Pula-5_3_T-1
	- HRV_Pula-9_2_T-1
	- HRV_Pula-9_4_T-1
	- HRV_Pula-8_3_T-1
	- ITA_CarpiCentro-1_3_T-1
	- HRV_Pula-7_2_T-1
	- ITA_CarpiCentro-5_1_T-1
	- ITA_CarpiCentro-3_1_T-1
	- ITA_CarpiCentro-6_2_T-1
	- ITA_CarpiCentro-2_4_T-1
	- ITA_CarpiCentro-8_3_T-1
	- ITA_Empoli-10_1_T-1
	- ITA_CarpiCentro-7_1_T-1
	- ITA_Empoli-18_1_T-1
	- ITA_Empoli-2_5_T-1
	- ITA_Empoli-2_4_T-1
	- ITA_Empoli-3_1_T-1
	- ITA_Empoli-7_3_T-1
	- GRC_Perama-7_1_T-1
	- ITA_Empoli-8_2_T-1
	- ITA_Empoli-4_2_T-1
	- ITA_Foggia-10_1_T-1
	- ITA_Foggia-11_1_T-1
	- ITA_Foggia-3_1_T-1
	- ITA_Foggia-1_1_T-1
	- ITA_Foggia-4_2_T-1
	- ITA_Foggia-6_1_T-1
	- ITA_SanGiorgioaCremano-2_1_T-1
	- ITA_Foggia-13_1_T-1
	- ITA_SanGiorgioaCremano-3_1_T-1
	- ITA_Foggia-5_1_T-1
	- ITA_Segrate-1_2_T-1
	- ITA_Segrate-2_3_T-1
	- ITA_Siderno-10_1_T-1
	- ITA_Siderno-3_2_T-1
	- ITA_Siderno-2_4_T-1
	- ITA_Siderno-4_3_T-1
	- ITA_Scicli-2_1_T-1
	- ITA_Siderno-4_4_T-1
	- ITA_Siderno-5_4_T-1
	- ITA_Foggia-7_2_T-1
	- ITA_Siderno-8_5_T-1
	- ITA_Siderno-8_4_T-1
	- PRI_Barceloneta-4_3_T-1
	- PRI_Barceloneta-2_1_T-1
	- PRI_Barceloneta-3_1_T-1
	- PRI_Barceloneta-4_5_T-1
	- RUS_Bicycle-12_1_T-1
	- USA_US101-21_2_T-1
	- USA_US101-16_2_T-1
	- USA_US101-18_2_T-1
	- USA_US101-23_2_T-1
	- USA_US101-20_2_T-1
	- USA_US101-25_2_T-1
	- USA_US101-26_2_T-1
	- USA_US101-8_4_T-1
	- USA_US101-24_2_T-1
	- USA_US101-13_4_T-1
2022-12-18 13:23:26,230	Batch Processor	INFO	==============================      Solution not found      ==============================
	- ARG_Carcarana-8_4_T-1
	- BEL_Aarschot-6_1_T-1
	- BEL_Putte-14_3_T-1
	- BEL_Putte-17_1_T-1
	- DEU_Flensburg-64_1_T-1
	- DEU_Guetersloh-10_4_T-1
	- DEU_Lohmar-19_1_T-1
	- DEU_Lohmar-28_1_T-1
	- DEU_Speyer-2_1_T-1
	- ESP_Ceuta-11_1_T-1
	- ESP_Ceuta-5_1_T-1
	- ESP_Inca-3_2_T-1
	- ESP_SantBoideLlobregat-22_3_T-1
	- ESP_SantBoideLlobregat-4_1_T-1
	- FRA_Anglet-2_1_T-1
	- GRC_Perama-1_1_T-1
	- ITA_Foggia-12_1_T-1
	- ITA_Foggia-19_1_T-1
2022-12-18 13:23:26,230	Batch Processor	INFO	==============================      Exception occurred      ==============================
	- RUS_Bicycle-10_1_T-1
	- RUS_Bicycle-11_1_T-1
	- RUS_Bicycle-13_1_T-1
	- RUS_Bicycle-14_1_T-1
	- RUS_Bicycle-1_1_T-1
	- RUS_Bicycle-2_1_T-1
	- RUS_Bicycle-3_1_T-1
	- RUS_Bicycle-4_2_T-1
	- RUS_Bicycle-6_1_T-1
	- RUS_Bicycle-5_1_T-1
	- RUS_Bicycle-7_1_T-1
	- RUS_Bicycle-8_1_T-1
	- RUS_Bicycle-9_1_T-1
	- USA_Peach-1_1_T-1
	- USA_Peach-3_1_T-1
	- USA_Peach-2_1_T-1
	- USA_Lanker-1_2_T-1
	- USA_US101-11_4_T-1
	- USA_US101-10_4_T-1
	- USA_US101-12_1_T-1
	- USA_US101-14_1_T-1
	- USA_US101-15_1_T-1
	- USA_US101-17_1_T-1
	- USA_US101-27_1_T-1
	- USA_US101-28_1_T-1
	- USA_US101-29_1_T-1
	- USA_US101-3_1_T-1
	- USA_US101-3_2_S-1
	- USA_US101-4_1_T-1
	- USA_US101-5_1_T-1
	- USA_US101-6_1_T-1
	- USA_US101-9_1_T-1
2022-12-18 13:23:26,230	Batch Processor	INFO	==============================           Time out           ==============================
	- DEU_Flensburg-15_1_T-1
	- DEU_Flensburg-13_1_T-1
	- DEU_Flensburg-16_1_T-1
	- DEU_Flensburg-17_1_T-1
	- DEU_Flensburg-18_1_T-1
	- DEU_Flensburg-19_1_T-1
	- DEU_Flensburg-23_1_T-1
	- DEU_Flensburg-24_1_T-1
	- DEU_Flensburg-26_1_T-1
	- DEU_Flensburg-28_1_T-1
	- DEU_Flensburg-29_1_T-1
	- DEU_Flensburg-2_1_T-1
	- DEU_Flensburg-30_1_T-1
	- DEU_Flensburg-31_1_T-1
	- DEU_Flensburg-32_1_T-1
	- DEU_Flensburg-33_1_T-1
	- DEU_Flensburg-35_1_T-1
	- DEU_Flensburg-34_1_T-1
	- DEU_Flensburg-36_1_T-1
	- DEU_Flensburg-38_1_T-1
	- DEU_Flensburg-37_1_T-1
	- DEU_Flensburg-40_1_T-1
	- DEU_Flensburg-42_1_T-1
	- DEU_Flensburg-44_1_T-1
	- DEU_Flensburg-45_1_T-1
	- DEU_Flensburg-47_1_T-1
	- DEU_Flensburg-49_1_T-1
	- DEU_Flensburg-50_1_T-1
	- DEU_Flensburg-58_1_T-1
	- DEU_Flensburg-60_1_T-1
	- DEU_Flensburg-62_1_T-1
	- DEU_Flensburg-63_1_T-1
	- DEU_Flensburg-66_1_T-1
	- DEU_Flensburg-68_1_T-1
	- DEU_Flensburg-69_1_T-1
	- DEU_Flensburg-72_1_T-1
	- DEU_Flensburg-74_1_T-1
	- DEU_Flensburg-75_1_T-1
	- DEU_Flensburg-76_1_T-1
	- DEU_Flensburg-79_1_T-1
	- DEU_Flensburg-80_1_T-1
	- DEU_Flensburg-81_1_T-1
	- DEU_Flensburg-83_1_T-1
	- DEU_Flensburg-84_1_T-1
	- DEU_Flensburg-85_1_T-1
	- DEU_Flensburg-86_1_T-1
	- DEU_Flensburg-89_1_T-1
	- DEU_Flensburg-90_1_T-1
	- DEU_Flensburg-91_1_T-1
	- DEU_Flensburg-92_1_T-1
	- DEU_Flensburg-94_1_T-1
	- DEU_Flensburg-96_1_T-1
	- DEU_Flensburg-97_1_T-1
	- DEU_Flensburg-99_1_T-1
	- DEU_Lohmar-10_1_T-1
	- DEU_Lohmar-13_1_T-1
	- DEU_Lohmar-15_1_T-1
	- DEU_Lohmar-16_1_T-1
	- DEU_Lohmar-17_1_T-1
	- DEU_Lohmar-18_1_T-1
	- DEU_Lohmar-21_1_T-1
	- DEU_Lohmar-22_1_T-1
	- DEU_Lohmar-23_1_T-1
	- DEU_Lohmar-24_1_T-1
	- DEU_Lohmar-25_1_T-1
	- DEU_Lohmar-26_1_T-1
	- DEU_Lohmar-29_1_T-1
	- DEU_Lohmar-30_1_T-1
	- DEU_Lohmar-31_1_T-1
	- DEU_Lohmar-34_1_T-1
	- DEU_Lohmar-36_1_T-1
	- DEU_Lohmar-38_1_T-1
	- DEU_Lohmar-41_1_T-1
	- DEU_Lohmar-42_1_T-1
	- DEU_Lohmar-43_1_T-1
	- DEU_Lohmar-46_1_T-1
	- DEU_Lohmar-48_1_T-1
	- DEU_Lohmar-49_1_T-1
	- DEU_Lohmar-51_1_T-1
	- DEU_Lohmar-53_1_T-1
	- DEU_Lohmar-54_1_T-1
	- DEU_Lohmar-55_1_T-1
	- DEU_Lohmar-56_1_T-1
	- DEU_Lohmar-58_1_T-1
	- DEU_Lohmar-59_1_T-1
	- DEU_Lohmar-60_1_T-1
	- DEU_Lohmar-61_1_T-1
	- DEU_Lohmar-62_1_T-1
	- DEU_Lohmar-64_1_T-1
	- DEU_Lohmar-65_1_T-1
	- DEU_Lohmar-66_1_T-1
	- DEU_Lohmar-69_1_T-1
	- DEU_Lohmar-70_1_T-1
	- DEU_Lohmar-8_1_T-1
	- DEU_Luckenwalde-1_1_T-1
	- DEU_Reutlingen-1_1_T-1
	- DEU_Reutlingen-2_1_T-1
	- DEU_Reutlingen-3_1_T-1
	- DEU_Reutlingen-6_1_T-1
	- USA_US101-22_4_T-1
2022-12-18 13:23:26,230	Batch Processor	INFO	
==============================        Result Summary        ==============================
2022-12-18 13:23:26,232	Batch Processor	INFO	Total number of scenarios:  	       500
2022-12-18 13:23:26,232	Batch Processor	INFO	Solution found:               	       348
2022-12-18 13:23:26,232	Batch Processor	INFO	Solution found but invalid:   	         0
2022-12-18 13:23:26,233	Batch Processor	INFO	Solution not found:           	        18
2022-12-18 13:23:26,233	Batch Processor	INFO	Exception occurred:           	        32
2022-12-18 13:23:26,233	Batch Processor	INFO	Time out:                     	       100
