2022-12-16 16:52:41,205	Batch Processor	INFO	Config file loaded and logger created.
2022-12-16 16:52:41,208	Batch Processor	INFO	18 scenarios skipped.
2022-12-16 16:52:41,208	Batch Processor	INFO	ScenarioLoader Mode <DEFAULT>
2022-12-16 16:52:41,208	Batch Processor	INFO	Run on all scenarios, except the skipped scenarios
2022-12-16 16:52:41,209	Batch Processor	INFO	Number of scenarios: 500
2022-12-16 16:52:41,219	Batch Processor	INFO	Automaton loaded for vehicle type: BMW_320i
2022-12-16 16:52:41,219	Batch Processor	INFO	Motion planner: student
2022-12-16 16:52:41,351	Batch Processor	INFO	Number of parallel processes: 6
2022-12-16 17:04:12,485	Batch Processor	INFO	==============================        Search Results        ==============================
2022-12-16 17:04:12,489	Batch Processor	INFO	[ARG_Carcarana-11_1_T-1        ]	<SUCCESS>	 Time [ms]:	  2412	
2022-12-16 17:04:12,490	Batch Processor	INFO	[ARG_Carcarana-13_1_T-1        ]	<SUCCESS>	 Time [ms]:	  1035	
2022-12-16 17:04:12,491	Batch Processor	INFO	[ARG_Carcarana-2_3_T-1         ]	<SUCCESS>	 Time [ms]:	  2124	
2022-12-16 17:04:12,492	Batch Processor	INFO	[ARG_Carcarana-3_3_T-1         ]	<SUCCESS>	 Time [ms]:	  4545	
2022-12-16 17:04:12,493	Batch Processor	INFO	[ARG_Carcarana-5_2_T-1         ]	<SUCCESS>	 Time [ms]:	  1672	
2022-12-16 17:04:12,494	Batch Processor	INFO	[ARG_Carcarana-7_1_T-1         ]	<SUCCESS>	 Time [ms]:	  2437	
2022-12-16 17:04:12,495	Batch Processor	INFO	[ARG_Carcarana-8_4_T-1         ]	<FAILURE>	 Time [ms]:	  1782
2022-12-16 17:04:12,496	Batch Processor	INFO	[ARG_Carcarana-9_2_T-1         ]	<SUCCESS>	 Time [ms]:	  2829	
2022-12-16 17:04:12,496	Batch Processor	INFO	[BEL_Aarschot-11_1_T-1         ]	<SUCCESS>	 Time [ms]:	   932	
2022-12-16 17:04:12,497	Batch Processor	INFO	[BEL_Aarschot-1_2_T-1          ]	<SUCCESS>	 Time [ms]:	  1958	
2022-12-16 17:04:12,498	Batch Processor	INFO	[BEL_Aarschot-3_1_T-1          ]	<SUCCESS>	 Time [ms]:	   869	
2022-12-16 17:04:12,499	Batch Processor	INFO	[BEL_Aarschot-5_1_T-1          ]	<SUCCESS>	 Time [ms]:	  1616	
2022-12-16 17:04:12,500	Batch Processor	INFO	[BEL_Aarschot-6_1_T-1          ]	<FAILURE>	 Time [ms]:	  1399
2022-12-16 17:04:12,501	Batch Processor	INFO	[BEL_Beringen-1_1_T-1          ]	<SUCCESS>	 Time [ms]:	  2375	
2022-12-16 17:04:12,501	Batch Processor	INFO	[BEL_Beringen-8_1_T-1          ]	<SUCCESS>	 Time [ms]:	  3575	
2022-12-16 17:04:12,502	Batch Processor	INFO	[BEL_Nivelles-10_1_T-1         ]	<SUCCESS>	 Time [ms]:	   758	
2022-12-16 17:04:12,503	Batch Processor	INFO	[BEL_Nivelles-16_2_T-1         ]	<SUCCESS>	 Time [ms]:	   388	
2022-12-16 17:04:12,504	Batch Processor	INFO	[BEL_Nivelles-18_2_T-1         ]	<SUCCESS>	 Time [ms]:	  4148	
2022-12-16 17:04:12,506	Batch Processor	INFO	[BEL_Nivelles-19_1_T-1         ]	<SUCCESS>	 Time [ms]:	  1667	
2022-12-16 17:04:12,507	Batch Processor	INFO	[BEL_Nivelles-1_1_T-1          ]	<SUCCESS>	 Time [ms]:	  1510	
2022-12-16 17:04:12,508	Batch Processor	INFO	[BEL_Nivelles-20_1_T-1         ]	<SUCCESS>	 Time [ms]:	  5835	
2022-12-16 17:04:12,509	Batch Processor	INFO	[BEL_Nivelles-3_1_T-1          ]	<SUCCESS>	 Time [ms]:	  1551	
2022-12-16 17:04:12,511	Batch Processor	INFO	[BEL_Nivelles-4_2_T-1          ]	<SUCCESS>	 Time [ms]:	  3770	
2022-12-16 17:04:12,511	Batch Processor	INFO	[BEL_Nivelles-9_2_T-1          ]	<SUCCESS>	 Time [ms]:	  2845	
2022-12-16 17:04:12,512	Batch Processor	INFO	[BEL_Putte-10_2_T-1            ]	<SUCCESS>	 Time [ms]:	   638	
2022-12-16 17:04:12,513	Batch Processor	INFO	[BEL_Putte-11_2_T-1            ]	<SUCCESS>	 Time [ms]:	   527	
2022-12-16 17:04:12,513	Batch Processor	INFO	[BEL_Putte-14_3_T-1            ]	<FAILURE>	 Time [ms]:	   293
2022-12-16 17:04:12,514	Batch Processor	INFO	[BEL_Putte-17_1_T-1            ]	<FAILURE>	 Time [ms]:	   494
2022-12-16 17:04:12,514	Batch Processor	INFO	[BEL_Putte-2_1_T-1             ]	<SUCCESS>	 Time [ms]:	  1819	
2022-12-16 17:04:12,515	Batch Processor	INFO	[BEL_Putte-3_1_T-1             ]	<SUCCESS>	 Time [ms]:	   931	
2022-12-16 17:04:12,516	Batch Processor	INFO	[BEL_Putte-4_2_T-1             ]	<SUCCESS>	 Time [ms]:	  1797	
2022-12-16 17:04:12,517	Batch Processor	INFO	[BEL_Putte-6_1_T-1             ]	<SUCCESS>	 Time [ms]:	  1045	
2022-12-16 17:04:12,517	Batch Processor	INFO	[BEL_Wervik-1_4_T-1            ]	<SUCCESS>	 Time [ms]:	  1360	
2022-12-16 17:04:12,518	Batch Processor	INFO	[BEL_Wervik-2_2_T-1            ]	<SUCCESS>	 Time [ms]:	  2067	
2022-12-16 17:04:12,519	Batch Processor	INFO	[BEL_Wervik-4_1_T-1            ]	<SUCCESS>	 Time [ms]:	  1807	
2022-12-16 17:04:12,523	Batch Processor	INFO	[BEL_Zaventem-1_2_T-1          ]	<SUCCESS>	 Time [ms]:	  1999	
2022-12-16 17:04:12,526	Batch Processor	INFO	[BEL_Zaventem-3_1_T-1          ]	<SUCCESS>	 Time [ms]:	  2740	
2022-12-16 17:04:12,527	Batch Processor	INFO	[BEL_Zaventem-4_1_T-1          ]	<SUCCESS>	 Time [ms]:	   710	
2022-12-16 17:04:12,533	Batch Processor	INFO	[BEL_Zaventem-5_3_T-1          ]	<SUCCESS>	 Time [ms]:	   987	
2022-12-16 17:04:12,534	Batch Processor	INFO	[BEL_Zwevegem-2_3_T-1          ]	<SUCCESS>	 Time [ms]:	  1744	
2022-12-16 17:04:12,538	Batch Processor	INFO	[BEL_Zwevegem-3_1_T-1          ]	<SUCCESS>	 Time [ms]:	  1346	
2022-12-16 17:04:12,539	Batch Processor	INFO	[BEL_Zwevegem-5_2_T-1          ]	<SUCCESS>	 Time [ms]:	  2331	
2022-12-16 17:04:12,540	Batch Processor	INFO	[BEL_Zwevegem-7_2_T-1          ]	<SUCCESS>	 Time [ms]:	  1569	
2022-12-16 17:04:12,542	Batch Processor	INFO	[BEL_Zwevegem-8_1_T-1          ]	<SUCCESS>	 Time [ms]:	  1370	
2022-12-16 17:04:12,546	Batch Processor	INFO	[BEL_Zwevegem-8_4_T-1          ]	<SUCCESS>	 Time [ms]:	  1277	
2022-12-16 17:04:12,547	Batch Processor	INFO	[DEU_Backnang-1_2_T-1          ]	<SUCCESS>	 Time [ms]:	  3742	
2022-12-16 17:04:12,548	Batch Processor	INFO	[DEU_Backnang-4_1_T-1          ]	<SUCCESS>	 Time [ms]:	  1759	
2022-12-16 17:04:12,550	Batch Processor	INFO	[DEU_Backnang-5_1_T-1          ]	<SUCCESS>	 Time [ms]:	  2322	
2022-12-16 17:04:12,551	Batch Processor	INFO	[DEU_Backnang-6_1_T-1          ]	<SUCCESS>	 Time [ms]:	  1815	
2022-12-16 17:04:12,553	Batch Processor	INFO	[DEU_Backnang-9_1_T-1          ]	<SUCCESS>	 Time [ms]:	  1000	
2022-12-16 17:04:12,554	Batch Processor	INFO	[DEU_BadEssen-3_1_T-1          ]	<SUCCESS>	 Time [ms]:	  2831	
2022-12-16 17:04:12,555	Batch Processor	INFO	[DEU_BadEssen-4_1_T-1          ]	<SUCCESS>	 Time [ms]:	   723	
2022-12-16 17:04:12,556	Batch Processor	INFO	[DEU_BadWaldsee-1_1_T-1        ]	<SUCCESS>	 Time [ms]:	  2118	
2022-12-16 17:04:12,557	Batch Processor	INFO	[DEU_BadWaldsee-4_2_T-1        ]	<SUCCESS>	 Time [ms]:	  1014	
2022-12-16 17:04:12,558	Batch Processor	INFO	[DEU_BadWaldsee-4_5_T-1        ]	<SUCCESS>	 Time [ms]:	  1698	
2022-12-16 17:04:12,558	Batch Processor	INFO	[DEU_Bilderstoeckchen-2_3_T-1  ]	<SUCCESS>	 Time [ms]:	  1398	
2022-12-16 17:04:12,559	Batch Processor	INFO	[DEU_Bilderstoeckchen-4_1_T-1  ]	<SUCCESS>	 Time [ms]:	   955	
2022-12-16 17:04:12,560	Batch Processor	INFO	[DEU_Flensburg-10_1_T-1        ]	<EXCEPTION>	
2022-12-16 17:04:12,560	Batch Processor	INFO	[DEU_Flensburg-11_1_T-1        ]	<EXCEPTION>	
2022-12-16 17:04:12,562	Batch Processor	INFO	[DEU_Flensburg-12_1_T-1        ]	<SUCCESS>	 Time [ms]:	  1931	
2022-12-16 17:04:12,562	Batch Processor	INFO	[DEU_Flensburg-13_1_T-1        ]	<EXCEPTION>	
2022-12-16 17:04:12,563	Batch Processor	INFO	[DEU_Flensburg-14_1_T-1        ]	<EXCEPTION>	
2022-12-16 17:04:12,563	Batch Processor	INFO	[DEU_Flensburg-15_1_T-1        ]	<TIMEOUT>	 Time [ms]:	120000
2022-12-16 17:04:12,563	Batch Processor	INFO	[DEU_Flensburg-16_1_T-1        ]	<EXCEPTION>	
2022-12-16 17:04:12,564	Batch Processor	INFO	[DEU_Flensburg-17_1_T-1        ]	<EXCEPTION>	
2022-12-16 17:04:12,564	Batch Processor	INFO	[DEU_Flensburg-18_1_T-1        ]	<EXCEPTION>	
2022-12-16 17:04:12,564	Batch Processor	INFO	[DEU_Flensburg-19_1_T-1        ]	<EXCEPTION>	
2022-12-16 17:04:12,566	Batch Processor	INFO	[DEU_Flensburg-20_1_T-1        ]	<SUCCESS>	 Time [ms]:	  1977	
2022-12-16 17:04:12,567	Batch Processor	INFO	[DEU_Flensburg-21_1_T-1        ]	<EXCEPTION>	
2022-12-16 17:04:12,567	Batch Processor	INFO	[DEU_Flensburg-22_1_T-1        ]	<EXCEPTION>	
2022-12-16 17:04:12,568	Batch Processor	INFO	[DEU_Flensburg-23_1_T-1        ]	<EXCEPTION>	
2022-12-16 17:04:12,568	Batch Processor	INFO	[DEU_Flensburg-24_1_T-1        ]	<EXCEPTION>	
2022-12-16 17:04:12,570	Batch Processor	INFO	[DEU_Flensburg-25_1_T-1        ]	<SUCCESS>	 Time [ms]:	  1858	
2022-12-16 17:04:12,570	Batch Processor	INFO	[DEU_Flensburg-26_1_T-1        ]	<EXCEPTION>	
2022-12-16 17:04:12,571	Batch Processor	INFO	[DEU_Flensburg-27_1_T-1        ]	<EXCEPTION>	
2022-12-16 17:04:12,571	Batch Processor	INFO	[DEU_Flensburg-28_1_T-1        ]	<EXCEPTION>	
2022-12-16 17:04:12,571	Batch Processor	INFO	[DEU_Flensburg-29_1_T-1        ]	<EXCEPTION>	
2022-12-16 17:04:12,572	Batch Processor	INFO	[DEU_Flensburg-2_1_T-1         ]	<EXCEPTION>	
2022-12-16 17:04:12,572	Batch Processor	INFO	[DEU_Flensburg-30_1_T-1        ]	<EXCEPTION>	
2022-12-16 17:04:12,572	Batch Processor	INFO	[DEU_Flensburg-31_1_T-1        ]	<EXCEPTION>	
2022-12-16 17:04:12,573	Batch Processor	INFO	[DEU_Flensburg-32_1_T-1        ]	<EXCEPTION>	
2022-12-16 17:04:12,573	Batch Processor	INFO	[DEU_Flensburg-33_1_T-1        ]	<EXCEPTION>	
2022-12-16 17:04:12,574	Batch Processor	INFO	[DEU_Flensburg-34_1_T-1        ]	<EXCEPTION>	
2022-12-16 17:04:12,574	Batch Processor	INFO	[DEU_Flensburg-35_1_T-1        ]	<EXCEPTION>	
2022-12-16 17:04:12,574	Batch Processor	INFO	[DEU_Flensburg-36_1_T-1        ]	<EXCEPTION>	
2022-12-16 17:04:12,574	Batch Processor	INFO	[DEU_Flensburg-37_1_T-1        ]	<EXCEPTION>	
2022-12-16 17:04:12,575	Batch Processor	INFO	[DEU_Flensburg-38_1_T-1        ]	<EXCEPTION>	
2022-12-16 17:04:12,577	Batch Processor	INFO	[DEU_Flensburg-39_1_T-1        ]	<SUCCESS>	 Time [ms]:	  1755	
2022-12-16 17:04:12,577	Batch Processor	INFO	[DEU_Flensburg-40_1_T-1        ]	<EXCEPTION>	
2022-12-16 17:04:12,577	Batch Processor	INFO	[DEU_Flensburg-41_1_T-1        ]	<EXCEPTION>	
2022-12-16 17:04:12,578	Batch Processor	INFO	[DEU_Flensburg-42_1_T-1        ]	<EXCEPTION>	
2022-12-16 17:04:12,579	Batch Processor	INFO	[DEU_Flensburg-43_1_T-1        ]	<SUCCESS>	 Time [ms]:	  2151	
2022-12-16 17:04:12,580	Batch Processor	INFO	[DEU_Flensburg-44_1_T-1        ]	<EXCEPTION>	
2022-12-16 17:04:12,580	Batch Processor	INFO	[DEU_Flensburg-45_1_T-1        ]	<EXCEPTION>	
2022-12-16 17:04:12,581	Batch Processor	INFO	[DEU_Flensburg-46_1_T-1        ]	<EXCEPTION>	
2022-12-16 17:04:12,581	Batch Processor	INFO	[DEU_Flensburg-47_1_T-1        ]	<EXCEPTION>	
2022-12-16 17:04:12,583	Batch Processor	INFO	[DEU_Flensburg-48_1_T-1        ]	<SUCCESS>	 Time [ms]:	  1037	
2022-12-16 17:04:12,583	Batch Processor	INFO	[DEU_Flensburg-49_1_T-1        ]	<EXCEPTION>	
2022-12-16 17:04:12,584	Batch Processor	INFO	[DEU_Flensburg-50_1_T-1        ]	<EXCEPTION>	
2022-12-16 17:04:12,584	Batch Processor	INFO	[DEU_Flensburg-51_1_T-1        ]	<EXCEPTION>	
2022-12-16 17:04:12,584	Batch Processor	INFO	[DEU_Flensburg-52_1_T-1        ]	<EXCEPTION>	
2022-12-16 17:04:12,586	Batch Processor	INFO	[DEU_Flensburg-53_1_T-1        ]	<SUCCESS>	 Time [ms]:	  1225	
2022-12-16 17:04:12,588	Batch Processor	INFO	[DEU_Flensburg-54_1_T-1        ]	<SUCCESS>	 Time [ms]:	  1757	
2022-12-16 17:04:12,590	Batch Processor	INFO	[DEU_Flensburg-55_1_T-1        ]	<SUCCESS>	 Time [ms]:	  4026	
2022-12-16 17:04:12,592	Batch Processor	INFO	[DEU_Flensburg-56_1_T-1        ]	<SUCCESS>	 Time [ms]:	  3076	
2022-12-16 17:04:12,592	Batch Processor	INFO	[DEU_Flensburg-57_1_T-1        ]	<EXCEPTION>	
2022-12-16 17:04:12,593	Batch Processor	INFO	[DEU_Flensburg-58_1_T-1        ]	<EXCEPTION>	
2022-12-16 17:04:12,594	Batch Processor	INFO	[DEU_Flensburg-59_1_T-1        ]	<SUCCESS>	 Time [ms]:	  1654	
2022-12-16 17:04:12,595	Batch Processor	INFO	[DEU_Flensburg-60_1_T-1        ]	<EXCEPTION>	
2022-12-16 17:04:12,595	Batch Processor	INFO	[DEU_Flensburg-61_1_T-1        ]	<EXCEPTION>	
2022-12-16 17:04:12,596	Batch Processor	INFO	[DEU_Flensburg-62_1_T-1        ]	<EXCEPTION>	
2022-12-16 17:04:12,596	Batch Processor	INFO	[DEU_Flensburg-63_1_T-1        ]	<EXCEPTION>	
2022-12-16 17:04:12,596	Batch Processor	INFO	[DEU_Flensburg-64_1_T-1        ]	<FAILURE>	 Time [ms]:	   812
2022-12-16 17:04:12,598	Batch Processor	INFO	[DEU_Flensburg-65_1_T-1        ]	<SUCCESS>	 Time [ms]:	  1315	
2022-12-16 17:04:12,598	Batch Processor	INFO	[DEU_Flensburg-66_1_T-1        ]	<EXCEPTION>	
2022-12-16 17:04:12,599	Batch Processor	INFO	[DEU_Flensburg-67_1_T-1        ]	<EXCEPTION>	
2022-12-16 17:04:12,599	Batch Processor	INFO	[DEU_Flensburg-68_1_T-1        ]	<EXCEPTION>	
2022-12-16 17:04:12,599	Batch Processor	INFO	[DEU_Flensburg-69_1_T-1        ]	<EXCEPTION>	
2022-12-16 17:04:12,601	Batch Processor	INFO	[DEU_Flensburg-70_1_T-1        ]	<SUCCESS>	 Time [ms]:	  1719	
2022-12-16 17:04:12,603	Batch Processor	INFO	[DEU_Flensburg-71_1_T-1        ]	<SUCCESS>	 Time [ms]:	  1037	
2022-12-16 17:04:12,603	Batch Processor	INFO	[DEU_Flensburg-72_1_T-1        ]	<EXCEPTION>	
2022-12-16 17:04:12,605	Batch Processor	INFO	[DEU_Flensburg-73_1_T-1        ]	<SUCCESS>	 Time [ms]:	  1112	
2022-12-16 17:04:12,606	Batch Processor	INFO	[DEU_Flensburg-74_1_T-1        ]	<EXCEPTION>	
2022-12-16 17:04:12,606	Batch Processor	INFO	[DEU_Flensburg-75_1_T-1        ]	<EXCEPTION>	
2022-12-16 17:04:12,606	Batch Processor	INFO	[DEU_Flensburg-76_1_T-1        ]	<EXCEPTION>	
2022-12-16 17:04:12,608	Batch Processor	INFO	[DEU_Flensburg-77_1_T-1        ]	<SUCCESS>	 Time [ms]:	 21661	
2022-12-16 17:04:12,609	Batch Processor	INFO	[DEU_Flensburg-78_1_T-1        ]	<EXCEPTION>	
2022-12-16 17:04:12,609	Batch Processor	INFO	[DEU_Flensburg-79_1_T-1        ]	<EXCEPTION>	
2022-12-16 17:04:12,610	Batch Processor	INFO	[DEU_Flensburg-80_1_T-1        ]	<EXCEPTION>	
2022-12-16 17:04:12,610	Batch Processor	INFO	[DEU_Flensburg-81_1_T-1        ]	<EXCEPTION>	
2022-12-16 17:04:12,612	Batch Processor	INFO	[DEU_Flensburg-82_1_T-1        ]	<SUCCESS>	 Time [ms]:	  1055	
2022-12-16 17:04:12,612	Batch Processor	INFO	[DEU_Flensburg-83_1_T-1        ]	<EXCEPTION>	
2022-12-16 17:04:12,612	Batch Processor	INFO	[DEU_Flensburg-84_1_T-1        ]	<EXCEPTION>	
2022-12-16 17:04:12,613	Batch Processor	INFO	[DEU_Flensburg-85_1_T-1        ]	<EXCEPTION>	
2022-12-16 17:04:12,613	Batch Processor	INFO	[DEU_Flensburg-86_1_T-1        ]	<EXCEPTION>	
2022-12-16 17:04:12,614	Batch Processor	INFO	[DEU_Flensburg-87_1_T-1        ]	<EXCEPTION>	
2022-12-16 17:04:12,614	Batch Processor	INFO	[DEU_Flensburg-88_1_T-1        ]	<EXCEPTION>	
2022-12-16 17:04:12,614	Batch Processor	INFO	[DEU_Flensburg-89_1_T-1        ]	<EXCEPTION>	
2022-12-16 17:04:12,615	Batch Processor	INFO	[DEU_Flensburg-90_1_T-1        ]	<EXCEPTION>	
2022-12-16 17:04:12,615	Batch Processor	INFO	[DEU_Flensburg-91_1_T-1        ]	<EXCEPTION>	
2022-12-16 17:04:12,615	Batch Processor	INFO	[DEU_Flensburg-92_1_T-1        ]	<EXCEPTION>	
2022-12-16 17:04:12,616	Batch Processor	INFO	[DEU_Flensburg-93_1_T-1        ]	<EXCEPTION>	
2022-12-16 17:04:12,616	Batch Processor	INFO	[DEU_Flensburg-94_1_T-1        ]	<EXCEPTION>	
2022-12-16 17:04:12,616	Batch Processor	INFO	[DEU_Flensburg-95_1_T-1        ]	<EXCEPTION>	
2022-12-16 17:04:12,616	Batch Processor	INFO	[DEU_Flensburg-96_1_T-1        ]	<EXCEPTION>	
2022-12-16 17:04:12,617	Batch Processor	INFO	[DEU_Flensburg-97_1_T-1        ]	<EXCEPTION>	
2022-12-16 17:04:12,617	Batch Processor	INFO	[DEU_Flensburg-98_1_T-1        ]	<EXCEPTION>	
2022-12-16 17:04:12,617	Batch Processor	INFO	[DEU_Flensburg-99_1_T-1        ]	<EXCEPTION>	
2022-12-16 17:04:12,618	Batch Processor	INFO	[DEU_Guetersloh-10_4_T-1       ]	<FAILURE>	 Time [ms]:	  1313
2022-12-16 17:04:12,618	Batch Processor	INFO	[DEU_Guetersloh-10_5_T-1       ]	<SUCCESS>	 Time [ms]:	  2706	
2022-12-16 17:04:12,619	Batch Processor	INFO	[DEU_Guetersloh-11_3_T-1       ]	<SUCCESS>	 Time [ms]:	  1149	
2022-12-16 17:04:12,620	Batch Processor	INFO	[DEU_Guetersloh-12_1_T-1       ]	<SUCCESS>	 Time [ms]:	   675	
2022-12-16 17:04:12,621	Batch Processor	INFO	[DEU_Guetersloh-14_2_T-1       ]	<SUCCESS>	 Time [ms]:	   921	
2022-12-16 17:04:12,621	Batch Processor	INFO	[DEU_Guetersloh-15_2_T-1       ]	<SUCCESS>	 Time [ms]:	  2362	
2022-12-16 17:04:12,622	Batch Processor	INFO	[DEU_Guetersloh-16_2_T-1       ]	<SUCCESS>	 Time [ms]:	  1172	
2022-12-16 17:04:12,623	Batch Processor	INFO	[DEU_Guetersloh-16_5_T-1       ]	<SUCCESS>	 Time [ms]:	  1325	
2022-12-16 17:04:12,623	Batch Processor	INFO	[DEU_Guetersloh-17_2_T-1       ]	<SUCCESS>	 Time [ms]:	  3691	
2022-12-16 17:04:12,624	Batch Processor	INFO	[DEU_Guetersloh-18_1_T-1       ]	<SUCCESS>	 Time [ms]:	  3160	
2022-12-16 17:04:12,625	Batch Processor	INFO	[DEU_Guetersloh-19_1_T-1       ]	<SUCCESS>	 Time [ms]:	  1142	
2022-12-16 17:04:12,626	Batch Processor	INFO	[DEU_Guetersloh-20_1_T-1       ]	<SUCCESS>	 Time [ms]:	   738	
2022-12-16 17:04:12,626	Batch Processor	INFO	[DEU_Guetersloh-20_3_T-1       ]	<SUCCESS>	 Time [ms]:	   771	
2022-12-16 17:04:12,627	Batch Processor	INFO	[DEU_Guetersloh-21_1_T-1       ]	<SUCCESS>	 Time [ms]:	  1728	
2022-12-16 17:04:12,627	Batch Processor	INFO	[DEU_Guetersloh-24_1_T-1       ]	<SUCCESS>	 Time [ms]:	  1500	
2022-12-16 17:04:12,628	Batch Processor	INFO	[DEU_Guetersloh-24_2_T-1       ]	<SUCCESS>	 Time [ms]:	  1335	
2022-12-16 17:04:12,629	Batch Processor	INFO	[DEU_Guetersloh-24_3_T-1       ]	<SUCCESS>	 Time [ms]:	  1086	
2022-12-16 17:04:12,629	Batch Processor	INFO	[DEU_Guetersloh-25_2_T-1       ]	<SUCCESS>	 Time [ms]:	  1605	
2022-12-16 17:04:12,630	Batch Processor	INFO	[DEU_Guetersloh-25_4_T-1       ]	<SUCCESS>	 Time [ms]:	  1755	
2022-12-16 17:04:12,631	Batch Processor	INFO	[DEU_Guetersloh-27_1_T-1       ]	<SUCCESS>	 Time [ms]:	   857	
2022-12-16 17:04:12,632	Batch Processor	INFO	[DEU_Guetersloh-30_1_T-1       ]	<SUCCESS>	 Time [ms]:	  1677	
2022-12-16 17:04:12,632	Batch Processor	INFO	[DEU_Guetersloh-31_4_T-1       ]	<SUCCESS>	 Time [ms]:	  1098	
2022-12-16 17:04:12,633	Batch Processor	INFO	[DEU_Guetersloh-32_3_T-1       ]	<SUCCESS>	 Time [ms]:	  2431	
2022-12-16 17:04:12,634	Batch Processor	INFO	[DEU_Guetersloh-33_1_T-1       ]	<SUCCESS>	 Time [ms]:	  1736	
2022-12-16 17:04:12,635	Batch Processor	INFO	[DEU_Guetersloh-34_2_T-1       ]	<SUCCESS>	 Time [ms]:	   899	
2022-12-16 17:04:12,635	Batch Processor	INFO	[DEU_Guetersloh-36_1_T-1       ]	<SUCCESS>	 Time [ms]:	  1155	
2022-12-16 17:04:12,636	Batch Processor	INFO	[DEU_Guetersloh-39_3_T-1       ]	<SUCCESS>	 Time [ms]:	   943	
2022-12-16 17:04:12,637	Batch Processor	INFO	[DEU_Guetersloh-39_5_T-1       ]	<SUCCESS>	 Time [ms]:	  1596	
2022-12-16 17:04:12,637	Batch Processor	INFO	[DEU_Guetersloh-40_4_T-1       ]	<SUCCESS>	 Time [ms]:	  1198	
2022-12-16 17:04:12,638	Batch Processor	INFO	[DEU_Guetersloh-40_5_T-1       ]	<SUCCESS>	 Time [ms]:	  1251	
2022-12-16 17:04:12,639	Batch Processor	INFO	[DEU_Guetersloh-41_1_T-1       ]	<SUCCESS>	 Time [ms]:	  3302	
2022-12-16 17:04:12,640	Batch Processor	INFO	[DEU_Guetersloh-42_1_T-1       ]	<SUCCESS>	 Time [ms]:	  1368	
2022-12-16 17:04:12,641	Batch Processor	INFO	[DEU_Guetersloh-4_5_T-1        ]	<SUCCESS>	 Time [ms]:	  2181	
2022-12-16 17:04:12,642	Batch Processor	INFO	[DEU_Guetersloh-50_1_T-1       ]	<SUCCESS>	 Time [ms]:	  1031	
2022-12-16 17:04:12,643	Batch Processor	INFO	[DEU_Guetersloh-54_1_T-1       ]	<SUCCESS>	 Time [ms]:	  1050	
2022-12-16 17:04:12,644	Batch Processor	INFO	[DEU_Guetersloh-55_1_T-1       ]	<SUCCESS>	 Time [ms]:	   969	
2022-12-16 17:04:12,645	Batch Processor	INFO	[DEU_Guetersloh-55_3_T-1       ]	<SUCCESS>	 Time [ms]:	  1393	
2022-12-16 17:04:12,646	Batch Processor	INFO	[DEU_Guetersloh-65_2_T-1       ]	<SUCCESS>	 Time [ms]:	  1151	
2022-12-16 17:04:12,647	Batch Processor	INFO	[DEU_Guetersloh-6_3_T-1        ]	<SUCCESS>	 Time [ms]:	  1073	
2022-12-16 17:04:12,648	Batch Processor	INFO	[DEU_Guetersloh-7_2_T-1        ]	<SUCCESS>	 Time [ms]:	  1971	
2022-12-16 17:04:12,648	Batch Processor	INFO	[DEU_Guetersloh-8_1_T-1        ]	<SUCCESS>	 Time [ms]:	   721	
2022-12-16 17:04:12,649	Batch Processor	INFO	[DEU_Hennigsdorf-11_1_T-1      ]	<SUCCESS>	 Time [ms]:	  1258	
2022-12-16 17:04:12,650	Batch Processor	INFO	[DEU_Hennigsdorf-12_1_T-1      ]	<SUCCESS>	 Time [ms]:	   807	
2022-12-16 17:04:12,650	Batch Processor	INFO	[DEU_Hennigsdorf-13_2_T-1      ]	<SUCCESS>	 Time [ms]:	  1301	
2022-12-16 17:04:12,651	Batch Processor	INFO	[DEU_Hennigsdorf-14_3_T-1      ]	<SUCCESS>	 Time [ms]:	  1294	
2022-12-16 17:04:12,652	Batch Processor	INFO	[DEU_Hennigsdorf-15_3_T-1      ]	<SUCCESS>	 Time [ms]:	  1177	
2022-12-16 17:04:12,652	Batch Processor	INFO	[DEU_Hennigsdorf-18_2_T-1      ]	<SUCCESS>	 Time [ms]:	  1179	
2022-12-16 17:04:12,653	Batch Processor	INFO	[DEU_Hennigsdorf-3_2_T-1       ]	<SUCCESS>	 Time [ms]:	  1221	
2022-12-16 17:04:12,654	Batch Processor	INFO	[DEU_Hennigsdorf-3_5_T-1       ]	<SUCCESS>	 Time [ms]:	  1186	
2022-12-16 17:04:12,655	Batch Processor	INFO	[DEU_Hennigsdorf-5_1_T-1       ]	<SUCCESS>	 Time [ms]:	   598	
2022-12-16 17:04:12,655	Batch Processor	INFO	[DEU_Hennigsdorf-5_4_T-1       ]	<SUCCESS>	 Time [ms]:	 11385	
2022-12-16 17:04:12,656	Batch Processor	INFO	[DEU_Hennigsdorf-7_3_T-1       ]	<SUCCESS>	 Time [ms]:	  1834	
2022-12-16 17:04:12,657	Batch Processor	INFO	[DEU_Hennigsdorf-9_2_T-1       ]	<SUCCESS>	 Time [ms]:	   831	
2022-12-16 17:04:12,658	Batch Processor	INFO	[DEU_Ibbenbueren-10_2_T-1      ]	<SUCCESS>	 Time [ms]:	   977	
2022-12-16 17:04:12,658	Batch Processor	INFO	[DEU_Ibbenbueren-11_2_T-1      ]	<SUCCESS>	 Time [ms]:	   908	
2022-12-16 17:04:12,659	Batch Processor	INFO	[DEU_Ibbenbueren-12_1_T-1      ]	<SUCCESS>	 Time [ms]:	  1471	
2022-12-16 17:04:12,659	Batch Processor	INFO	[DEU_Ibbenbueren-13_3_T-1      ]	<SUCCESS>	 Time [ms]:	  1059	
2022-12-16 17:04:12,660	Batch Processor	INFO	[DEU_Ibbenbueren-14_1_T-1      ]	<SUCCESS>	 Time [ms]:	  4667	
2022-12-16 17:04:12,661	Batch Processor	INFO	[DEU_Ibbenbueren-15_4_T-1      ]	<SUCCESS>	 Time [ms]:	  1405	
2022-12-16 17:04:12,662	Batch Processor	INFO	[DEU_Ibbenbueren-16_3_T-1      ]	<SUCCESS>	 Time [ms]:	  1374	
2022-12-16 17:04:12,662	Batch Processor	INFO	[DEU_Ibbenbueren-16_5_T-1      ]	<SUCCESS>	 Time [ms]:	  1442	
2022-12-16 17:04:12,663	Batch Processor	INFO	[DEU_Ibbenbueren-2_2_T-1       ]	<SUCCESS>	 Time [ms]:	  1373	
2022-12-16 17:04:12,663	Batch Processor	INFO	[DEU_Ibbenbueren-3_3_T-1       ]	<SUCCESS>	 Time [ms]:	  1649	
2022-12-16 17:04:12,664	Batch Processor	INFO	[DEU_Ibbenbueren-4_2_T-1       ]	<SUCCESS>	 Time [ms]:	  3468	
2022-12-16 17:04:12,665	Batch Processor	INFO	[DEU_Ibbenbueren-6_3_T-1       ]	<SUCCESS>	 Time [ms]:	  1822	
2022-12-16 17:04:12,665	Batch Processor	INFO	[DEU_Ibbenbueren-6_4_T-1       ]	<SUCCESS>	 Time [ms]:	  1272	
2022-12-16 17:04:12,666	Batch Processor	INFO	[DEU_Ibbenbueren-7_1_T-1       ]	<SUCCESS>	 Time [ms]:	  1326	
2022-12-16 17:04:12,667	Batch Processor	INFO	[DEU_Ibbenbueren-9_1_T-1       ]	<SUCCESS>	 Time [ms]:	  1078	
2022-12-16 17:04:12,667	Batch Processor	INFO	[DEU_Lohmar-10_1_T-1           ]	<EXCEPTION>	
2022-12-16 17:04:12,667	Batch Processor	INFO	[DEU_Lohmar-11_1_T-1           ]	<EXCEPTION>	
2022-12-16 17:04:12,668	Batch Processor	INFO	[DEU_Lohmar-12_1_T-1           ]	<EXCEPTION>	
2022-12-16 17:04:12,668	Batch Processor	INFO	[DEU_Lohmar-13_1_T-1           ]	<EXCEPTION>	
2022-12-16 17:04:12,670	Batch Processor	INFO	[DEU_Lohmar-14_1_T-1           ]	<SUCCESS>	 Time [ms]:	  2751	
2022-12-16 17:04:12,670	Batch Processor	INFO	[DEU_Lohmar-15_1_T-1           ]	<EXCEPTION>	
2022-12-16 17:04:12,671	Batch Processor	INFO	[DEU_Lohmar-16_1_T-1           ]	<EXCEPTION>	
2022-12-16 17:04:12,671	Batch Processor	INFO	[DEU_Lohmar-17_1_T-1           ]	<TIMEOUT>	 Time [ms]:	120000
2022-12-16 17:04:12,671	Batch Processor	INFO	[DEU_Lohmar-18_1_T-1           ]	<EXCEPTION>	
2022-12-16 17:04:12,672	Batch Processor	INFO	[DEU_Lohmar-19_1_T-1           ]	<FAILURE>	 Time [ms]:	  1127
2022-12-16 17:04:12,673	Batch Processor	INFO	[DEU_Lohmar-20_1_T-1           ]	<SUCCESS>	 Time [ms]:	   981	
2022-12-16 17:04:12,673	Batch Processor	INFO	[DEU_Lohmar-21_1_T-1           ]	<EXCEPTION>	
2022-12-16 17:04:12,674	Batch Processor	INFO	[DEU_Lohmar-22_1_T-1           ]	<EXCEPTION>	
2022-12-16 17:04:12,674	Batch Processor	INFO	[DEU_Lohmar-23_1_T-1           ]	<EXCEPTION>	
2022-12-16 17:04:12,674	Batch Processor	INFO	[DEU_Lohmar-24_1_T-1           ]	<EXCEPTION>	
2022-12-16 17:04:12,675	Batch Processor	INFO	[DEU_Lohmar-25_1_T-1           ]	<EXCEPTION>	
2022-12-16 17:04:12,675	Batch Processor	INFO	[DEU_Lohmar-26_1_T-1           ]	<EXCEPTION>	
2022-12-16 17:04:12,677	Batch Processor	INFO	[DEU_Lohmar-27_1_T-1           ]	<SUCCESS>	 Time [ms]:	  3973	
2022-12-16 17:04:12,677	Batch Processor	INFO	[DEU_Lohmar-28_1_T-1           ]	<FAILURE>	 Time [ms]:	  6302
2022-12-16 17:04:12,678	Batch Processor	INFO	[DEU_Lohmar-29_1_T-1           ]	<TIMEOUT>	 Time [ms]:	120000
2022-12-16 17:04:12,678	Batch Processor	INFO	[DEU_Lohmar-30_1_T-1           ]	<EXCEPTION>	
2022-12-16 17:04:12,678	Batch Processor	INFO	[DEU_Lohmar-31_1_T-1           ]	<TIMEOUT>	 Time [ms]:	120000
2022-12-16 17:04:12,679	Batch Processor	INFO	[DEU_Lohmar-32_1_T-1           ]	<EXCEPTION>	
2022-12-16 17:04:12,680	Batch Processor	INFO	[DEU_Lohmar-33_1_T-1           ]	<SUCCESS>	 Time [ms]:	  1954	
2022-12-16 17:04:12,681	Batch Processor	INFO	[DEU_Lohmar-34_1_T-1           ]	<EXCEPTION>	
2022-12-16 17:04:12,681	Batch Processor	INFO	[DEU_Lohmar-35_1_T-1           ]	<EXCEPTION>	
2022-12-16 17:04:12,682	Batch Processor	INFO	[DEU_Lohmar-36_1_T-1           ]	<EXCEPTION>	
2022-12-16 17:04:12,682	Batch Processor	INFO	[DEU_Lohmar-37_1_T-1           ]	<EXCEPTION>	
2022-12-16 17:04:12,682	Batch Processor	INFO	[DEU_Lohmar-38_1_T-1           ]	<EXCEPTION>	
2022-12-16 17:04:12,683	Batch Processor	INFO	[DEU_Lohmar-39_1_T-1           ]	<EXCEPTION>	
2022-12-16 17:04:12,684	Batch Processor	INFO	[DEU_Lohmar-40_1_T-1           ]	<SUCCESS>	 Time [ms]:	   817	
2022-12-16 17:04:12,685	Batch Processor	INFO	[DEU_Lohmar-41_1_T-1           ]	<EXCEPTION>	
2022-12-16 17:04:12,685	Batch Processor	INFO	[DEU_Lohmar-42_1_T-1           ]	<EXCEPTION>	
2022-12-16 17:04:12,686	Batch Processor	INFO	[DEU_Lohmar-43_1_T-1           ]	<EXCEPTION>	
2022-12-16 17:04:12,686	Batch Processor	INFO	[DEU_Lohmar-44_1_T-1           ]	<EXCEPTION>	
2022-12-16 17:04:12,687	Batch Processor	INFO	[DEU_Lohmar-45_1_T-1           ]	<EXCEPTION>	
2022-12-16 17:04:12,687	Batch Processor	INFO	[DEU_Lohmar-46_1_T-1           ]	<EXCEPTION>	
2022-12-16 17:04:12,689	Batch Processor	INFO	[DEU_Lohmar-47_1_T-1           ]	<SUCCESS>	 Time [ms]:	  1210	
2022-12-16 17:04:12,690	Batch Processor	INFO	[DEU_Lohmar-48_1_T-1           ]	<EXCEPTION>	
2022-12-16 17:04:12,690	Batch Processor	INFO	[DEU_Lohmar-49_1_T-1           ]	<EXCEPTION>	
2022-12-16 17:04:12,692	Batch Processor	INFO	[DEU_Lohmar-50_1_T-1           ]	<SUCCESS>	 Time [ms]:	  1229	
2022-12-16 17:04:12,693	Batch Processor	INFO	[DEU_Lohmar-51_1_T-1           ]	<EXCEPTION>	
2022-12-16 17:04:12,694	Batch Processor	INFO	[DEU_Lohmar-52_1_T-1           ]	<SUCCESS>	 Time [ms]:	 29842	
2022-12-16 17:04:12,695	Batch Processor	INFO	[DEU_Lohmar-53_1_T-1           ]	<EXCEPTION>	
2022-12-16 17:04:12,695	Batch Processor	INFO	[DEU_Lohmar-54_1_T-1           ]	<EXCEPTION>	
2022-12-16 17:04:12,695	Batch Processor	INFO	[DEU_Lohmar-55_1_T-1           ]	<EXCEPTION>	
2022-12-16 17:04:12,696	Batch Processor	INFO	[DEU_Lohmar-56_1_T-1           ]	<EXCEPTION>	
2022-12-16 17:04:12,697	Batch Processor	INFO	[DEU_Lohmar-57_1_T-1           ]	<SUCCESS>	 Time [ms]:	  1459	
2022-12-16 17:04:12,698	Batch Processor	INFO	[DEU_Lohmar-58_1_T-1           ]	<EXCEPTION>	
2022-12-16 17:04:12,698	Batch Processor	INFO	[DEU_Lohmar-59_1_T-1           ]	<EXCEPTION>	
2022-12-16 17:04:12,699	Batch Processor	INFO	[DEU_Lohmar-60_1_T-1           ]	<EXCEPTION>	
2022-12-16 17:04:12,699	Batch Processor	INFO	[DEU_Lohmar-61_1_T-1           ]	<EXCEPTION>	
2022-12-16 17:04:12,699	Batch Processor	INFO	[DEU_Lohmar-62_1_T-1           ]	<TIMEOUT>	 Time [ms]:	120000
2022-12-16 17:04:12,701	Batch Processor	INFO	[DEU_Lohmar-63_1_T-1           ]	<SUCCESS>	 Time [ms]:	  1689	
2022-12-16 17:04:12,701	Batch Processor	INFO	[DEU_Lohmar-64_1_T-1           ]	<EXCEPTION>	
2022-12-16 17:04:12,702	Batch Processor	INFO	[DEU_Lohmar-65_1_T-1           ]	<EXCEPTION>	
2022-12-16 17:04:12,702	Batch Processor	INFO	[DEU_Lohmar-66_1_T-1           ]	<EXCEPTION>	
2022-12-16 17:04:12,704	Batch Processor	INFO	[DEU_Lohmar-67_1_T-1           ]	<SUCCESS>	 Time [ms]:	  1851	
2022-12-16 17:04:12,705	Batch Processor	INFO	[DEU_Lohmar-68_1_T-1           ]	<EXCEPTION>	
2022-12-16 17:04:12,705	Batch Processor	INFO	[DEU_Lohmar-69_1_T-1           ]	<EXCEPTION>	
2022-12-16 17:04:12,708	Batch Processor	INFO	[DEU_Lohmar-70_1_T-1           ]	<EXCEPTION>	
2022-12-16 17:04:12,710	Batch Processor	INFO	[DEU_Lohmar-8_1_T-1            ]	<EXCEPTION>	
2022-12-16 17:04:12,711	Batch Processor	INFO	[DEU_Lohmar-9_1_T-1            ]	<EXCEPTION>	
2022-12-16 17:04:12,712	Batch Processor	INFO	[DEU_Luckenwalde-1_1_T-1       ]	<TIMEOUT>	 Time [ms]:	120000
2022-12-16 17:04:12,712	Batch Processor	INFO	[DEU_Meckenheim-1_4_T-1        ]	<SUCCESS>	 Time [ms]:	   815	
2022-12-16 17:04:12,714	Batch Processor	INFO	[DEU_Meckenheim-3_1_T-1        ]	<SUCCESS>	 Time [ms]:	   936	
2022-12-16 17:04:12,715	Batch Processor	INFO	[DEU_Meckenheim-5_1_T-1        ]	<SUCCESS>	 Time [ms]:	   922	
2022-12-16 17:04:12,716	Batch Processor	INFO	[DEU_Meckenheim-8_3_T-1        ]	<SUCCESS>	 Time [ms]:	  1605	
2022-12-16 17:04:12,717	Batch Processor	INFO	[DEU_Meckenheim-8_5_T-1        ]	<SUCCESS>	 Time [ms]:	  2259	
2022-12-16 17:04:12,718	Batch Processor	INFO	[DEU_Moabit-1_2_T-1            ]	<SUCCESS>	 Time [ms]:	  2362	
2022-12-16 17:04:12,719	Batch Processor	INFO	[DEU_Moabit-4_1_T-1            ]	<SUCCESS>	 Time [ms]:	   780	
2022-12-16 17:04:12,720	Batch Processor	INFO	[DEU_Moabit-5_2_T-1            ]	<SUCCESS>	 Time [ms]:	  2639	
2022-12-16 17:04:12,721	Batch Processor	INFO	[DEU_Moabit-6_2_T-1            ]	<SUCCESS>	 Time [ms]:	   870	
2022-12-16 17:04:12,722	Batch Processor	INFO	[DEU_Moelln-10_3_T-1           ]	<SUCCESS>	 Time [ms]:	   909	
2022-12-16 17:04:12,722	Batch Processor	INFO	[DEU_Moelln-11_1_T-1           ]	<SUCCESS>	 Time [ms]:	  1082	
2022-12-16 17:04:12,723	Batch Processor	INFO	[DEU_Moelln-12_1_T-1           ]	<SUCCESS>	 Time [ms]:	  1167	
2022-12-16 17:04:12,724	Batch Processor	INFO	[DEU_Moelln-2_1_T-1            ]	<SUCCESS>	 Time [ms]:	   681	
2022-12-16 17:04:12,725	Batch Processor	INFO	[DEU_Moelln-4_3_T-1            ]	<SUCCESS>	 Time [ms]:	  3187	
2022-12-16 17:04:12,726	Batch Processor	INFO	[DEU_Moelln-6_1_T-1            ]	<SUCCESS>	 Time [ms]:	  1069	
2022-12-16 17:04:12,727	Batch Processor	INFO	[DEU_Moelln-7_1_T-1            ]	<SUCCESS>	 Time [ms]:	   615	
2022-12-16 17:04:12,727	Batch Processor	INFO	[DEU_Moelln-9_1_T-1            ]	<SUCCESS>	 Time [ms]:	 16708	
2022-12-16 17:04:12,728	Batch Processor	INFO	[DEU_Muehlhausen-11_1_T-1      ]	<SUCCESS>	 Time [ms]:	  1501	
2022-12-16 17:04:12,729	Batch Processor	INFO	[DEU_Muehlhausen-14_3_T-1      ]	<SUCCESS>	 Time [ms]:	  1320	
2022-12-16 17:04:12,730	Batch Processor	INFO	[DEU_Muehlhausen-1_2_T-1       ]	<SUCCESS>	 Time [ms]:	  1343	
2022-12-16 17:04:12,731	Batch Processor	INFO	[DEU_Muehlhausen-1_3_T-1       ]	<SUCCESS>	 Time [ms]:	   958	
2022-12-16 17:04:12,731	Batch Processor	INFO	[DEU_Muehlhausen-2_1_T-1       ]	<SUCCESS>	 Time [ms]:	  5633	
2022-12-16 17:04:12,732	Batch Processor	INFO	[DEU_Muehlhausen-4_1_T-1       ]	<SUCCESS>	 Time [ms]:	  1817	
2022-12-16 17:04:12,733	Batch Processor	INFO	[DEU_Muehlhausen-5_1_T-1       ]	<SUCCESS>	 Time [ms]:	  1241	
2022-12-16 17:04:12,734	Batch Processor	INFO	[DEU_Muehlhausen-6_1_T-1       ]	<SUCCESS>	 Time [ms]:	  1205	
2022-12-16 17:04:12,735	Batch Processor	INFO	[DEU_Muehlhausen-7_2_T-1       ]	<SUCCESS>	 Time [ms]:	  1424	
2022-12-16 17:04:12,736	Batch Processor	INFO	[DEU_Reutlingen-1_1_T-1        ]	<EXCEPTION>	
2022-12-16 17:04:12,736	Batch Processor	INFO	[DEU_Reutlingen-2_1_T-1        ]	<TIMEOUT>	 Time [ms]:	120000
2022-12-16 17:04:12,736	Batch Processor	INFO	[DEU_Reutlingen-3_1_T-1        ]	<EXCEPTION>	
2022-12-16 17:04:12,738	Batch Processor	INFO	[DEU_Reutlingen-4_1_T-1        ]	<SUCCESS>	 Time [ms]:	  1636	
2022-12-16 17:04:12,739	Batch Processor	INFO	[DEU_Reutlingen-5_1_T-1        ]	<EXCEPTION>	
2022-12-16 17:04:12,740	Batch Processor	INFO	[DEU_Reutlingen-6_1_T-1        ]	<EXCEPTION>	
2022-12-16 17:04:12,741	Batch Processor	INFO	[DEU_Rheinbach-1_4_T-1         ]	<SUCCESS>	 Time [ms]:	  1333	
2022-12-16 17:04:12,742	Batch Processor	INFO	[DEU_Rheinbach-5_3_T-1         ]	<SUCCESS>	 Time [ms]:	  1885	
2022-12-16 17:04:12,742	Batch Processor	INFO	[DEU_Speyer-2_1_T-1            ]	<FAILURE>	 Time [ms]:	   580
2022-12-16 17:04:12,743	Batch Processor	INFO	[DEU_Speyer-2_4_T-1            ]	<SUCCESS>	 Time [ms]:	   611	
2022-12-16 17:04:12,744	Batch Processor	INFO	[DEU_Speyer-5_2_T-1            ]	<SUCCESS>	 Time [ms]:	  2094	
2022-12-16 17:04:12,745	Batch Processor	INFO	[ESP_Almansa-1_1_T-1           ]	<SUCCESS>	 Time [ms]:	  1134	
2022-12-16 17:04:12,746	Batch Processor	INFO	[ESP_Almansa-2_1_T-1           ]	<SUCCESS>	 Time [ms]:	  4675	
2022-12-16 17:04:12,747	Batch Processor	INFO	[ESP_Almansa-6_1_T-1           ]	<SUCCESS>	 Time [ms]:	  1918	
2022-12-16 17:04:12,748	Batch Processor	INFO	[ESP_Berga-10_1_T-1            ]	<SUCCESS>	 Time [ms]:	  1025	
2022-12-16 17:04:12,750	Batch Processor	INFO	[ESP_Berga-4_4_T-1             ]	<SUCCESS>	 Time [ms]:	   930	
2022-12-16 17:04:12,751	Batch Processor	INFO	[ESP_Berga-6_1_T-1             ]	<SUCCESS>	 Time [ms]:	  4031	
2022-12-16 17:04:12,752	Batch Processor	INFO	[ESP_Berga-9_1_T-1             ]	<SUCCESS>	 Time [ms]:	  1271	
2022-12-16 17:04:12,753	Batch Processor	INFO	[ESP_Cambre-1_1_T-1            ]	<SUCCESS>	 Time [ms]:	   929	
2022-12-16 17:04:12,755	Batch Processor	INFO	[ESP_Cambre-2_1_T-1            ]	<SUCCESS>	 Time [ms]:	  1378	
2022-12-16 17:04:12,757	Batch Processor	INFO	[ESP_Cambre-3_1_T-1            ]	<SUCCESS>	 Time [ms]:	   915	
2022-12-16 17:04:12,758	Batch Processor	INFO	[ESP_Ceuta-10_1_T-1            ]	<SUCCESS>	 Time [ms]:	  1620	
2022-12-16 17:04:12,759	Batch Processor	INFO	[ESP_Ceuta-11_1_T-1            ]	<FAILURE>	 Time [ms]:	  1822
2022-12-16 17:04:12,761	Batch Processor	INFO	[ESP_Ceuta-15_2_T-1            ]	<SUCCESS>	 Time [ms]:	  1313	
2022-12-16 17:04:12,762	Batch Processor	INFO	[ESP_Ceuta-1_2_T-1             ]	<SUCCESS>	 Time [ms]:	  7342	
2022-12-16 17:04:12,763	Batch Processor	INFO	[ESP_Ceuta-2_1_T-1             ]	<SUCCESS>	 Time [ms]:	  8164	
2022-12-16 17:04:12,765	Batch Processor	INFO	[ESP_Ceuta-3_2_T-1             ]	<SUCCESS>	 Time [ms]:	  1564	
2022-12-16 17:04:12,766	Batch Processor	INFO	[ESP_Ceuta-4_1_T-1             ]	<SUCCESS>	 Time [ms]:	  1547	
2022-12-16 17:04:12,767	Batch Processor	INFO	[ESP_Ceuta-5_1_T-1             ]	<FAILURE>	 Time [ms]:	  1583
2022-12-16 17:04:12,768	Batch Processor	INFO	[ESP_Ceuta-7_1_T-1             ]	<SUCCESS>	 Time [ms]:	   611	
2022-12-16 17:04:12,770	Batch Processor	INFO	[ESP_Ceuta-8_1_T-1             ]	<SUCCESS>	 Time [ms]:	  2355	
2022-12-16 17:04:12,771	Batch Processor	INFO	[ESP_Inca-3_2_T-1              ]	<FAILURE>	 Time [ms]:	  1508
2022-12-16 17:04:12,772	Batch Processor	INFO	[ESP_Inca-7_1_T-1              ]	<SUCCESS>	 Time [ms]:	  1916	
2022-12-16 17:04:12,774	Batch Processor	INFO	[ESP_Monzon-2_1_T-1            ]	<SUCCESS>	 Time [ms]:	  1458	
2022-12-16 17:04:12,775	Batch Processor	INFO	[ESP_Monzon-3_1_T-1            ]	<SUCCESS>	 Time [ms]:	 16912	
2022-12-16 17:04:12,776	Batch Processor	INFO	[ESP_Monzon-5_1_T-1            ]	<SUCCESS>	 Time [ms]:	  1570	
2022-12-16 17:04:12,778	Batch Processor	INFO	[ESP_Monzon-6_1_T-1            ]	<SUCCESS>	 Time [ms]:	  2599	
2022-12-16 17:04:12,779	Batch Processor	INFO	[ESP_Monzon-7_2_T-1            ]	<SUCCESS>	 Time [ms]:	  1967	
2022-12-16 17:04:12,780	Batch Processor	INFO	[ESP_Monzon-7_3_T-1            ]	<SUCCESS>	 Time [ms]:	  1757	
2022-12-16 17:04:12,781	Batch Processor	INFO	[ESP_Monzon-9_1_T-1            ]	<SUCCESS>	 Time [ms]:	  4644	
2022-12-16 17:04:12,782	Batch Processor	INFO	[ESP_PriegodeCordoba-2_3_T-1   ]	<SUCCESS>	 Time [ms]:	  1857	
2022-12-16 17:04:12,783	Batch Processor	INFO	[ESP_PriegodeCordoba-3_1_T-1   ]	<SUCCESS>	 Time [ms]:	  2308	
2022-12-16 17:04:12,784	Batch Processor	INFO	[ESP_PriegodeCordoba-6_1_T-1   ]	<SUCCESS>	 Time [ms]:	  2574	
2022-12-16 17:04:12,785	Batch Processor	INFO	[ESP_Requena-6_2_T-1           ]	<SUCCESS>	 Time [ms]:	  2424	
2022-12-16 17:04:12,786	Batch Processor	INFO	[ESP_SantBoideLlobregat-14_1_T-1]	<SUCCESS>	 Time [ms]:	  1206	
2022-12-16 17:04:12,787	Batch Processor	INFO	[ESP_SantBoideLlobregat-14_4_T-1]	<SUCCESS>	 Time [ms]:	  1238	
2022-12-16 17:04:12,788	Batch Processor	INFO	[ESP_SantBoideLlobregat-18_2_T-1]	<SUCCESS>	 Time [ms]:	   309	
2022-12-16 17:04:12,789	Batch Processor	INFO	[ESP_SantBoideLlobregat-19_1_T-1]	<SUCCESS>	 Time [ms]:	  1424	
2022-12-16 17:04:12,790	Batch Processor	INFO	[ESP_SantBoideLlobregat-22_3_T-1]	<FAILURE>	 Time [ms]:	   593
2022-12-16 17:04:12,790	Batch Processor	INFO	[ESP_SantBoideLlobregat-23_2_T-1]	<SUCCESS>	 Time [ms]:	  1944	
2022-12-16 17:04:12,791	Batch Processor	INFO	[ESP_SantBoideLlobregat-24_1_T-1]	<SUCCESS>	 Time [ms]:	   979	
2022-12-16 17:04:12,791	Batch Processor	INFO	[ESP_SantBoideLlobregat-3_1_T-1]	<SUCCESS>	 Time [ms]:	  1227	
2022-12-16 17:04:12,792	Batch Processor	INFO	[ESP_SantBoideLlobregat-4_1_T-1]	<FAILURE>	 Time [ms]:	   879
2022-12-16 17:04:12,793	Batch Processor	INFO	[ESP_SantBoideLlobregat-6_2_T-1]	<SUCCESS>	 Time [ms]:	  2872	
2022-12-16 17:04:12,793	Batch Processor	INFO	[ESP_SantBoideLlobregat-8_1_T-1]	<SUCCESS>	 Time [ms]:	  6910	
2022-12-16 17:04:12,794	Batch Processor	INFO	[ESP_SantBoideLlobregat-8_5_T-1]	<SUCCESS>	 Time [ms]:	  2092	
2022-12-16 17:04:12,795	Batch Processor	INFO	[ESP_Toledo-10_1_T-1           ]	<SUCCESS>	 Time [ms]:	  2310	
2022-12-16 17:04:12,795	Batch Processor	INFO	[ESP_Toledo-10_2_T-1           ]	<SUCCESS>	 Time [ms]:	  2098	
2022-12-16 17:04:12,796	Batch Processor	INFO	[ESP_Toledo-11_1_T-1           ]	<SUCCESS>	 Time [ms]:	   762	
2022-12-16 17:04:12,797	Batch Processor	INFO	[ESP_Toledo-11_5_T-1           ]	<SUCCESS>	 Time [ms]:	   769	
2022-12-16 17:04:12,798	Batch Processor	INFO	[ESP_Toledo-22_1_T-1           ]	<SUCCESS>	 Time [ms]:	  1109	
2022-12-16 17:04:12,798	Batch Processor	INFO	[ESP_Toledo-23_1_T-1           ]	<SUCCESS>	 Time [ms]:	   678	
2022-12-16 17:04:12,799	Batch Processor	INFO	[ESP_Toledo-5_1_T-1            ]	<SUCCESS>	 Time [ms]:	   865	
2022-12-16 17:04:12,799	Batch Processor	INFO	[ESP_Toledo-6_2_T-1            ]	<SUCCESS>	 Time [ms]:	  3091	
2022-12-16 17:04:12,800	Batch Processor	INFO	[ESP_Toledo-8_1_T-1            ]	<SUCCESS>	 Time [ms]:	  3129	
2022-12-16 17:04:12,801	Batch Processor	INFO	[ESP_Toledo-9_1_T-1            ]	<SUCCESS>	 Time [ms]:	  1626	
2022-12-16 17:04:12,801	Batch Processor	INFO	[FRA_Anglet-1_2_T-1            ]	<SUCCESS>	 Time [ms]:	   849	
2022-12-16 17:04:12,802	Batch Processor	INFO	[FRA_Anglet-2_1_T-1            ]	<FAILURE>	 Time [ms]:	  1341
2022-12-16 17:04:12,802	Batch Processor	INFO	[FRA_Anglet-3_2_T-1            ]	<SUCCESS>	 Time [ms]:	  2596	
2022-12-16 17:04:12,803	Batch Processor	INFO	[FRA_Miramas-1_1_T-1           ]	<SUCCESS>	 Time [ms]:	   750	
2022-12-16 17:04:12,805	Batch Processor	INFO	[FRA_Miramas-2_1_T-1           ]	<SUCCESS>	 Time [ms]:	  2150	
2022-12-16 17:04:12,806	Batch Processor	INFO	[FRA_Miramas-3_1_T-1           ]	<SUCCESS>	 Time [ms]:	  2354	
2022-12-16 17:04:12,806	Batch Processor	INFO	[FRA_Miramas-5_1_T-1           ]	<SUCCESS>	 Time [ms]:	  1779	
2022-12-16 17:04:12,807	Batch Processor	INFO	[FRA_Miramas-9_1_T-1           ]	<SUCCESS>	 Time [ms]:	  1321	
2022-12-16 17:04:12,808	Batch Processor	INFO	[FRA_MoissyCramayel-1_1_T-1    ]	<SUCCESS>	 Time [ms]:	  2852	
2022-12-16 17:04:12,809	Batch Processor	INFO	[FRA_MoissyCramayel-2_1_T-1    ]	<SUCCESS>	 Time [ms]:	  2355	
2022-12-16 17:04:12,810	Batch Processor	INFO	[FRA_MoissyCramayel-4_1_T-1    ]	<SUCCESS>	 Time [ms]:	  6127	
2022-12-16 17:04:12,811	Batch Processor	INFO	[FRA_Sete-1_1_T-1              ]	<SUCCESS>	 Time [ms]:	  3131	
2022-12-16 17:04:12,811	Batch Processor	INFO	[GRC_Perama-1_1_T-1            ]	<FAILURE>	 Time [ms]:	  1956
2022-12-16 17:04:12,812	Batch Processor	INFO	[GRC_Perama-2_1_T-1            ]	<SUCCESS>	 Time [ms]:	  1004	
2022-12-16 17:04:12,812	Batch Processor	INFO	[GRC_Perama-3_2_T-1            ]	<SUCCESS>	 Time [ms]:	  1896	
2022-12-16 17:04:12,813	Batch Processor	INFO	[GRC_Perama-4_3_T-1            ]	<SUCCESS>	 Time [ms]:	  3222	
2022-12-16 17:04:12,814	Batch Processor	INFO	[GRC_Perama-7_1_T-1            ]	<SUCCESS>	 Time [ms]:	 48188	
2022-12-16 17:04:12,814	Batch Processor	INFO	[HRV_Pula-10_1_T-1             ]	<SUCCESS>	 Time [ms]:	  1965	
2022-12-16 17:04:12,815	Batch Processor	INFO	[HRV_Pula-12_3_T-1             ]	<SUCCESS>	 Time [ms]:	  1155	
2022-12-16 17:04:12,816	Batch Processor	INFO	[HRV_Pula-13_2_T-1             ]	<SUCCESS>	 Time [ms]:	  1125	
2022-12-16 17:04:12,816	Batch Processor	INFO	[HRV_Pula-15_1_T-1             ]	<SUCCESS>	 Time [ms]:	  1123	
2022-12-16 17:04:12,817	Batch Processor	INFO	[HRV_Pula-18_1_T-1             ]	<SUCCESS>	 Time [ms]:	  1981	
2022-12-16 17:04:12,818	Batch Processor	INFO	[HRV_Pula-19_2_T-1             ]	<SUCCESS>	 Time [ms]:	  1157	
2022-12-16 17:04:12,818	Batch Processor	INFO	[HRV_Pula-21_1_T-1             ]	<SUCCESS>	 Time [ms]:	  2088	
2022-12-16 17:04:12,819	Batch Processor	INFO	[HRV_Pula-22_1_T-1             ]	<SUCCESS>	 Time [ms]:	  2604	
2022-12-16 17:04:12,820	Batch Processor	INFO	[HRV_Pula-23_1_T-1             ]	<SUCCESS>	 Time [ms]:	  1274	
2022-12-16 17:04:12,821	Batch Processor	INFO	[HRV_Pula-24_1_T-1             ]	<SUCCESS>	 Time [ms]:	  1503	
2022-12-16 17:04:12,821	Batch Processor	INFO	[HRV_Pula-25_1_T-1             ]	<SUCCESS>	 Time [ms]:	  1236	
2022-12-16 17:04:12,822	Batch Processor	INFO	[HRV_Pula-27_2_T-1             ]	<SUCCESS>	 Time [ms]:	  1824	
2022-12-16 17:04:12,823	Batch Processor	INFO	[HRV_Pula-29_3_T-1             ]	<SUCCESS>	 Time [ms]:	  1691	
2022-12-16 17:04:12,823	Batch Processor	INFO	[HRV_Pula-31_1_T-1             ]	<SUCCESS>	 Time [ms]:	  1627	
2022-12-16 17:04:12,824	Batch Processor	INFO	[HRV_Pula-32_2_T-1             ]	<SUCCESS>	 Time [ms]:	  2695	
2022-12-16 17:04:12,825	Batch Processor	INFO	[HRV_Pula-33_2_T-1             ]	<SUCCESS>	 Time [ms]:	  3181	
2022-12-16 17:04:12,826	Batch Processor	INFO	[HRV_Pula-5_2_T-1              ]	<SUCCESS>	 Time [ms]:	  3502	
2022-12-16 17:04:12,826	Batch Processor	INFO	[HRV_Pula-5_3_T-1              ]	<SUCCESS>	 Time [ms]:	  2917	
2022-12-16 17:04:12,827	Batch Processor	INFO	[HRV_Pula-6_2_T-1              ]	<SUCCESS>	 Time [ms]:	  1285	
2022-12-16 17:04:12,828	Batch Processor	INFO	[HRV_Pula-7_2_T-1              ]	<SUCCESS>	 Time [ms]:	  2950	
2022-12-16 17:04:12,828	Batch Processor	INFO	[HRV_Pula-8_3_T-1              ]	<SUCCESS>	 Time [ms]:	  1700	
2022-12-16 17:04:12,829	Batch Processor	INFO	[HRV_Pula-9_2_T-1              ]	<SUCCESS>	 Time [ms]:	   773	
2022-12-16 17:04:12,830	Batch Processor	INFO	[HRV_Pula-9_4_T-1              ]	<SUCCESS>	 Time [ms]:	   674	
2022-12-16 17:04:12,831	Batch Processor	INFO	[ITA_CarpiCentro-1_3_T-1       ]	<SUCCESS>	 Time [ms]:	  1324	
2022-12-16 17:04:12,831	Batch Processor	INFO	[ITA_CarpiCentro-2_4_T-1       ]	<SUCCESS>	 Time [ms]:	  2639	
2022-12-16 17:04:12,832	Batch Processor	INFO	[ITA_CarpiCentro-3_1_T-1       ]	<SUCCESS>	 Time [ms]:	  2018	
2022-12-16 17:04:12,833	Batch Processor	INFO	[ITA_CarpiCentro-5_1_T-1       ]	<SUCCESS>	 Time [ms]:	  1585	
2022-12-16 17:04:12,834	Batch Processor	INFO	[ITA_CarpiCentro-6_2_T-1       ]	<SUCCESS>	 Time [ms]:	  1782	
2022-12-16 17:04:12,834	Batch Processor	INFO	[ITA_CarpiCentro-7_1_T-1       ]	<SUCCESS>	 Time [ms]:	  2550	
2022-12-16 17:04:12,835	Batch Processor	INFO	[ITA_CarpiCentro-8_3_T-1       ]	<SUCCESS>	 Time [ms]:	   675	
2022-12-16 17:04:12,836	Batch Processor	INFO	[ITA_Empoli-10_1_T-1           ]	<SUCCESS>	 Time [ms]:	  1061	
2022-12-16 17:04:12,836	Batch Processor	INFO	[ITA_Empoli-18_1_T-1           ]	<SUCCESS>	 Time [ms]:	  1226	
2022-12-16 17:04:12,837	Batch Processor	INFO	[ITA_Empoli-2_4_T-1            ]	<SUCCESS>	 Time [ms]:	  2617	
2022-12-16 17:04:12,838	Batch Processor	INFO	[ITA_Empoli-2_5_T-1            ]	<SUCCESS>	 Time [ms]:	  1474	
2022-12-16 17:04:12,838	Batch Processor	INFO	[ITA_Empoli-3_1_T-1            ]	<SUCCESS>	 Time [ms]:	  2806	
2022-12-16 17:04:12,839	Batch Processor	INFO	[ITA_Empoli-4_2_T-1            ]	<SUCCESS>	 Time [ms]:	  2102	
2022-12-16 17:04:12,840	Batch Processor	INFO	[ITA_Empoli-7_3_T-1            ]	<SUCCESS>	 Time [ms]:	  1595	
2022-12-16 17:04:12,840	Batch Processor	INFO	[ITA_Empoli-8_2_T-1            ]	<SUCCESS>	 Time [ms]:	  1351	
2022-12-16 17:04:12,841	Batch Processor	INFO	[ITA_Foggia-10_1_T-1           ]	<SUCCESS>	 Time [ms]:	  1314	
2022-12-16 17:04:12,842	Batch Processor	INFO	[ITA_Foggia-11_1_T-1           ]	<SUCCESS>	 Time [ms]:	  1186	
2022-12-16 17:04:12,842	Batch Processor	INFO	[ITA_Foggia-12_1_T-1           ]	<FAILURE>	 Time [ms]:	   910
2022-12-16 17:04:12,843	Batch Processor	INFO	[ITA_Foggia-13_1_T-1           ]	<SUCCESS>	 Time [ms]:	  3464	
2022-12-16 17:04:12,843	Batch Processor	INFO	[ITA_Foggia-19_1_T-1           ]	<FAILURE>	 Time [ms]:	   824
2022-12-16 17:04:12,844	Batch Processor	INFO	[ITA_Foggia-1_1_T-1            ]	<SUCCESS>	 Time [ms]:	  1254	
2022-12-16 17:04:12,845	Batch Processor	INFO	[ITA_Foggia-3_1_T-1            ]	<SUCCESS>	 Time [ms]:	  1486	
2022-12-16 17:04:12,845	Batch Processor	INFO	[ITA_Foggia-4_2_T-1            ]	<SUCCESS>	 Time [ms]:	  1493	
2022-12-16 17:04:12,846	Batch Processor	INFO	[ITA_Foggia-5_1_T-1            ]	<SUCCESS>	 Time [ms]:	  2849	
2022-12-16 17:04:12,847	Batch Processor	INFO	[ITA_Foggia-6_1_T-1            ]	<SUCCESS>	 Time [ms]:	  1310	
2022-12-16 17:04:12,847	Batch Processor	INFO	[ITA_Foggia-7_2_T-1            ]	<SUCCESS>	 Time [ms]:	  7384	
2022-12-16 17:04:12,848	Batch Processor	INFO	[ITA_SanGiorgioaCremano-2_1_T-1]	<SUCCESS>	 Time [ms]:	   990	
2022-12-16 17:04:12,849	Batch Processor	INFO	[ITA_SanGiorgioaCremano-3_1_T-1]	<SUCCESS>	 Time [ms]:	  1616	
2022-12-16 17:04:12,849	Batch Processor	INFO	[ITA_Scicli-2_1_T-1            ]	<SUCCESS>	 Time [ms]:	  2773	
2022-12-16 17:04:12,850	Batch Processor	INFO	[ITA_Segrate-1_2_T-1           ]	<SUCCESS>	 Time [ms]:	   911	
2022-12-16 17:04:12,851	Batch Processor	INFO	[ITA_Segrate-2_3_T-1           ]	<SUCCESS>	 Time [ms]:	   722	
2022-12-16 17:04:12,851	Batch Processor	INFO	[ITA_Siderno-10_1_T-1          ]	<SUCCESS>	 Time [ms]:	   936	
2022-12-16 17:04:12,852	Batch Processor	INFO	[ITA_Siderno-2_4_T-1           ]	<SUCCESS>	 Time [ms]:	  1684	
2022-12-16 17:04:12,853	Batch Processor	INFO	[ITA_Siderno-3_2_T-1           ]	<SUCCESS>	 Time [ms]:	   993	
2022-12-16 17:04:12,853	Batch Processor	INFO	[ITA_Siderno-4_3_T-1           ]	<SUCCESS>	 Time [ms]:	  1155	
2022-12-16 17:04:12,854	Batch Processor	INFO	[ITA_Siderno-4_4_T-1           ]	<SUCCESS>	 Time [ms]:	  1104	
2022-12-16 17:04:12,855	Batch Processor	INFO	[ITA_Siderno-5_4_T-1           ]	<SUCCESS>	 Time [ms]:	  1557	
2022-12-16 17:04:12,855	Batch Processor	INFO	[ITA_Siderno-8_4_T-1           ]	<SUCCESS>	 Time [ms]:	  2306	
2022-12-16 17:04:12,856	Batch Processor	INFO	[ITA_Siderno-8_5_T-1           ]	<SUCCESS>	 Time [ms]:	  2049	
2022-12-16 17:04:12,857	Batch Processor	INFO	[PRI_Barceloneta-2_1_T-1       ]	<SUCCESS>	 Time [ms]:	  2477	
2022-12-16 17:04:12,857	Batch Processor	INFO	[PRI_Barceloneta-3_1_T-1       ]	<SUCCESS>	 Time [ms]:	  2108	
2022-12-16 17:04:12,858	Batch Processor	INFO	[PRI_Barceloneta-4_3_T-1       ]	<SUCCESS>	 Time [ms]:	  1447	
2022-12-16 17:04:12,859	Batch Processor	INFO	[PRI_Barceloneta-4_5_T-1       ]	<SUCCESS>	 Time [ms]:	  2217	
2022-12-16 17:04:12,859	Batch Processor	INFO	[RUS_Bicycle-10_1_T-1          ]	<EXCEPTION>	
2022-12-16 17:04:12,860	Batch Processor	INFO	[RUS_Bicycle-11_1_T-1          ]	<EXCEPTION>	
2022-12-16 17:04:12,860	Batch Processor	INFO	[RUS_Bicycle-12_1_T-1          ]	<EXCEPTION>	
2022-12-16 17:04:12,860	Batch Processor	INFO	[RUS_Bicycle-13_1_T-1          ]	<EXCEPTION>	
2022-12-16 17:04:12,861	Batch Processor	INFO	[RUS_Bicycle-14_1_T-1          ]	<EXCEPTION>	
2022-12-16 17:04:12,861	Batch Processor	INFO	[RUS_Bicycle-1_1_T-1           ]	<EXCEPTION>	
2022-12-16 17:04:12,861	Batch Processor	INFO	[RUS_Bicycle-2_1_T-1           ]	<EXCEPTION>	
2022-12-16 17:04:12,862	Batch Processor	INFO	[RUS_Bicycle-3_1_T-1           ]	<EXCEPTION>	
2022-12-16 17:04:12,862	Batch Processor	INFO	[RUS_Bicycle-4_2_T-1           ]	<EXCEPTION>	
2022-12-16 17:04:12,862	Batch Processor	INFO	[RUS_Bicycle-5_1_T-1           ]	<EXCEPTION>	
2022-12-16 17:04:12,863	Batch Processor	INFO	[RUS_Bicycle-6_1_T-1           ]	<EXCEPTION>	
2022-12-16 17:04:12,863	Batch Processor	INFO	[RUS_Bicycle-7_1_T-1           ]	<EXCEPTION>	
2022-12-16 17:04:12,863	Batch Processor	INFO	[RUS_Bicycle-8_1_T-1           ]	<EXCEPTION>	
2022-12-16 17:04:12,864	Batch Processor	INFO	[RUS_Bicycle-9_1_T-1           ]	<EXCEPTION>	
2022-12-16 17:04:12,864	Batch Processor	INFO	[USA_Lanker-1_2_T-1            ]	<EXCEPTION>	
2022-12-16 17:04:12,864	Batch Processor	INFO	[USA_Peach-1_1_T-1             ]	<EXCEPTION>	
2022-12-16 17:04:12,865	Batch Processor	INFO	[USA_Peach-2_1_T-1             ]	<EXCEPTION>	
2022-12-16 17:04:12,865	Batch Processor	INFO	[USA_Peach-3_1_T-1             ]	<EXCEPTION>	
2022-12-16 17:04:12,865	Batch Processor	INFO	[USA_US101-10_4_T-1            ]	<EXCEPTION>	
2022-12-16 17:04:12,866	Batch Processor	INFO	[USA_US101-11_4_T-1            ]	<EXCEPTION>	
2022-12-16 17:04:12,866	Batch Processor	INFO	[USA_US101-12_1_T-1            ]	<EXCEPTION>	
2022-12-16 17:04:12,868	Batch Processor	INFO	[USA_US101-13_4_T-1            ]	<SUCCESS>	 Time [ms]:	 50849	
2022-12-16 17:04:12,868	Batch Processor	INFO	[USA_US101-14_1_T-1            ]	<EXCEPTION>	
2022-12-16 17:04:12,869	Batch Processor	INFO	[USA_US101-15_1_T-1            ]	<EXCEPTION>	
2022-12-16 17:04:12,870	Batch Processor	INFO	[USA_US101-16_2_T-1            ]	<SUCCESS>	 Time [ms]:	  3703	
2022-12-16 17:04:12,870	Batch Processor	INFO	[USA_US101-17_1_T-1            ]	<EXCEPTION>	
2022-12-16 17:04:12,872	Batch Processor	INFO	[USA_US101-18_2_T-1            ]	<SUCCESS>	 Time [ms]:	  7855	
2022-12-16 17:04:12,873	Batch Processor	INFO	[USA_US101-20_2_T-1            ]	<SUCCESS>	 Time [ms]:	 12738	
2022-12-16 17:04:12,874	Batch Processor	INFO	[USA_US101-21_2_T-1            ]	<SUCCESS>	 Time [ms]:	  1199	
2022-12-16 17:04:12,875	Batch Processor	INFO	[USA_US101-22_4_T-1            ]	<EXCEPTION>	
2022-12-16 17:04:12,877	Batch Processor	INFO	[USA_US101-23_2_T-1            ]	<SUCCESS>	 Time [ms]:	  1865	
2022-12-16 17:04:12,879	Batch Processor	INFO	[USA_US101-24_2_T-1            ]	<SUCCESS>	 Time [ms]:	 34127	
2022-12-16 17:04:12,880	Batch Processor	INFO	[USA_US101-25_2_T-1            ]	<SUCCESS>	 Time [ms]:	  1014	
2022-12-16 17:04:12,881	Batch Processor	INFO	[USA_US101-26_2_T-1            ]	<SUCCESS>	 Time [ms]:	  1465	
2022-12-16 17:04:12,882	Batch Processor	INFO	[USA_US101-27_1_T-1            ]	<EXCEPTION>	
2022-12-16 17:04:12,882	Batch Processor	INFO	[USA_US101-28_1_T-1            ]	<EXCEPTION>	
2022-12-16 17:04:12,883	Batch Processor	INFO	[USA_US101-29_1_T-1            ]	<EXCEPTION>	
2022-12-16 17:04:12,883	Batch Processor	INFO	[USA_US101-3_1_T-1             ]	<EXCEPTION>	
2022-12-16 17:04:12,884	Batch Processor	INFO	[USA_US101-3_2_S-1             ]	<EXCEPTION>	
2022-12-16 17:04:12,884	Batch Processor	INFO	[USA_US101-4_1_T-1             ]	<EXCEPTION>	
2022-12-16 17:04:12,884	Batch Processor	INFO	[USA_US101-5_1_T-1             ]	<EXCEPTION>	
2022-12-16 17:04:12,885	Batch Processor	INFO	[USA_US101-6_1_T-1             ]	<EXCEPTION>	
2022-12-16 17:04:12,886	Batch Processor	INFO	[USA_US101-8_4_T-1             ]	<SUCCESS>	 Time [ms]:	  1049	
2022-12-16 17:04:12,887	Batch Processor	INFO	[USA_US101-9_1_T-1             ]	<EXCEPTION>	
2022-12-16 17:04:12,888	Batch Processor	INFO	==============================        Solution found        ==============================
	- ARG_Carcarana-13_1_T-1
	- ARG_Carcarana-5_2_T-1
	- ARG_Carcarana-2_3_T-1
	- BEL_Aarschot-11_1_T-1
	- ARG_Carcarana-7_1_T-1
	- ARG_Carcarana-11_1_T-1
	- BEL_Aarschot-3_1_T-1
	- BEL_Aarschot-5_1_T-1
	- BEL_Aarschot-1_2_T-1
	- ARG_Carcarana-9_2_T-1
	- BEL_Beringen-1_1_T-1
	- BEL_Nivelles-10_1_T-1
	- ARG_Carcarana-3_3_T-1
	- BEL_Nivelles-16_2_T-1
	- BEL_Beringen-8_1_T-1
	- BEL_Nivelles-1_1_T-1
	- BEL_Nivelles-18_2_T-1
	- BEL_Nivelles-3_1_T-1
	- BEL_Nivelles-19_1_T-1
	- BEL_Nivelles-4_2_T-1
	- BEL_Putte-11_2_T-1
	- BEL_Putte-10_2_T-1
	- BEL_Nivelles-20_1_T-1
	- BEL_Nivelles-9_2_T-1
	- BEL_Putte-3_1_T-1
	- BEL_Putte-6_1_T-1
	- BEL_Putte-2_1_T-1
	- BEL_Putte-4_2_T-1
	- BEL_Wervik-1_4_T-1
	- BEL_Zaventem-4_1_T-1
	- BEL_Wervik-2_2_T-1
	- BEL_Wervik-4_1_T-1
	- BEL_Zaventem-3_1_T-1
	- BEL_Zaventem-1_2_T-1
	- BEL_Zaventem-5_3_T-1
	- BEL_Zwevegem-3_1_T-1
	- BEL_Zwevegem-2_3_T-1
	- BEL_Zwevegem-7_2_T-1
	- BEL_Zwevegem-8_4_T-1
	- BEL_Zwevegem-8_1_T-1
	- BEL_Zwevegem-5_2_T-1
	- DEU_Backnang-9_1_T-1
	- DEU_Backnang-4_1_T-1
	- DEU_Backnang-5_1_T-1
	- DEU_Backnang-6_1_T-1
	- DEU_BadEssen-4_1_T-1
	- DEU_BadWaldsee-4_2_T-1
	- DEU_BadEssen-3_1_T-1
	- DEU_BadWaldsee-4_5_T-1
	- DEU_BadWaldsee-1_1_T-1
	- DEU_Backnang-1_2_T-1
	- DEU_Bilderstoeckchen-2_3_T-1
	- DEU_Bilderstoeckchen-4_1_T-1
	- DEU_Flensburg-12_1_T-1
	- DEU_Flensburg-20_1_T-1
	- DEU_Flensburg-25_1_T-1
	- DEU_Flensburg-39_1_T-1
	- DEU_Flensburg-48_1_T-1
	- DEU_Flensburg-43_1_T-1
	- DEU_Flensburg-53_1_T-1
	- DEU_Flensburg-54_1_T-1
	- DEU_Flensburg-55_1_T-1
	- DEU_Flensburg-56_1_T-1
	- DEU_Flensburg-65_1_T-1
	- DEU_Flensburg-59_1_T-1
	- DEU_Flensburg-70_1_T-1
	- DEU_Flensburg-71_1_T-1
	- DEU_Flensburg-73_1_T-1
	- DEU_Flensburg-82_1_T-1
	- DEU_Guetersloh-12_1_T-1
	- DEU_Guetersloh-11_3_T-1
	- DEU_Guetersloh-14_2_T-1
	- DEU_Guetersloh-10_5_T-1
	- DEU_Guetersloh-16_2_T-1
	- DEU_Guetersloh-16_5_T-1
	- DEU_Flensburg-77_1_T-1
	- DEU_Guetersloh-15_2_T-1
	- DEU_Guetersloh-17_2_T-1
	- DEU_Guetersloh-20_1_T-1
	- DEU_Guetersloh-19_1_T-1
	- DEU_Guetersloh-20_3_T-1
	- DEU_Guetersloh-18_1_T-1
	- DEU_Guetersloh-21_1_T-1
	- DEU_Guetersloh-24_1_T-1
	- DEU_Guetersloh-24_3_T-1
	- DEU_Guetersloh-24_2_T-1
	- DEU_Guetersloh-25_2_T-1
	- DEU_Guetersloh-27_1_T-1
	- DEU_Guetersloh-25_4_T-1
	- DEU_Guetersloh-31_4_T-1
	- DEU_Guetersloh-30_1_T-1
	- DEU_Guetersloh-34_2_T-1
	- DEU_Guetersloh-39_3_T-1
	- DEU_Guetersloh-32_3_T-1
	- DEU_Guetersloh-36_1_T-1
	- DEU_Guetersloh-33_1_T-1
	- DEU_Guetersloh-39_5_T-1
	- DEU_Guetersloh-40_4_T-1
	- DEU_Guetersloh-40_5_T-1
	- DEU_Guetersloh-42_1_T-1
	- DEU_Guetersloh-50_1_T-1
	- DEU_Guetersloh-41_1_T-1
	- DEU_Guetersloh-4_5_T-1
	- DEU_Guetersloh-54_1_T-1
	- DEU_Guetersloh-55_1_T-1
	- DEU_Guetersloh-65_2_T-1
	- DEU_Guetersloh-55_3_T-1
	- DEU_Guetersloh-6_3_T-1
	- DEU_Guetersloh-8_1_T-1
	- DEU_Hennigsdorf-11_1_T-1
	- DEU_Hennigsdorf-12_1_T-1
	- DEU_Guetersloh-7_2_T-1
	- DEU_Hennigsdorf-18_2_T-1
	- DEU_Hennigsdorf-13_2_T-1
	- DEU_Hennigsdorf-14_3_T-1
	- DEU_Hennigsdorf-15_3_T-1
	- DEU_Hennigsdorf-3_2_T-1
	- DEU_Hennigsdorf-3_5_T-1
	- DEU_Hennigsdorf-5_1_T-1
	- DEU_Hennigsdorf-9_2_T-1
	- DEU_Ibbenbueren-11_2_T-1
	- DEU_Ibbenbueren-10_2_T-1
	- DEU_Hennigsdorf-7_3_T-1
	- DEU_Ibbenbueren-12_1_T-1
	- DEU_Ibbenbueren-13_3_T-1
	- DEU_Ibbenbueren-16_3_T-1
	- DEU_Ibbenbueren-15_4_T-1
	- DEU_Ibbenbueren-14_1_T-1
	- DEU_Ibbenbueren-16_5_T-1
	- DEU_Ibbenbueren-2_2_T-1
	- DEU_Hennigsdorf-5_4_T-1
	- DEU_Ibbenbueren-3_3_T-1
	- DEU_Ibbenbueren-6_4_T-1
	- DEU_Ibbenbueren-7_1_T-1
	- DEU_Ibbenbueren-6_3_T-1
	- DEU_Ibbenbueren-9_1_T-1
	- DEU_Ibbenbueren-4_2_T-1
	- DEU_Lohmar-20_1_T-1
	- DEU_Lohmar-14_1_T-1
	- DEU_Lohmar-27_1_T-1
	- DEU_Lohmar-33_1_T-1
	- DEU_Lohmar-40_1_T-1
	- DEU_Lohmar-47_1_T-1
	- DEU_Lohmar-50_1_T-1
	- DEU_Lohmar-57_1_T-1
	- DEU_Lohmar-52_1_T-1
	- DEU_Lohmar-63_1_T-1
	- DEU_Lohmar-67_1_T-1
	- DEU_Meckenheim-1_4_T-1
	- DEU_Meckenheim-3_1_T-1
	- DEU_Meckenheim-5_1_T-1
	- DEU_Meckenheim-8_3_T-1
	- DEU_Moabit-1_2_T-1
	- DEU_Meckenheim-8_5_T-1
	- DEU_Moabit-4_1_T-1
	- DEU_Moabit-6_2_T-1
	- DEU_Moelln-10_3_T-1
	- DEU_Moabit-5_2_T-1
	- DEU_Moelln-11_1_T-1
	- DEU_Moelln-12_1_T-1
	- DEU_Moelln-2_1_T-1
	- DEU_Moelln-7_1_T-1
	- DEU_Moelln-6_1_T-1
	- DEU_Moelln-4_3_T-1
	- DEU_Muehlhausen-11_1_T-1
	- DEU_Muehlhausen-14_3_T-1
	- DEU_Muehlhausen-1_3_T-1
	- DEU_Muehlhausen-1_2_T-1
	- DEU_Muehlhausen-4_1_T-1
	- DEU_Moelln-9_1_T-1
	- DEU_Muehlhausen-2_1_T-1
	- DEU_Muehlhausen-5_1_T-1
	- DEU_Muehlhausen-6_1_T-1
	- DEU_Muehlhausen-7_2_T-1
	- DEU_Reutlingen-4_1_T-1
	- DEU_Rheinbach-1_4_T-1
	- DEU_Speyer-2_4_T-1
	- DEU_Rheinbach-5_3_T-1
	- ESP_Almansa-1_1_T-1
	- DEU_Speyer-5_2_T-1
	- ESP_Berga-10_1_T-1
	- ESP_Berga-4_4_T-1
	- ESP_Almansa-6_1_T-1
	- ESP_Berga-9_1_T-1
	- ESP_Berga-6_1_T-1
	- ESP_Cambre-1_1_T-1
	- ESP_Almansa-2_1_T-1
	- ESP_Cambre-2_1_T-1
	- ESP_Cambre-3_1_T-1
	- ESP_Ceuta-10_1_T-1
	- ESP_Ceuta-15_2_T-1
	- ESP_Ceuta-3_2_T-1
	- ESP_Ceuta-4_1_T-1
	- ESP_Ceuta-1_2_T-1
	- ESP_Ceuta-7_1_T-1
	- ESP_Inca-7_1_T-1
	- ESP_Ceuta-8_1_T-1
	- ESP_Ceuta-2_1_T-1
	- ESP_Monzon-2_1_T-1
	- ESP_Monzon-5_1_T-1
	- ESP_Monzon-7_2_T-1
	- ESP_Monzon-7_3_T-1
	- ESP_Monzon-6_1_T-1
	- ESP_PriegodeCordoba-2_3_T-1
	- ESP_PriegodeCordoba-3_1_T-1
	- ESP_Monzon-3_1_T-1
	- ESP_PriegodeCordoba-6_1_T-1
	- ESP_SantBoideLlobregat-14_1_T-1
	- ESP_Monzon-9_1_T-1
	- ESP_SantBoideLlobregat-14_4_T-1
	- ESP_SantBoideLlobregat-18_2_T-1
	- ESP_Requena-6_2_T-1
	- ESP_SantBoideLlobregat-19_1_T-1
	- ESP_SantBoideLlobregat-24_1_T-1
	- ESP_SantBoideLlobregat-3_1_T-1
	- ESP_SantBoideLlobregat-23_2_T-1
	- ESP_SantBoideLlobregat-8_5_T-1
	- ESP_SantBoideLlobregat-6_2_T-1
	- ESP_Toledo-10_2_T-1
	- ESP_Toledo-10_1_T-1
	- ESP_Toledo-11_1_T-1
	- ESP_SantBoideLlobregat-8_1_T-1
	- ESP_Toledo-11_5_T-1
	- ESP_Toledo-23_1_T-1
	- ESP_Toledo-22_1_T-1
	- ESP_Toledo-5_1_T-1
	- ESP_Toledo-9_1_T-1
	- FRA_Anglet-1_2_T-1
	- ESP_Toledo-6_2_T-1
	- ESP_Toledo-8_1_T-1
	- FRA_Miramas-1_1_T-1
	- FRA_Miramas-3_1_T-1
	- FRA_Miramas-2_1_T-1
	- FRA_Anglet-3_2_T-1
	- FRA_Miramas-5_1_T-1
	- FRA_Miramas-9_1_T-1
	- FRA_MoissyCramayel-2_1_T-1
	- GRC_Perama-2_1_T-1
	- FRA_MoissyCramayel-1_1_T-1
	- FRA_Sete-1_1_T-1
	- GRC_Perama-3_2_T-1
	- FRA_MoissyCramayel-4_1_T-1
	- HRV_Pula-12_3_T-1
	- GRC_Perama-4_3_T-1
	- HRV_Pula-13_2_T-1
	- HRV_Pula-15_1_T-1
	- HRV_Pula-10_1_T-1
	- HRV_Pula-19_2_T-1
	- HRV_Pula-18_1_T-1
	- HRV_Pula-23_1_T-1
	- HRV_Pula-21_1_T-1
	- HRV_Pula-24_1_T-1
	- HRV_Pula-22_1_T-1
	- HRV_Pula-25_1_T-1
	- HRV_Pula-27_2_T-1
	- HRV_Pula-29_3_T-1
	- HRV_Pula-31_1_T-1
	- HRV_Pula-33_2_T-1
	- HRV_Pula-32_2_T-1
	- HRV_Pula-6_2_T-1
	- HRV_Pula-5_2_T-1
	- HRV_Pula-5_3_T-1
	- HRV_Pula-9_2_T-1
	- HRV_Pula-9_4_T-1
	- HRV_Pula-8_3_T-1
	- ITA_CarpiCentro-1_3_T-1
	- HRV_Pula-7_2_T-1
	- ITA_CarpiCentro-3_1_T-1
	- ITA_CarpiCentro-5_1_T-1
	- ITA_CarpiCentro-6_2_T-1
	- ITA_CarpiCentro-2_4_T-1
	- ITA_CarpiCentro-8_3_T-1
	- ITA_Empoli-10_1_T-1
	- ITA_CarpiCentro-7_1_T-1
	- ITA_Empoli-18_1_T-1
	- ITA_Empoli-2_5_T-1
	- ITA_Empoli-2_4_T-1
	- ITA_Empoli-3_1_T-1
	- ITA_Empoli-7_3_T-1
	- ITA_Empoli-8_2_T-1
	- ITA_Empoli-4_2_T-1
	- GRC_Perama-7_1_T-1
	- ITA_Foggia-11_1_T-1
	- ITA_Foggia-10_1_T-1
	- ITA_Foggia-3_1_T-1
	- ITA_Foggia-1_1_T-1
	- ITA_Foggia-4_2_T-1
	- ITA_Foggia-6_1_T-1
	- ITA_SanGiorgioaCremano-2_1_T-1
	- ITA_Foggia-13_1_T-1
	- ITA_Foggia-5_1_T-1
	- ITA_SanGiorgioaCremano-3_1_T-1
	- ITA_Segrate-1_2_T-1
	- ITA_Segrate-2_3_T-1
	- ITA_Siderno-10_1_T-1
	- ITA_Siderno-3_2_T-1
	- ITA_Scicli-2_1_T-1
	- ITA_Siderno-4_3_T-1
	- ITA_Siderno-2_4_T-1
	- ITA_Siderno-4_4_T-1
	- ITA_Siderno-5_4_T-1
	- ITA_Foggia-7_2_T-1
	- ITA_Siderno-8_5_T-1
	- ITA_Siderno-8_4_T-1
	- PRI_Barceloneta-4_3_T-1
	- PRI_Barceloneta-2_1_T-1
	- PRI_Barceloneta-3_1_T-1
	- PRI_Barceloneta-4_5_T-1
	- USA_US101-21_2_T-1
	- USA_US101-16_2_T-1
	- USA_US101-25_2_T-1
	- USA_US101-18_2_T-1
	- USA_US101-23_2_T-1
	- USA_US101-20_2_T-1
	- USA_US101-26_2_T-1
	- USA_US101-8_4_T-1
	- USA_US101-24_2_T-1
	- USA_US101-13_4_T-1
2022-12-16 17:04:12,888	Batch Processor	INFO	==============================      Solution not found      ==============================
	- ARG_Carcarana-8_4_T-1
	- BEL_Aarschot-6_1_T-1
	- BEL_Putte-14_3_T-1
	- BEL_Putte-17_1_T-1
	- DEU_Flensburg-64_1_T-1
	- DEU_Guetersloh-10_4_T-1
	- DEU_Lohmar-19_1_T-1
	- DEU_Lohmar-28_1_T-1
	- DEU_Speyer-2_1_T-1
	- ESP_Ceuta-11_1_T-1
	- ESP_Ceuta-5_1_T-1
	- ESP_Inca-3_2_T-1
	- ESP_SantBoideLlobregat-22_3_T-1
	- ESP_SantBoideLlobregat-4_1_T-1
	- FRA_Anglet-2_1_T-1
	- GRC_Perama-1_1_T-1
	- ITA_Foggia-12_1_T-1
	- ITA_Foggia-19_1_T-1
2022-12-16 17:04:12,889	Batch Processor	INFO	==============================      Exception occurred      ==============================
	- DEU_Flensburg-10_1_T-1
	- DEU_Flensburg-16_1_T-1
	- DEU_Flensburg-14_1_T-1
	- DEU_Flensburg-11_1_T-1
	- DEU_Flensburg-17_1_T-1
	- DEU_Flensburg-18_1_T-1
	- DEU_Flensburg-19_1_T-1
	- DEU_Flensburg-21_1_T-1
	- DEU_Flensburg-22_1_T-1
	- DEU_Flensburg-23_1_T-1
	- DEU_Flensburg-24_1_T-1
	- DEU_Flensburg-26_1_T-1
	- DEU_Flensburg-27_1_T-1
	- DEU_Flensburg-13_1_T-1
	- DEU_Flensburg-29_1_T-1
	- DEU_Flensburg-30_1_T-1
	- DEU_Flensburg-28_1_T-1
	- DEU_Flensburg-33_1_T-1
	- DEU_Flensburg-32_1_T-1
	- DEU_Flensburg-35_1_T-1
	- DEU_Flensburg-31_1_T-1
	- DEU_Flensburg-2_1_T-1
	- DEU_Flensburg-37_1_T-1
	- DEU_Flensburg-38_1_T-1
	- DEU_Flensburg-34_1_T-1
	- DEU_Flensburg-40_1_T-1
	- DEU_Flensburg-41_1_T-1
	- DEU_Flensburg-42_1_T-1
	- DEU_Flensburg-44_1_T-1
	- DEU_Flensburg-45_1_T-1
	- DEU_Flensburg-36_1_T-1
	- DEU_Flensburg-47_1_T-1
	- DEU_Flensburg-46_1_T-1
	- DEU_Flensburg-49_1_T-1
	- DEU_Flensburg-52_1_T-1
	- DEU_Flensburg-50_1_T-1
	- DEU_Flensburg-51_1_T-1
	- DEU_Flensburg-57_1_T-1
	- DEU_Flensburg-58_1_T-1
	- DEU_Flensburg-60_1_T-1
	- DEU_Flensburg-63_1_T-1
	- DEU_Flensburg-61_1_T-1
	- DEU_Flensburg-62_1_T-1
	- DEU_Flensburg-68_1_T-1
	- DEU_Flensburg-67_1_T-1
	- DEU_Flensburg-69_1_T-1
	- DEU_Flensburg-72_1_T-1
	- DEU_Flensburg-66_1_T-1
	- DEU_Flensburg-74_1_T-1
	- DEU_Flensburg-75_1_T-1
	- DEU_Flensburg-79_1_T-1
	- DEU_Flensburg-78_1_T-1
	- DEU_Flensburg-80_1_T-1
	- DEU_Flensburg-81_1_T-1
	- DEU_Flensburg-83_1_T-1
	- DEU_Flensburg-76_1_T-1
	- DEU_Flensburg-85_1_T-1
	- DEU_Flensburg-84_1_T-1
	- DEU_Flensburg-87_1_T-1
	- DEU_Flensburg-88_1_T-1
	- DEU_Flensburg-86_1_T-1
	- DEU_Flensburg-89_1_T-1
	- DEU_Flensburg-90_1_T-1
	- DEU_Flensburg-91_1_T-1
	- DEU_Flensburg-92_1_T-1
	- DEU_Flensburg-93_1_T-1
	- DEU_Flensburg-95_1_T-1
	- DEU_Flensburg-97_1_T-1
	- DEU_Flensburg-98_1_T-1
	- DEU_Flensburg-96_1_T-1
	- DEU_Flensburg-99_1_T-1
	- DEU_Flensburg-94_1_T-1
	- DEU_Lohmar-10_1_T-1
	- DEU_Lohmar-11_1_T-1
	- DEU_Lohmar-12_1_T-1
	- DEU_Lohmar-15_1_T-1
	- DEU_Lohmar-16_1_T-1
	- DEU_Lohmar-13_1_T-1
	- DEU_Lohmar-21_1_T-1
	- DEU_Lohmar-18_1_T-1
	- DEU_Lohmar-23_1_T-1
	- DEU_Lohmar-24_1_T-1
	- DEU_Lohmar-22_1_T-1
	- DEU_Lohmar-25_1_T-1
	- DEU_Lohmar-30_1_T-1
	- DEU_Lohmar-32_1_T-1
	- DEU_Lohmar-34_1_T-1
	- DEU_Lohmar-35_1_T-1
	- DEU_Lohmar-26_1_T-1
	- DEU_Lohmar-37_1_T-1
	- DEU_Lohmar-38_1_T-1
	- DEU_Lohmar-39_1_T-1
	- DEU_Lohmar-41_1_T-1
	- DEU_Lohmar-42_1_T-1
	- DEU_Lohmar-43_1_T-1
	- DEU_Lohmar-44_1_T-1
	- DEU_Lohmar-45_1_T-1
	- DEU_Lohmar-46_1_T-1
	- DEU_Lohmar-48_1_T-1
	- DEU_Lohmar-49_1_T-1
	- DEU_Lohmar-51_1_T-1
	- DEU_Lohmar-36_1_T-1
	- DEU_Lohmar-54_1_T-1
	- DEU_Lohmar-55_1_T-1
	- DEU_Lohmar-56_1_T-1
	- DEU_Lohmar-58_1_T-1
	- DEU_Lohmar-59_1_T-1
	- DEU_Lohmar-60_1_T-1
	- DEU_Lohmar-61_1_T-1
	- DEU_Lohmar-64_1_T-1
	- DEU_Lohmar-65_1_T-1
	- DEU_Lohmar-53_1_T-1
	- DEU_Lohmar-68_1_T-1
	- DEU_Lohmar-69_1_T-1
	- DEU_Lohmar-8_1_T-1
	- DEU_Lohmar-9_1_T-1
	- DEU_Lohmar-70_1_T-1
	- DEU_Reutlingen-3_1_T-1
	- DEU_Reutlingen-1_1_T-1
	- DEU_Reutlingen-5_1_T-1
	- DEU_Reutlingen-6_1_T-1
	- DEU_Lohmar-66_1_T-1
	- RUS_Bicycle-10_1_T-1
	- RUS_Bicycle-11_1_T-1
	- RUS_Bicycle-12_1_T-1
	- RUS_Bicycle-13_1_T-1
	- RUS_Bicycle-14_1_T-1
	- RUS_Bicycle-1_1_T-1
	- RUS_Bicycle-2_1_T-1
	- RUS_Bicycle-3_1_T-1
	- RUS_Bicycle-4_2_T-1
	- RUS_Bicycle-6_1_T-1
	- RUS_Bicycle-5_1_T-1
	- RUS_Bicycle-7_1_T-1
	- RUS_Bicycle-8_1_T-1
	- RUS_Bicycle-9_1_T-1
	- USA_Peach-1_1_T-1
	- USA_Peach-3_1_T-1
	- USA_Peach-2_1_T-1
	- USA_Lanker-1_2_T-1
	- USA_US101-11_4_T-1
	- USA_US101-10_4_T-1
	- USA_US101-14_1_T-1
	- USA_US101-12_1_T-1
	- USA_US101-15_1_T-1
	- USA_US101-17_1_T-1
	- USA_US101-22_4_T-1
	- USA_US101-27_1_T-1
	- USA_US101-29_1_T-1
	- USA_US101-28_1_T-1
	- USA_US101-3_2_S-1
	- USA_US101-3_1_T-1
	- USA_US101-4_1_T-1
	- USA_US101-5_1_T-1
	- USA_US101-6_1_T-1
	- USA_US101-9_1_T-1
2022-12-16 17:04:12,889	Batch Processor	INFO	==============================           Time out           ==============================
	- DEU_Flensburg-15_1_T-1
	- DEU_Lohmar-17_1_T-1
	- DEU_Lohmar-29_1_T-1
	- DEU_Lohmar-31_1_T-1
	- DEU_Lohmar-62_1_T-1
	- DEU_Luckenwalde-1_1_T-1
	- DEU_Reutlingen-2_1_T-1
2022-12-16 17:04:12,890	Batch Processor	INFO	
==============================        Result Summary        ==============================
2022-12-16 17:04:12,890	Batch Processor	INFO	Total number of scenarios:  	       500
2022-12-16 17:04:12,890	Batch Processor	INFO	Solution found:               	       318
2022-12-16 17:04:12,891	Batch Processor	INFO	Solution found but invalid:   	         0
2022-12-16 17:04:12,891	Batch Processor	INFO	Solution not found:           	        18
2022-12-16 17:04:12,891	Batch Processor	INFO	Exception occurred:           	       156
2022-12-16 17:04:12,892	Batch Processor	INFO	Time out:                     	         7
